[2024-04-06T04:59:56.449+0000] {processor.py:161} INFO - Started process (PID=45) to work on /home/airflow/.local/lib/python3.8/site-packages/airflow/example_dags/example_external_task_marker_dag.py
[2024-04-06T04:59:56.451+0000] {processor.py:830} INFO - Processing file /home/airflow/.local/lib/python3.8/site-packages/airflow/example_dags/example_external_task_marker_dag.py for tasks to queue
[2024-04-06T04:59:56.454+0000] {logging_mixin.py:188} INFO - [2024-04-06T04:59:56.454+0000] {dagbag.py:540} INFO - Filling up the DagBag from /home/airflow/.local/lib/python3.8/site-packages/airflow/example_dags/example_external_task_marker_dag.py
[2024-04-06T04:59:56.469+0000] {processor.py:840} INFO - DAG(s) 'example_external_task_marker_child', 'example_external_task_marker_parent' retrieved from /home/airflow/.local/lib/python3.8/site-packages/airflow/example_dags/example_external_task_marker_dag.py
[2024-04-06T04:59:57.055+0000] {logging_mixin.py:188} INFO - [2024-04-06T04:59:57.055+0000] {override.py:1769} INFO - Created Permission View: can edit on DAG:example_external_task_marker_child
[2024-04-06T04:59:57.072+0000] {logging_mixin.py:188} INFO - [2024-04-06T04:59:57.071+0000] {override.py:1769} INFO - Created Permission View: can read on DAG:example_external_task_marker_child
[2024-04-06T04:59:57.126+0000] {logging_mixin.py:188} INFO - [2024-04-06T04:59:57.125+0000] {override.py:1769} INFO - Created Permission View: can delete on DAG:example_external_task_marker_child
[2024-04-06T04:59:57.146+0000] {logging_mixin.py:188} INFO - [2024-04-06T04:59:57.146+0000] {override.py:1769} INFO - Created Permission View: can edit on DAG:example_external_task_marker_parent
[2024-04-06T04:59:57.159+0000] {logging_mixin.py:188} INFO - [2024-04-06T04:59:57.158+0000] {override.py:1769} INFO - Created Permission View: can read on DAG:example_external_task_marker_parent
[2024-04-06T04:59:57.291+0000] {logging_mixin.py:188} INFO - [2024-04-06T04:59:57.291+0000] {override.py:1769} INFO - Created Permission View: can delete on DAG:example_external_task_marker_parent
[2024-04-06T04:59:57.292+0000] {logging_mixin.py:188} INFO - [2024-04-06T04:59:57.292+0000] {dag.py:3047} INFO - Sync 2 DAGs
[2024-04-06T04:59:57.310+0000] {logging_mixin.py:188} INFO - [2024-04-06T04:59:57.309+0000] {dag.py:3069} INFO - Creating ORM DAG for example_external_task_marker_child
[2024-04-06T04:59:57.311+0000] {logging_mixin.py:188} INFO - [2024-04-06T04:59:57.311+0000] {dag.py:3069} INFO - Creating ORM DAG for example_external_task_marker_parent
[2024-04-06T04:59:57.313+0000] {logging_mixin.py:188} INFO - [2024-04-06T04:59:57.312+0000] {dag.py:3834} INFO - Setting next_dagrun for example_external_task_marker_child to None, run_after=None
[2024-04-06T04:59:57.314+0000] {logging_mixin.py:188} INFO - [2024-04-06T04:59:57.314+0000] {dag.py:3834} INFO - Setting next_dagrun for example_external_task_marker_parent to None, run_after=None
[2024-04-06T04:59:57.366+0000] {processor.py:183} INFO - Processing /home/airflow/.local/lib/python3.8/site-packages/airflow/example_dags/example_external_task_marker_dag.py took 0.922 seconds
[2024-04-06T05:00:28.019+0000] {processor.py:161} INFO - Started process (PID=44) to work on /home/airflow/.local/lib/python3.8/site-packages/airflow/example_dags/example_external_task_marker_dag.py
[2024-04-06T05:00:28.020+0000] {processor.py:830} INFO - Processing file /home/airflow/.local/lib/python3.8/site-packages/airflow/example_dags/example_external_task_marker_dag.py for tasks to queue
[2024-04-06T05:00:28.022+0000] {logging_mixin.py:188} INFO - [2024-04-06T05:00:28.021+0000] {dagbag.py:540} INFO - Filling up the DagBag from /home/airflow/.local/lib/python3.8/site-packages/airflow/example_dags/example_external_task_marker_dag.py
[2024-04-06T05:00:28.030+0000] {processor.py:840} INFO - DAG(s) 'example_external_task_marker_child', 'example_external_task_marker_parent' retrieved from /home/airflow/.local/lib/python3.8/site-packages/airflow/example_dags/example_external_task_marker_dag.py
[2024-04-06T05:00:28.055+0000] {logging_mixin.py:188} INFO - [2024-04-06T05:00:28.055+0000] {dag.py:3047} INFO - Sync 2 DAGs
[2024-04-06T05:00:28.068+0000] {logging_mixin.py:188} INFO - [2024-04-06T05:00:28.068+0000] {dag.py:3834} INFO - Setting next_dagrun for example_external_task_marker_child to None, run_after=None
[2024-04-06T05:00:28.073+0000] {logging_mixin.py:188} INFO - [2024-04-06T05:00:28.072+0000] {dag.py:3834} INFO - Setting next_dagrun for example_external_task_marker_parent to None, run_after=None
[2024-04-06T05:00:28.102+0000] {processor.py:183} INFO - Processing /home/airflow/.local/lib/python3.8/site-packages/airflow/example_dags/example_external_task_marker_dag.py took 0.087 seconds
[2024-04-06T05:00:58.647+0000] {processor.py:161} INFO - Started process (PID=99) to work on /home/airflow/.local/lib/python3.8/site-packages/airflow/example_dags/example_external_task_marker_dag.py
[2024-04-06T05:00:58.649+0000] {processor.py:830} INFO - Processing file /home/airflow/.local/lib/python3.8/site-packages/airflow/example_dags/example_external_task_marker_dag.py for tasks to queue
[2024-04-06T05:00:58.651+0000] {logging_mixin.py:188} INFO - [2024-04-06T05:00:58.651+0000] {dagbag.py:540} INFO - Filling up the DagBag from /home/airflow/.local/lib/python3.8/site-packages/airflow/example_dags/example_external_task_marker_dag.py
[2024-04-06T05:00:58.659+0000] {processor.py:840} INFO - DAG(s) 'example_external_task_marker_child', 'example_external_task_marker_parent' retrieved from /home/airflow/.local/lib/python3.8/site-packages/airflow/example_dags/example_external_task_marker_dag.py
[2024-04-06T05:00:58.688+0000] {logging_mixin.py:188} INFO - [2024-04-06T05:00:58.688+0000] {dag.py:3047} INFO - Sync 2 DAGs
[2024-04-06T05:00:58.703+0000] {logging_mixin.py:188} INFO - [2024-04-06T05:00:58.702+0000] {dag.py:3834} INFO - Setting next_dagrun for example_external_task_marker_child to None, run_after=None
[2024-04-06T05:00:58.708+0000] {logging_mixin.py:188} INFO - [2024-04-06T05:00:58.708+0000] {dag.py:3834} INFO - Setting next_dagrun for example_external_task_marker_parent to None, run_after=None
[2024-04-06T05:00:58.731+0000] {processor.py:183} INFO - Processing /home/airflow/.local/lib/python3.8/site-packages/airflow/example_dags/example_external_task_marker_dag.py took 0.088 seconds
[2024-04-06T05:01:29.161+0000] {processor.py:161} INFO - Started process (PID=155) to work on /home/airflow/.local/lib/python3.8/site-packages/airflow/example_dags/example_external_task_marker_dag.py
[2024-04-06T05:01:29.162+0000] {processor.py:830} INFO - Processing file /home/airflow/.local/lib/python3.8/site-packages/airflow/example_dags/example_external_task_marker_dag.py for tasks to queue
[2024-04-06T05:01:29.165+0000] {logging_mixin.py:188} INFO - [2024-04-06T05:01:29.164+0000] {dagbag.py:540} INFO - Filling up the DagBag from /home/airflow/.local/lib/python3.8/site-packages/airflow/example_dags/example_external_task_marker_dag.py
[2024-04-06T05:01:29.172+0000] {processor.py:840} INFO - DAG(s) 'example_external_task_marker_parent', 'example_external_task_marker_child' retrieved from /home/airflow/.local/lib/python3.8/site-packages/airflow/example_dags/example_external_task_marker_dag.py
[2024-04-06T05:01:29.200+0000] {logging_mixin.py:188} INFO - [2024-04-06T05:01:29.200+0000] {dag.py:3047} INFO - Sync 2 DAGs
[2024-04-06T05:01:29.217+0000] {logging_mixin.py:188} INFO - [2024-04-06T05:01:29.217+0000] {dag.py:3834} INFO - Setting next_dagrun for example_external_task_marker_child to None, run_after=None
[2024-04-06T05:01:29.223+0000] {logging_mixin.py:188} INFO - [2024-04-06T05:01:29.222+0000] {dag.py:3834} INFO - Setting next_dagrun for example_external_task_marker_parent to None, run_after=None
[2024-04-06T05:01:29.252+0000] {processor.py:183} INFO - Processing /home/airflow/.local/lib/python3.8/site-packages/airflow/example_dags/example_external_task_marker_dag.py took 0.095 seconds
[2024-04-06T05:01:59.622+0000] {processor.py:161} INFO - Started process (PID=210) to work on /home/airflow/.local/lib/python3.8/site-packages/airflow/example_dags/example_external_task_marker_dag.py
[2024-04-06T05:01:59.623+0000] {processor.py:830} INFO - Processing file /home/airflow/.local/lib/python3.8/site-packages/airflow/example_dags/example_external_task_marker_dag.py for tasks to queue
[2024-04-06T05:01:59.625+0000] {logging_mixin.py:188} INFO - [2024-04-06T05:01:59.625+0000] {dagbag.py:540} INFO - Filling up the DagBag from /home/airflow/.local/lib/python3.8/site-packages/airflow/example_dags/example_external_task_marker_dag.py
[2024-04-06T05:01:59.632+0000] {processor.py:840} INFO - DAG(s) 'example_external_task_marker_parent', 'example_external_task_marker_child' retrieved from /home/airflow/.local/lib/python3.8/site-packages/airflow/example_dags/example_external_task_marker_dag.py
[2024-04-06T05:01:59.664+0000] {logging_mixin.py:188} INFO - [2024-04-06T05:01:59.663+0000] {dag.py:3047} INFO - Sync 2 DAGs
[2024-04-06T05:01:59.679+0000] {logging_mixin.py:188} INFO - [2024-04-06T05:01:59.679+0000] {dag.py:3834} INFO - Setting next_dagrun for example_external_task_marker_child to None, run_after=None
[2024-04-06T05:01:59.685+0000] {logging_mixin.py:188} INFO - [2024-04-06T05:01:59.684+0000] {dag.py:3834} INFO - Setting next_dagrun for example_external_task_marker_parent to None, run_after=None
[2024-04-06T05:01:59.712+0000] {processor.py:183} INFO - Processing /home/airflow/.local/lib/python3.8/site-packages/airflow/example_dags/example_external_task_marker_dag.py took 0.095 seconds
[2024-04-06T05:02:29.983+0000] {processor.py:161} INFO - Started process (PID=265) to work on /home/airflow/.local/lib/python3.8/site-packages/airflow/example_dags/example_external_task_marker_dag.py
[2024-04-06T05:02:29.985+0000] {processor.py:830} INFO - Processing file /home/airflow/.local/lib/python3.8/site-packages/airflow/example_dags/example_external_task_marker_dag.py for tasks to queue
[2024-04-06T05:02:29.987+0000] {logging_mixin.py:188} INFO - [2024-04-06T05:02:29.987+0000] {dagbag.py:540} INFO - Filling up the DagBag from /home/airflow/.local/lib/python3.8/site-packages/airflow/example_dags/example_external_task_marker_dag.py
[2024-04-06T05:02:29.994+0000] {processor.py:840} INFO - DAG(s) 'example_external_task_marker_child', 'example_external_task_marker_parent' retrieved from /home/airflow/.local/lib/python3.8/site-packages/airflow/example_dags/example_external_task_marker_dag.py
[2024-04-06T05:02:30.025+0000] {logging_mixin.py:188} INFO - [2024-04-06T05:02:30.024+0000] {dag.py:3047} INFO - Sync 2 DAGs
[2024-04-06T05:02:30.042+0000] {logging_mixin.py:188} INFO - [2024-04-06T05:02:30.042+0000] {dag.py:3834} INFO - Setting next_dagrun for example_external_task_marker_child to None, run_after=None
[2024-04-06T05:02:30.047+0000] {logging_mixin.py:188} INFO - [2024-04-06T05:02:30.047+0000] {dag.py:3834} INFO - Setting next_dagrun for example_external_task_marker_parent to None, run_after=None
[2024-04-06T05:02:30.074+0000] {processor.py:183} INFO - Processing /home/airflow/.local/lib/python3.8/site-packages/airflow/example_dags/example_external_task_marker_dag.py took 0.095 seconds
