[2024-04-06T04:59:54.319+0000] {processor.py:161} INFO - Started process (PID=37) to work on /home/airflow/.local/lib/python3.8/site-packages/airflow/example_dags/example_python_operator.py
[2024-04-06T04:59:54.321+0000] {processor.py:830} INFO - Processing file /home/airflow/.local/lib/python3.8/site-packages/airflow/example_dags/example_python_operator.py for tasks to queue
[2024-04-06T04:59:54.325+0000] {logging_mixin.py:188} INFO - [2024-04-06T04:59:54.324+0000] {dagbag.py:540} INFO - Filling up the DagBag from /home/airflow/.local/lib/python3.8/site-packages/airflow/example_dags/example_python_operator.py
[2024-04-06T04:59:54.354+0000] {processor.py:840} INFO - DAG(s) 'example_python_operator' retrieved from /home/airflow/.local/lib/python3.8/site-packages/airflow/example_dags/example_python_operator.py
[2024-04-06T04:59:54.548+0000] {logging_mixin.py:188} INFO - [2024-04-06T04:59:54.547+0000] {override.py:1769} INFO - Created Permission View: can edit on DAG:example_python_operator
[2024-04-06T04:59:54.581+0000] {logging_mixin.py:188} INFO - [2024-04-06T04:59:54.580+0000] {override.py:1769} INFO - Created Permission View: can read on DAG:example_python_operator
[2024-04-06T04:59:54.625+0000] {logging_mixin.py:188} INFO - [2024-04-06T04:59:54.624+0000] {override.py:1769} INFO - Created Permission View: can delete on DAG:example_python_operator
[2024-04-06T04:59:54.626+0000] {logging_mixin.py:188} INFO - [2024-04-06T04:59:54.626+0000] {dag.py:3047} INFO - Sync 1 DAGs
[2024-04-06T04:59:54.648+0000] {logging_mixin.py:188} INFO - [2024-04-06T04:59:54.647+0000] {dag.py:3069} INFO - Creating ORM DAG for example_python_operator
[2024-04-06T04:59:54.649+0000] {logging_mixin.py:188} INFO - [2024-04-06T04:59:54.649+0000] {dag.py:3834} INFO - Setting next_dagrun for example_python_operator to None, run_after=None
[2024-04-06T04:59:54.693+0000] {processor.py:183} INFO - Processing /home/airflow/.local/lib/python3.8/site-packages/airflow/example_dags/example_python_operator.py took 0.380 seconds
[2024-04-06T05:00:26.442+0000] {processor.py:161} INFO - Started process (PID=36) to work on /home/airflow/.local/lib/python3.8/site-packages/airflow/example_dags/example_python_operator.py
[2024-04-06T05:00:26.443+0000] {processor.py:830} INFO - Processing file /home/airflow/.local/lib/python3.8/site-packages/airflow/example_dags/example_python_operator.py for tasks to queue
[2024-04-06T05:00:26.445+0000] {logging_mixin.py:188} INFO - [2024-04-06T05:00:26.445+0000] {dagbag.py:540} INFO - Filling up the DagBag from /home/airflow/.local/lib/python3.8/site-packages/airflow/example_dags/example_python_operator.py
[2024-04-06T05:00:26.463+0000] {processor.py:840} INFO - DAG(s) 'example_python_operator' retrieved from /home/airflow/.local/lib/python3.8/site-packages/airflow/example_dags/example_python_operator.py
[2024-04-06T05:00:26.591+0000] {logging_mixin.py:188} INFO - [2024-04-06T05:00:26.591+0000] {dag.py:3047} INFO - Sync 1 DAGs
[2024-04-06T05:00:26.603+0000] {logging_mixin.py:188} INFO - [2024-04-06T05:00:26.603+0000] {dag.py:3834} INFO - Setting next_dagrun for example_python_operator to None, run_after=None
[2024-04-06T05:00:26.636+0000] {processor.py:183} INFO - Processing /home/airflow/.local/lib/python3.8/site-packages/airflow/example_dags/example_python_operator.py took 0.198 seconds
[2024-04-06T05:00:57.103+0000] {processor.py:161} INFO - Started process (PID=91) to work on /home/airflow/.local/lib/python3.8/site-packages/airflow/example_dags/example_python_operator.py
[2024-04-06T05:00:57.104+0000] {processor.py:830} INFO - Processing file /home/airflow/.local/lib/python3.8/site-packages/airflow/example_dags/example_python_operator.py for tasks to queue
[2024-04-06T05:00:57.107+0000] {logging_mixin.py:188} INFO - [2024-04-06T05:00:57.106+0000] {dagbag.py:540} INFO - Filling up the DagBag from /home/airflow/.local/lib/python3.8/site-packages/airflow/example_dags/example_python_operator.py
[2024-04-06T05:00:57.118+0000] {processor.py:840} INFO - DAG(s) 'example_python_operator' retrieved from /home/airflow/.local/lib/python3.8/site-packages/airflow/example_dags/example_python_operator.py
[2024-04-06T05:00:57.144+0000] {logging_mixin.py:188} INFO - [2024-04-06T05:00:57.144+0000] {dag.py:3047} INFO - Sync 1 DAGs
[2024-04-06T05:00:57.161+0000] {logging_mixin.py:188} INFO - [2024-04-06T05:00:57.160+0000] {dag.py:3834} INFO - Setting next_dagrun for example_python_operator to None, run_after=None
[2024-04-06T05:00:57.187+0000] {processor.py:183} INFO - Processing /home/airflow/.local/lib/python3.8/site-packages/airflow/example_dags/example_python_operator.py took 0.089 seconds
[2024-04-06T05:01:27.638+0000] {processor.py:161} INFO - Started process (PID=147) to work on /home/airflow/.local/lib/python3.8/site-packages/airflow/example_dags/example_python_operator.py
[2024-04-06T05:01:27.639+0000] {processor.py:830} INFO - Processing file /home/airflow/.local/lib/python3.8/site-packages/airflow/example_dags/example_python_operator.py for tasks to queue
[2024-04-06T05:01:27.641+0000] {logging_mixin.py:188} INFO - [2024-04-06T05:01:27.641+0000] {dagbag.py:540} INFO - Filling up the DagBag from /home/airflow/.local/lib/python3.8/site-packages/airflow/example_dags/example_python_operator.py
[2024-04-06T05:01:27.653+0000] {processor.py:840} INFO - DAG(s) 'example_python_operator' retrieved from /home/airflow/.local/lib/python3.8/site-packages/airflow/example_dags/example_python_operator.py
[2024-04-06T05:01:27.679+0000] {logging_mixin.py:188} INFO - [2024-04-06T05:01:27.679+0000] {dag.py:3047} INFO - Sync 1 DAGs
[2024-04-06T05:01:27.694+0000] {logging_mixin.py:188} INFO - [2024-04-06T05:01:27.694+0000] {dag.py:3834} INFO - Setting next_dagrun for example_python_operator to None, run_after=None
[2024-04-06T05:01:27.721+0000] {processor.py:183} INFO - Processing /home/airflow/.local/lib/python3.8/site-packages/airflow/example_dags/example_python_operator.py took 0.088 seconds
[2024-04-06T05:01:58.079+0000] {processor.py:161} INFO - Started process (PID=202) to work on /home/airflow/.local/lib/python3.8/site-packages/airflow/example_dags/example_python_operator.py
[2024-04-06T05:01:58.081+0000] {processor.py:830} INFO - Processing file /home/airflow/.local/lib/python3.8/site-packages/airflow/example_dags/example_python_operator.py for tasks to queue
[2024-04-06T05:01:58.083+0000] {logging_mixin.py:188} INFO - [2024-04-06T05:01:58.083+0000] {dagbag.py:540} INFO - Filling up the DagBag from /home/airflow/.local/lib/python3.8/site-packages/airflow/example_dags/example_python_operator.py
[2024-04-06T05:01:58.097+0000] {processor.py:840} INFO - DAG(s) 'example_python_operator' retrieved from /home/airflow/.local/lib/python3.8/site-packages/airflow/example_dags/example_python_operator.py
[2024-04-06T05:01:58.124+0000] {logging_mixin.py:188} INFO - [2024-04-06T05:01:58.124+0000] {dag.py:3047} INFO - Sync 1 DAGs
[2024-04-06T05:01:58.140+0000] {logging_mixin.py:188} INFO - [2024-04-06T05:01:58.139+0000] {dag.py:3834} INFO - Setting next_dagrun for example_python_operator to None, run_after=None
[2024-04-06T05:01:58.170+0000] {processor.py:183} INFO - Processing /home/airflow/.local/lib/python3.8/site-packages/airflow/example_dags/example_python_operator.py took 0.095 seconds
[2024-04-06T05:02:28.455+0000] {processor.py:161} INFO - Started process (PID=257) to work on /home/airflow/.local/lib/python3.8/site-packages/airflow/example_dags/example_python_operator.py
[2024-04-06T05:02:28.456+0000] {processor.py:830} INFO - Processing file /home/airflow/.local/lib/python3.8/site-packages/airflow/example_dags/example_python_operator.py for tasks to queue
[2024-04-06T05:02:28.459+0000] {logging_mixin.py:188} INFO - [2024-04-06T05:02:28.458+0000] {dagbag.py:540} INFO - Filling up the DagBag from /home/airflow/.local/lib/python3.8/site-packages/airflow/example_dags/example_python_operator.py
[2024-04-06T05:02:28.472+0000] {processor.py:840} INFO - DAG(s) 'example_python_operator' retrieved from /home/airflow/.local/lib/python3.8/site-packages/airflow/example_dags/example_python_operator.py
[2024-04-06T05:02:28.499+0000] {logging_mixin.py:188} INFO - [2024-04-06T05:02:28.499+0000] {dag.py:3047} INFO - Sync 1 DAGs
[2024-04-06T05:02:28.513+0000] {logging_mixin.py:188} INFO - [2024-04-06T05:02:28.513+0000] {dag.py:3834} INFO - Setting next_dagrun for example_python_operator to None, run_after=None
[2024-04-06T05:02:28.538+0000] {processor.py:183} INFO - Processing /home/airflow/.local/lib/python3.8/site-packages/airflow/example_dags/example_python_operator.py took 0.087 seconds
