[2024-04-06T05:00:00.614+0000] {processor.py:161} INFO - Started process (PID=59) to work on /home/airflow/.local/lib/python3.8/site-packages/airflow/example_dags/example_sla_dag.py
[2024-04-06T05:00:00.616+0000] {processor.py:830} INFO - Processing file /home/airflow/.local/lib/python3.8/site-packages/airflow/example_dags/example_sla_dag.py for tasks to queue
[2024-04-06T05:00:00.619+0000] {logging_mixin.py:188} INFO - [2024-04-06T05:00:00.619+0000] {dagbag.py:540} INFO - Filling up the DagBag from /home/airflow/.local/lib/python3.8/site-packages/airflow/example_dags/example_sla_dag.py
[2024-04-06T05:00:00.646+0000] {processor.py:840} INFO - DAG(s) 'example_sla_dag' retrieved from /home/airflow/.local/lib/python3.8/site-packages/airflow/example_dags/example_sla_dag.py
[2024-04-06T05:00:00.865+0000] {logging_mixin.py:188} INFO - [2024-04-06T05:00:00.864+0000] {override.py:1769} INFO - Created Permission View: can edit on DAG:example_sla_dag
[2024-04-06T05:00:05.286+0000] {logging_mixin.py:188} INFO - [2024-04-06T05:00:05.285+0000] {override.py:1769} INFO - Created Permission View: can read on DAG:example_sla_dag
[2024-04-06T05:00:05.395+0000] {logging_mixin.py:188} INFO - [2024-04-06T05:00:05.394+0000] {override.py:1769} INFO - Created Permission View: can delete on DAG:example_sla_dag
[2024-04-06T05:00:05.397+0000] {logging_mixin.py:188} INFO - [2024-04-06T05:00:05.397+0000] {dag.py:3047} INFO - Sync 1 DAGs
[2024-04-06T05:00:05.441+0000] {logging_mixin.py:188} INFO - [2024-04-06T05:00:05.441+0000] {dag.py:3069} INFO - Creating ORM DAG for example_sla_dag
[2024-04-06T05:00:05.476+0000] {logging_mixin.py:188} INFO - [2024-04-06T05:00:05.474+0000] {dag.py:3834} INFO - Setting next_dagrun for example_sla_dag to 2024-04-06 04:58:00+00:00, run_after=2024-04-06 05:00:00+00:00
[2024-04-06T05:00:05.530+0000] {processor.py:183} INFO - Processing /home/airflow/.local/lib/python3.8/site-packages/airflow/example_dags/example_sla_dag.py took 4.922 seconds
[2024-04-06T05:00:29.076+0000] {processor.py:161} INFO - Started process (PID=58) to work on /home/airflow/.local/lib/python3.8/site-packages/airflow/example_dags/example_sla_dag.py
[2024-04-06T05:00:29.077+0000] {processor.py:830} INFO - Processing file /home/airflow/.local/lib/python3.8/site-packages/airflow/example_dags/example_sla_dag.py for tasks to queue
[2024-04-06T05:00:29.078+0000] {logging_mixin.py:188} INFO - [2024-04-06T05:00:29.078+0000] {dagbag.py:540} INFO - Filling up the DagBag from /home/airflow/.local/lib/python3.8/site-packages/airflow/example_dags/example_sla_dag.py
[2024-04-06T05:00:29.087+0000] {processor.py:840} INFO - DAG(s) 'example_sla_dag' retrieved from /home/airflow/.local/lib/python3.8/site-packages/airflow/example_dags/example_sla_dag.py
[2024-04-06T05:00:29.101+0000] {logging_mixin.py:188} INFO - [2024-04-06T05:00:29.101+0000] {dag.py:3047} INFO - Sync 1 DAGs
[2024-04-06T05:00:29.127+0000] {logging_mixin.py:188} INFO - [2024-04-06T05:00:29.127+0000] {dag.py:3834} INFO - Setting next_dagrun for example_sla_dag to 2024-04-06 04:58:00+00:00, run_after=2024-04-06 05:00:00+00:00
[2024-04-06T05:00:29.159+0000] {processor.py:183} INFO - Processing /home/airflow/.local/lib/python3.8/site-packages/airflow/example_dags/example_sla_dag.py took 0.087 seconds
[2024-04-06T05:00:59.713+0000] {processor.py:161} INFO - Started process (PID=113) to work on /home/airflow/.local/lib/python3.8/site-packages/airflow/example_dags/example_sla_dag.py
[2024-04-06T05:00:59.715+0000] {processor.py:830} INFO - Processing file /home/airflow/.local/lib/python3.8/site-packages/airflow/example_dags/example_sla_dag.py for tasks to queue
[2024-04-06T05:00:59.717+0000] {logging_mixin.py:188} INFO - [2024-04-06T05:00:59.717+0000] {dagbag.py:540} INFO - Filling up the DagBag from /home/airflow/.local/lib/python3.8/site-packages/airflow/example_dags/example_sla_dag.py
[2024-04-06T05:00:59.727+0000] {processor.py:840} INFO - DAG(s) 'example_sla_dag' retrieved from /home/airflow/.local/lib/python3.8/site-packages/airflow/example_dags/example_sla_dag.py
[2024-04-06T05:00:59.753+0000] {logging_mixin.py:188} INFO - [2024-04-06T05:00:59.753+0000] {dag.py:3047} INFO - Sync 1 DAGs
[2024-04-06T05:00:59.784+0000] {logging_mixin.py:188} INFO - [2024-04-06T05:00:59.784+0000] {dag.py:3834} INFO - Setting next_dagrun for example_sla_dag to 2024-04-06 04:58:00+00:00, run_after=2024-04-06 05:00:00+00:00
[2024-04-06T05:00:59.811+0000] {processor.py:183} INFO - Processing /home/airflow/.local/lib/python3.8/site-packages/airflow/example_dags/example_sla_dag.py took 0.101 seconds
[2024-04-06T05:01:30.233+0000] {processor.py:161} INFO - Started process (PID=169) to work on /home/airflow/.local/lib/python3.8/site-packages/airflow/example_dags/example_sla_dag.py
[2024-04-06T05:01:30.234+0000] {processor.py:830} INFO - Processing file /home/airflow/.local/lib/python3.8/site-packages/airflow/example_dags/example_sla_dag.py for tasks to queue
[2024-04-06T05:01:30.236+0000] {logging_mixin.py:188} INFO - [2024-04-06T05:01:30.235+0000] {dagbag.py:540} INFO - Filling up the DagBag from /home/airflow/.local/lib/python3.8/site-packages/airflow/example_dags/example_sla_dag.py
[2024-04-06T05:01:30.244+0000] {processor.py:840} INFO - DAG(s) 'example_sla_dag' retrieved from /home/airflow/.local/lib/python3.8/site-packages/airflow/example_dags/example_sla_dag.py
[2024-04-06T05:01:30.270+0000] {logging_mixin.py:188} INFO - [2024-04-06T05:01:30.269+0000] {dag.py:3047} INFO - Sync 1 DAGs
[2024-04-06T05:01:30.298+0000] {logging_mixin.py:188} INFO - [2024-04-06T05:01:30.297+0000] {dag.py:3834} INFO - Setting next_dagrun for example_sla_dag to 2024-04-06 04:58:00+00:00, run_after=2024-04-06 05:00:00+00:00
[2024-04-06T05:01:30.325+0000] {processor.py:183} INFO - Processing /home/airflow/.local/lib/python3.8/site-packages/airflow/example_dags/example_sla_dag.py took 0.096 seconds
[2024-04-06T05:02:00.707+0000] {processor.py:161} INFO - Started process (PID=224) to work on /home/airflow/.local/lib/python3.8/site-packages/airflow/example_dags/example_sla_dag.py
[2024-04-06T05:02:00.709+0000] {processor.py:830} INFO - Processing file /home/airflow/.local/lib/python3.8/site-packages/airflow/example_dags/example_sla_dag.py for tasks to queue
[2024-04-06T05:02:00.711+0000] {logging_mixin.py:188} INFO - [2024-04-06T05:02:00.711+0000] {dagbag.py:540} INFO - Filling up the DagBag from /home/airflow/.local/lib/python3.8/site-packages/airflow/example_dags/example_sla_dag.py
[2024-04-06T05:02:00.723+0000] {processor.py:840} INFO - DAG(s) 'example_sla_dag' retrieved from /home/airflow/.local/lib/python3.8/site-packages/airflow/example_dags/example_sla_dag.py
[2024-04-06T05:02:00.751+0000] {logging_mixin.py:188} INFO - [2024-04-06T05:02:00.751+0000] {dag.py:3047} INFO - Sync 1 DAGs
[2024-04-06T05:02:00.780+0000] {logging_mixin.py:188} INFO - [2024-04-06T05:02:00.780+0000] {dag.py:3834} INFO - Setting next_dagrun for example_sla_dag to 2024-04-06 05:00:00+00:00, run_after=2024-04-06 05:02:00+00:00
[2024-04-06T05:02:00.808+0000] {processor.py:183} INFO - Processing /home/airflow/.local/lib/python3.8/site-packages/airflow/example_dags/example_sla_dag.py took 0.104 seconds
[2024-04-06T05:02:31.171+0000] {processor.py:161} INFO - Started process (PID=279) to work on /home/airflow/.local/lib/python3.8/site-packages/airflow/example_dags/example_sla_dag.py
[2024-04-06T05:02:31.172+0000] {processor.py:830} INFO - Processing file /home/airflow/.local/lib/python3.8/site-packages/airflow/example_dags/example_sla_dag.py for tasks to queue
[2024-04-06T05:02:31.174+0000] {logging_mixin.py:188} INFO - [2024-04-06T05:02:31.174+0000] {dagbag.py:540} INFO - Filling up the DagBag from /home/airflow/.local/lib/python3.8/site-packages/airflow/example_dags/example_sla_dag.py
[2024-04-06T05:02:31.183+0000] {processor.py:840} INFO - DAG(s) 'example_sla_dag' retrieved from /home/airflow/.local/lib/python3.8/site-packages/airflow/example_dags/example_sla_dag.py
[2024-04-06T05:02:31.204+0000] {logging_mixin.py:188} INFO - [2024-04-06T05:02:31.203+0000] {dag.py:3047} INFO - Sync 1 DAGs
[2024-04-06T05:02:31.230+0000] {logging_mixin.py:188} INFO - [2024-04-06T05:02:31.229+0000] {dag.py:3834} INFO - Setting next_dagrun for example_sla_dag to 2024-04-06 05:00:00+00:00, run_after=2024-04-06 05:02:00+00:00
[2024-04-06T05:02:31.253+0000] {processor.py:183} INFO - Processing /home/airflow/.local/lib/python3.8/site-packages/airflow/example_dags/example_sla_dag.py took 0.085 seconds
