[2024-04-06T04:59:54.768+0000] {processor.py:161} INFO - Started process (PID=38) to work on /home/airflow/.local/lib/python3.8/site-packages/airflow/example_dags/example_xcomargs.py
[2024-04-06T04:59:54.770+0000] {processor.py:830} INFO - Processing file /home/airflow/.local/lib/python3.8/site-packages/airflow/example_dags/example_xcomargs.py for tasks to queue
[2024-04-06T04:59:54.774+0000] {logging_mixin.py:188} INFO - [2024-04-06T04:59:54.773+0000] {dagbag.py:540} INFO - Filling up the DagBag from /home/airflow/.local/lib/python3.8/site-packages/airflow/example_dags/example_xcomargs.py
[2024-04-06T04:59:54.819+0000] {processor.py:840} INFO - DAG(s) 'example_xcom_args_with_operators', 'example_xcom_args' retrieved from /home/airflow/.local/lib/python3.8/site-packages/airflow/example_dags/example_xcomargs.py
[2024-04-06T04:59:54.998+0000] {logging_mixin.py:188} INFO - [2024-04-06T04:59:54.997+0000] {override.py:1769} INFO - Created Permission View: can edit on DAG:example_xcom_args_with_operators
[2024-04-06T04:59:55.034+0000] {logging_mixin.py:188} INFO - [2024-04-06T04:59:55.033+0000] {override.py:1769} INFO - Created Permission View: can read on DAG:example_xcom_args_with_operators
[2024-04-06T04:59:55.045+0000] {logging_mixin.py:188} INFO - [2024-04-06T04:59:55.044+0000] {override.py:1769} INFO - Created Permission View: can delete on DAG:example_xcom_args_with_operators
[2024-04-06T04:59:55.083+0000] {logging_mixin.py:188} INFO - [2024-04-06T04:59:55.083+0000] {override.py:1769} INFO - Created Permission View: can edit on DAG:example_xcom_args
[2024-04-06T04:59:55.116+0000] {logging_mixin.py:188} INFO - [2024-04-06T04:59:55.116+0000] {override.py:1769} INFO - Created Permission View: can read on DAG:example_xcom_args
[2024-04-06T04:59:55.129+0000] {logging_mixin.py:188} INFO - [2024-04-06T04:59:55.129+0000] {override.py:1769} INFO - Created Permission View: can delete on DAG:example_xcom_args
[2024-04-06T04:59:55.130+0000] {logging_mixin.py:188} INFO - [2024-04-06T04:59:55.130+0000] {dag.py:3047} INFO - Sync 2 DAGs
[2024-04-06T04:59:55.146+0000] {logging_mixin.py:188} INFO - [2024-04-06T04:59:55.146+0000] {dag.py:3069} INFO - Creating ORM DAG for example_xcom_args_with_operators
[2024-04-06T04:59:55.147+0000] {logging_mixin.py:188} INFO - [2024-04-06T04:59:55.147+0000] {dag.py:3069} INFO - Creating ORM DAG for example_xcom_args
[2024-04-06T04:59:55.148+0000] {logging_mixin.py:188} INFO - [2024-04-06T04:59:55.148+0000] {dag.py:3834} INFO - Setting next_dagrun for example_xcom_args to None, run_after=None
[2024-04-06T04:59:55.150+0000] {logging_mixin.py:188} INFO - [2024-04-06T04:59:55.150+0000] {dag.py:3834} INFO - Setting next_dagrun for example_xcom_args_with_operators to None, run_after=None
[2024-04-06T04:59:55.179+0000] {processor.py:183} INFO - Processing /home/airflow/.local/lib/python3.8/site-packages/airflow/example_dags/example_xcomargs.py took 0.419 seconds
[2024-04-06T05:00:26.498+0000] {processor.py:161} INFO - Started process (PID=37) to work on /home/airflow/.local/lib/python3.8/site-packages/airflow/example_dags/example_xcomargs.py
[2024-04-06T05:00:26.499+0000] {processor.py:830} INFO - Processing file /home/airflow/.local/lib/python3.8/site-packages/airflow/example_dags/example_xcomargs.py for tasks to queue
[2024-04-06T05:00:26.502+0000] {logging_mixin.py:188} INFO - [2024-04-06T05:00:26.501+0000] {dagbag.py:540} INFO - Filling up the DagBag from /home/airflow/.local/lib/python3.8/site-packages/airflow/example_dags/example_xcomargs.py
[2024-04-06T05:00:26.515+0000] {processor.py:840} INFO - DAG(s) 'example_xcom_args', 'example_xcom_args_with_operators' retrieved from /home/airflow/.local/lib/python3.8/site-packages/airflow/example_dags/example_xcomargs.py
[2024-04-06T05:00:26.550+0000] {logging_mixin.py:188} INFO - [2024-04-06T05:00:26.550+0000] {dag.py:3047} INFO - Sync 2 DAGs
[2024-04-06T05:00:26.564+0000] {logging_mixin.py:188} INFO - [2024-04-06T05:00:26.564+0000] {dag.py:3834} INFO - Setting next_dagrun for example_xcom_args to None, run_after=None
[2024-04-06T05:00:26.571+0000] {logging_mixin.py:188} INFO - [2024-04-06T05:00:26.570+0000] {dag.py:3834} INFO - Setting next_dagrun for example_xcom_args_with_operators to None, run_after=None
[2024-04-06T05:00:26.611+0000] {processor.py:183} INFO - Processing /home/airflow/.local/lib/python3.8/site-packages/airflow/example_dags/example_xcomargs.py took 0.117 seconds
[2024-04-06T05:00:57.204+0000] {processor.py:161} INFO - Started process (PID=92) to work on /home/airflow/.local/lib/python3.8/site-packages/airflow/example_dags/example_xcomargs.py
[2024-04-06T05:00:57.206+0000] {processor.py:830} INFO - Processing file /home/airflow/.local/lib/python3.8/site-packages/airflow/example_dags/example_xcomargs.py for tasks to queue
[2024-04-06T05:00:57.208+0000] {logging_mixin.py:188} INFO - [2024-04-06T05:00:57.208+0000] {dagbag.py:540} INFO - Filling up the DagBag from /home/airflow/.local/lib/python3.8/site-packages/airflow/example_dags/example_xcomargs.py
[2024-04-06T05:00:57.217+0000] {processor.py:840} INFO - DAG(s) 'example_xcom_args', 'example_xcom_args_with_operators' retrieved from /home/airflow/.local/lib/python3.8/site-packages/airflow/example_dags/example_xcomargs.py
[2024-04-06T05:00:57.243+0000] {logging_mixin.py:188} INFO - [2024-04-06T05:00:57.243+0000] {dag.py:3047} INFO - Sync 2 DAGs
[2024-04-06T05:00:57.257+0000] {logging_mixin.py:188} INFO - [2024-04-06T05:00:57.257+0000] {dag.py:3834} INFO - Setting next_dagrun for example_xcom_args to None, run_after=None
[2024-04-06T05:00:57.262+0000] {logging_mixin.py:188} INFO - [2024-04-06T05:00:57.262+0000] {dag.py:3834} INFO - Setting next_dagrun for example_xcom_args_with_operators to None, run_after=None
[2024-04-06T05:00:57.284+0000] {processor.py:183} INFO - Processing /home/airflow/.local/lib/python3.8/site-packages/airflow/example_dags/example_xcomargs.py took 0.083 seconds
[2024-04-06T05:01:27.740+0000] {processor.py:161} INFO - Started process (PID=148) to work on /home/airflow/.local/lib/python3.8/site-packages/airflow/example_dags/example_xcomargs.py
[2024-04-06T05:01:27.742+0000] {processor.py:830} INFO - Processing file /home/airflow/.local/lib/python3.8/site-packages/airflow/example_dags/example_xcomargs.py for tasks to queue
[2024-04-06T05:01:27.744+0000] {logging_mixin.py:188} INFO - [2024-04-06T05:01:27.744+0000] {dagbag.py:540} INFO - Filling up the DagBag from /home/airflow/.local/lib/python3.8/site-packages/airflow/example_dags/example_xcomargs.py
[2024-04-06T05:01:27.757+0000] {processor.py:840} INFO - DAG(s) 'example_xcom_args_with_operators', 'example_xcom_args' retrieved from /home/airflow/.local/lib/python3.8/site-packages/airflow/example_dags/example_xcomargs.py
[2024-04-06T05:01:27.785+0000] {logging_mixin.py:188} INFO - [2024-04-06T05:01:27.785+0000] {dag.py:3047} INFO - Sync 2 DAGs
[2024-04-06T05:01:27.802+0000] {logging_mixin.py:188} INFO - [2024-04-06T05:01:27.801+0000] {dag.py:3834} INFO - Setting next_dagrun for example_xcom_args to None, run_after=None
[2024-04-06T05:01:27.807+0000] {logging_mixin.py:188} INFO - [2024-04-06T05:01:27.806+0000] {dag.py:3834} INFO - Setting next_dagrun for example_xcom_args_with_operators to None, run_after=None
[2024-04-06T05:01:27.830+0000] {processor.py:183} INFO - Processing /home/airflow/.local/lib/python3.8/site-packages/airflow/example_dags/example_xcomargs.py took 0.094 seconds
[2024-04-06T05:01:58.177+0000] {processor.py:161} INFO - Started process (PID=203) to work on /home/airflow/.local/lib/python3.8/site-packages/airflow/example_dags/example_xcomargs.py
[2024-04-06T05:01:58.178+0000] {processor.py:830} INFO - Processing file /home/airflow/.local/lib/python3.8/site-packages/airflow/example_dags/example_xcomargs.py for tasks to queue
[2024-04-06T05:01:58.181+0000] {logging_mixin.py:188} INFO - [2024-04-06T05:01:58.181+0000] {dagbag.py:540} INFO - Filling up the DagBag from /home/airflow/.local/lib/python3.8/site-packages/airflow/example_dags/example_xcomargs.py
[2024-04-06T05:01:58.191+0000] {processor.py:840} INFO - DAG(s) 'example_xcom_args', 'example_xcom_args_with_operators' retrieved from /home/airflow/.local/lib/python3.8/site-packages/airflow/example_dags/example_xcomargs.py
[2024-04-06T05:01:58.220+0000] {logging_mixin.py:188} INFO - [2024-04-06T05:01:58.220+0000] {dag.py:3047} INFO - Sync 2 DAGs
[2024-04-06T05:01:58.236+0000] {logging_mixin.py:188} INFO - [2024-04-06T05:01:58.236+0000] {dag.py:3834} INFO - Setting next_dagrun for example_xcom_args to None, run_after=None
[2024-04-06T05:01:58.241+0000] {logging_mixin.py:188} INFO - [2024-04-06T05:01:58.241+0000] {dag.py:3834} INFO - Setting next_dagrun for example_xcom_args_with_operators to None, run_after=None
[2024-04-06T05:01:58.264+0000] {processor.py:183} INFO - Processing /home/airflow/.local/lib/python3.8/site-packages/airflow/example_dags/example_xcomargs.py took 0.091 seconds
[2024-04-06T05:02:28.552+0000] {processor.py:161} INFO - Started process (PID=258) to work on /home/airflow/.local/lib/python3.8/site-packages/airflow/example_dags/example_xcomargs.py
[2024-04-06T05:02:28.554+0000] {processor.py:830} INFO - Processing file /home/airflow/.local/lib/python3.8/site-packages/airflow/example_dags/example_xcomargs.py for tasks to queue
[2024-04-06T05:02:28.556+0000] {logging_mixin.py:188} INFO - [2024-04-06T05:02:28.556+0000] {dagbag.py:540} INFO - Filling up the DagBag from /home/airflow/.local/lib/python3.8/site-packages/airflow/example_dags/example_xcomargs.py
[2024-04-06T05:02:28.569+0000] {processor.py:840} INFO - DAG(s) 'example_xcom_args_with_operators', 'example_xcom_args' retrieved from /home/airflow/.local/lib/python3.8/site-packages/airflow/example_dags/example_xcomargs.py
[2024-04-06T05:02:28.600+0000] {logging_mixin.py:188} INFO - [2024-04-06T05:02:28.600+0000] {dag.py:3047} INFO - Sync 2 DAGs
[2024-04-06T05:02:28.617+0000] {logging_mixin.py:188} INFO - [2024-04-06T05:02:28.616+0000] {dag.py:3834} INFO - Setting next_dagrun for example_xcom_args to None, run_after=None
[2024-04-06T05:02:28.621+0000] {logging_mixin.py:188} INFO - [2024-04-06T05:02:28.621+0000] {dag.py:3834} INFO - Setting next_dagrun for example_xcom_args_with_operators to None, run_after=None
[2024-04-06T05:02:28.645+0000] {processor.py:183} INFO - Processing /home/airflow/.local/lib/python3.8/site-packages/airflow/example_dags/example_xcomargs.py took 0.097 seconds
