[2024-04-06T04:59:59.728+0000] {processor.py:161} INFO - Started process (PID=55) to work on /home/airflow/.local/lib/python3.8/site-packages/airflow/example_dags/example_kubernetes_executor.py
[2024-04-06T04:59:59.729+0000] {processor.py:830} INFO - Processing file /home/airflow/.local/lib/python3.8/site-packages/airflow/example_dags/example_kubernetes_executor.py for tasks to queue
[2024-04-06T04:59:59.732+0000] {logging_mixin.py:188} INFO - [2024-04-06T04:59:59.732+0000] {dagbag.py:540} INFO - Filling up the DagBag from /home/airflow/.local/lib/python3.8/site-packages/airflow/example_dags/example_kubernetes_executor.py
[2024-04-06T04:59:59.778+0000] {processor.py:840} INFO - DAG(s) 'example_kubernetes_executor' retrieved from /home/airflow/.local/lib/python3.8/site-packages/airflow/example_dags/example_kubernetes_executor.py
[2024-04-06T05:00:00.014+0000] {logging_mixin.py:188} INFO - [2024-04-06T05:00:00.013+0000] {override.py:1769} INFO - Created Permission View: can edit on DAG:example_kubernetes_executor
[2024-04-06T05:00:00.045+0000] {logging_mixin.py:188} INFO - [2024-04-06T05:00:00.044+0000] {override.py:1769} INFO - Created Permission View: can read on DAG:example_kubernetes_executor
[2024-04-06T05:00:00.087+0000] {logging_mixin.py:188} INFO - [2024-04-06T05:00:00.086+0000] {override.py:1769} INFO - Created Permission View: can delete on DAG:example_kubernetes_executor
[2024-04-06T05:00:00.089+0000] {logging_mixin.py:188} INFO - [2024-04-06T05:00:00.088+0000] {dag.py:3047} INFO - Sync 1 DAGs
[2024-04-06T05:00:00.111+0000] {logging_mixin.py:188} INFO - [2024-04-06T05:00:00.110+0000] {dag.py:3069} INFO - Creating ORM DAG for example_kubernetes_executor
[2024-04-06T05:00:00.112+0000] {logging_mixin.py:188} INFO - [2024-04-06T05:00:00.112+0000] {dag.py:3834} INFO - Setting next_dagrun for example_kubernetes_executor to None, run_after=None
[2024-04-06T05:00:00.176+0000] {processor.py:183} INFO - Processing /home/airflow/.local/lib/python3.8/site-packages/airflow/example_dags/example_kubernetes_executor.py took 0.453 seconds
[2024-04-06T05:00:28.805+0000] {processor.py:161} INFO - Started process (PID=54) to work on /home/airflow/.local/lib/python3.8/site-packages/airflow/example_dags/example_kubernetes_executor.py
[2024-04-06T05:00:28.806+0000] {processor.py:830} INFO - Processing file /home/airflow/.local/lib/python3.8/site-packages/airflow/example_dags/example_kubernetes_executor.py for tasks to queue
[2024-04-06T05:00:28.808+0000] {logging_mixin.py:188} INFO - [2024-04-06T05:00:28.808+0000] {dagbag.py:540} INFO - Filling up the DagBag from /home/airflow/.local/lib/python3.8/site-packages/airflow/example_dags/example_kubernetes_executor.py
[2024-04-06T05:00:28.826+0000] {processor.py:840} INFO - DAG(s) 'example_kubernetes_executor' retrieved from /home/airflow/.local/lib/python3.8/site-packages/airflow/example_dags/example_kubernetes_executor.py
[2024-04-06T05:00:28.843+0000] {logging_mixin.py:188} INFO - [2024-04-06T05:00:28.843+0000] {dag.py:3047} INFO - Sync 1 DAGs
[2024-04-06T05:00:28.858+0000] {logging_mixin.py:188} INFO - [2024-04-06T05:00:28.858+0000] {dag.py:3834} INFO - Setting next_dagrun for example_kubernetes_executor to None, run_after=None
[2024-04-06T05:00:28.888+0000] {processor.py:183} INFO - Processing /home/airflow/.local/lib/python3.8/site-packages/airflow/example_dags/example_kubernetes_executor.py took 0.087 seconds
[2024-04-06T05:00:59.386+0000] {processor.py:161} INFO - Started process (PID=109) to work on /home/airflow/.local/lib/python3.8/site-packages/airflow/example_dags/example_kubernetes_executor.py
[2024-04-06T05:00:59.387+0000] {processor.py:830} INFO - Processing file /home/airflow/.local/lib/python3.8/site-packages/airflow/example_dags/example_kubernetes_executor.py for tasks to queue
[2024-04-06T05:00:59.390+0000] {logging_mixin.py:188} INFO - [2024-04-06T05:00:59.389+0000] {dagbag.py:540} INFO - Filling up the DagBag from /home/airflow/.local/lib/python3.8/site-packages/airflow/example_dags/example_kubernetes_executor.py
[2024-04-06T05:00:59.410+0000] {processor.py:840} INFO - DAG(s) 'example_kubernetes_executor' retrieved from /home/airflow/.local/lib/python3.8/site-packages/airflow/example_dags/example_kubernetes_executor.py
[2024-04-06T05:00:59.456+0000] {logging_mixin.py:188} INFO - [2024-04-06T05:00:59.456+0000] {dag.py:3047} INFO - Sync 1 DAGs
[2024-04-06T05:00:59.473+0000] {logging_mixin.py:188} INFO - [2024-04-06T05:00:59.473+0000] {dag.py:3834} INFO - Setting next_dagrun for example_kubernetes_executor to None, run_after=None
[2024-04-06T05:00:59.499+0000] {processor.py:183} INFO - Processing /home/airflow/.local/lib/python3.8/site-packages/airflow/example_dags/example_kubernetes_executor.py took 0.117 seconds
[2024-04-06T05:01:29.938+0000] {processor.py:161} INFO - Started process (PID=165) to work on /home/airflow/.local/lib/python3.8/site-packages/airflow/example_dags/example_kubernetes_executor.py
[2024-04-06T05:01:29.940+0000] {processor.py:830} INFO - Processing file /home/airflow/.local/lib/python3.8/site-packages/airflow/example_dags/example_kubernetes_executor.py for tasks to queue
[2024-04-06T05:01:29.942+0000] {logging_mixin.py:188} INFO - [2024-04-06T05:01:29.942+0000] {dagbag.py:540} INFO - Filling up the DagBag from /home/airflow/.local/lib/python3.8/site-packages/airflow/example_dags/example_kubernetes_executor.py
[2024-04-06T05:01:29.963+0000] {processor.py:840} INFO - DAG(s) 'example_kubernetes_executor' retrieved from /home/airflow/.local/lib/python3.8/site-packages/airflow/example_dags/example_kubernetes_executor.py
[2024-04-06T05:01:30.006+0000] {logging_mixin.py:188} INFO - [2024-04-06T05:01:30.006+0000] {dag.py:3047} INFO - Sync 1 DAGs
[2024-04-06T05:01:30.021+0000] {logging_mixin.py:188} INFO - [2024-04-06T05:01:30.020+0000] {dag.py:3834} INFO - Setting next_dagrun for example_kubernetes_executor to None, run_after=None
[2024-04-06T05:01:30.045+0000] {processor.py:183} INFO - Processing /home/airflow/.local/lib/python3.8/site-packages/airflow/example_dags/example_kubernetes_executor.py took 0.110 seconds
[2024-04-06T05:02:00.395+0000] {processor.py:161} INFO - Started process (PID=220) to work on /home/airflow/.local/lib/python3.8/site-packages/airflow/example_dags/example_kubernetes_executor.py
[2024-04-06T05:02:00.397+0000] {processor.py:830} INFO - Processing file /home/airflow/.local/lib/python3.8/site-packages/airflow/example_dags/example_kubernetes_executor.py for tasks to queue
[2024-04-06T05:02:00.399+0000] {logging_mixin.py:188} INFO - [2024-04-06T05:02:00.399+0000] {dagbag.py:540} INFO - Filling up the DagBag from /home/airflow/.local/lib/python3.8/site-packages/airflow/example_dags/example_kubernetes_executor.py
[2024-04-06T05:02:00.424+0000] {processor.py:840} INFO - DAG(s) 'example_kubernetes_executor' retrieved from /home/airflow/.local/lib/python3.8/site-packages/airflow/example_dags/example_kubernetes_executor.py
[2024-04-06T05:02:00.473+0000] {logging_mixin.py:188} INFO - [2024-04-06T05:02:00.473+0000] {dag.py:3047} INFO - Sync 1 DAGs
[2024-04-06T05:02:00.493+0000] {logging_mixin.py:188} INFO - [2024-04-06T05:02:00.493+0000] {dag.py:3834} INFO - Setting next_dagrun for example_kubernetes_executor to None, run_after=None
[2024-04-06T05:02:00.519+0000] {processor.py:183} INFO - Processing /home/airflow/.local/lib/python3.8/site-packages/airflow/example_dags/example_kubernetes_executor.py took 0.129 seconds
[2024-04-06T05:02:30.762+0000] {processor.py:161} INFO - Started process (PID=275) to work on /home/airflow/.local/lib/python3.8/site-packages/airflow/example_dags/example_kubernetes_executor.py
[2024-04-06T05:02:30.763+0000] {processor.py:830} INFO - Processing file /home/airflow/.local/lib/python3.8/site-packages/airflow/example_dags/example_kubernetes_executor.py for tasks to queue
[2024-04-06T05:02:30.765+0000] {logging_mixin.py:188} INFO - [2024-04-06T05:02:30.764+0000] {dagbag.py:540} INFO - Filling up the DagBag from /home/airflow/.local/lib/python3.8/site-packages/airflow/example_dags/example_kubernetes_executor.py
[2024-04-06T05:02:30.779+0000] {processor.py:840} INFO - DAG(s) 'example_kubernetes_executor' retrieved from /home/airflow/.local/lib/python3.8/site-packages/airflow/example_dags/example_kubernetes_executor.py
[2024-04-06T05:02:30.820+0000] {logging_mixin.py:188} INFO - [2024-04-06T05:02:30.820+0000] {dag.py:3047} INFO - Sync 1 DAGs
[2024-04-06T05:02:30.835+0000] {logging_mixin.py:188} INFO - [2024-04-06T05:02:30.835+0000] {dag.py:3834} INFO - Setting next_dagrun for example_kubernetes_executor to None, run_after=None
[2024-04-06T05:02:30.864+0000] {processor.py:183} INFO - Processing /home/airflow/.local/lib/python3.8/site-packages/airflow/example_dags/example_kubernetes_executor.py took 0.105 seconds
