[2024-04-06T04:59:54.287+0000] {processor.py:161} INFO - Started process (PID=36) to work on /home/airflow/.local/lib/python3.8/site-packages/airflow/example_dags/example_skip_dag.py
[2024-04-06T04:59:54.289+0000] {processor.py:830} INFO - Processing file /home/airflow/.local/lib/python3.8/site-packages/airflow/example_dags/example_skip_dag.py for tasks to queue
[2024-04-06T04:59:54.292+0000] {logging_mixin.py:188} INFO - [2024-04-06T04:59:54.292+0000] {dagbag.py:540} INFO - Filling up the DagBag from /home/airflow/.local/lib/python3.8/site-packages/airflow/example_dags/example_skip_dag.py
[2024-04-06T04:59:54.317+0000] {processor.py:840} INFO - DAG(s) 'example_skip_dag' retrieved from /home/airflow/.local/lib/python3.8/site-packages/airflow/example_dags/example_skip_dag.py
[2024-04-06T04:59:54.546+0000] {logging_mixin.py:188} INFO - [2024-04-06T04:59:54.545+0000] {override.py:1769} INFO - Created Permission View: can edit on DAG:example_skip_dag
[2024-04-06T04:59:54.581+0000] {logging_mixin.py:188} INFO - [2024-04-06T04:59:54.580+0000] {override.py:1769} INFO - Created Permission View: can read on DAG:example_skip_dag
[2024-04-06T04:59:54.593+0000] {logging_mixin.py:188} INFO - [2024-04-06T04:59:54.593+0000] {override.py:1769} INFO - Created Permission View: can delete on DAG:example_skip_dag
[2024-04-06T04:59:54.594+0000] {logging_mixin.py:188} INFO - [2024-04-06T04:59:54.594+0000] {dag.py:3047} INFO - Sync 1 DAGs
[2024-04-06T04:59:54.611+0000] {logging_mixin.py:188} INFO - [2024-04-06T04:59:54.610+0000] {dag.py:3069} INFO - Creating ORM DAG for example_skip_dag
[2024-04-06T04:59:54.626+0000] {logging_mixin.py:188} INFO - [2024-04-06T04:59:54.626+0000] {dag.py:3834} INFO - Setting next_dagrun for example_skip_dag to 2024-04-05 00:00:00+00:00, run_after=2024-04-06 00:00:00+00:00
[2024-04-06T04:59:54.658+0000] {processor.py:183} INFO - Processing /home/airflow/.local/lib/python3.8/site-packages/airflow/example_dags/example_skip_dag.py took 0.376 seconds
[2024-04-06T05:00:26.205+0000] {processor.py:161} INFO - Started process (PID=35) to work on /home/airflow/.local/lib/python3.8/site-packages/airflow/example_dags/example_skip_dag.py
[2024-04-06T05:00:26.207+0000] {processor.py:830} INFO - Processing file /home/airflow/.local/lib/python3.8/site-packages/airflow/example_dags/example_skip_dag.py for tasks to queue
[2024-04-06T05:00:26.211+0000] {logging_mixin.py:188} INFO - [2024-04-06T05:00:26.210+0000] {dagbag.py:540} INFO - Filling up the DagBag from /home/airflow/.local/lib/python3.8/site-packages/airflow/example_dags/example_skip_dag.py
[2024-04-06T05:00:26.227+0000] {processor.py:840} INFO - DAG(s) 'example_skip_dag' retrieved from /home/airflow/.local/lib/python3.8/site-packages/airflow/example_dags/example_skip_dag.py
[2024-04-06T05:00:26.259+0000] {logging_mixin.py:188} INFO - [2024-04-06T05:00:26.258+0000] {dag.py:3047} INFO - Sync 1 DAGs
[2024-04-06T05:00:26.281+0000] {logging_mixin.py:188} INFO - [2024-04-06T05:00:26.281+0000] {dag.py:3834} INFO - Setting next_dagrun for example_skip_dag to 2024-04-05 00:00:00+00:00, run_after=2024-04-06 00:00:00+00:00
[2024-04-06T05:00:26.454+0000] {processor.py:183} INFO - Processing /home/airflow/.local/lib/python3.8/site-packages/airflow/example_dags/example_skip_dag.py took 0.253 seconds
[2024-04-06T05:00:57.076+0000] {processor.py:161} INFO - Started process (PID=90) to work on /home/airflow/.local/lib/python3.8/site-packages/airflow/example_dags/example_skip_dag.py
[2024-04-06T05:00:57.078+0000] {processor.py:830} INFO - Processing file /home/airflow/.local/lib/python3.8/site-packages/airflow/example_dags/example_skip_dag.py for tasks to queue
[2024-04-06T05:00:57.081+0000] {logging_mixin.py:188} INFO - [2024-04-06T05:00:57.080+0000] {dagbag.py:540} INFO - Filling up the DagBag from /home/airflow/.local/lib/python3.8/site-packages/airflow/example_dags/example_skip_dag.py
[2024-04-06T05:00:57.091+0000] {processor.py:840} INFO - DAG(s) 'example_skip_dag' retrieved from /home/airflow/.local/lib/python3.8/site-packages/airflow/example_dags/example_skip_dag.py
[2024-04-06T05:00:57.116+0000] {logging_mixin.py:188} INFO - [2024-04-06T05:00:57.116+0000] {dag.py:3047} INFO - Sync 1 DAGs
[2024-04-06T05:00:57.146+0000] {logging_mixin.py:188} INFO - [2024-04-06T05:00:57.145+0000] {dag.py:3834} INFO - Setting next_dagrun for example_skip_dag to 2024-04-05 00:00:00+00:00, run_after=2024-04-06 00:00:00+00:00
[2024-04-06T05:00:57.170+0000] {processor.py:183} INFO - Processing /home/airflow/.local/lib/python3.8/site-packages/airflow/example_dags/example_skip_dag.py took 0.099 seconds
[2024-04-06T05:01:27.613+0000] {processor.py:161} INFO - Started process (PID=146) to work on /home/airflow/.local/lib/python3.8/site-packages/airflow/example_dags/example_skip_dag.py
[2024-04-06T05:01:27.614+0000] {processor.py:830} INFO - Processing file /home/airflow/.local/lib/python3.8/site-packages/airflow/example_dags/example_skip_dag.py for tasks to queue
[2024-04-06T05:01:27.617+0000] {logging_mixin.py:188} INFO - [2024-04-06T05:01:27.616+0000] {dagbag.py:540} INFO - Filling up the DagBag from /home/airflow/.local/lib/python3.8/site-packages/airflow/example_dags/example_skip_dag.py
[2024-04-06T05:01:27.626+0000] {processor.py:840} INFO - DAG(s) 'example_skip_dag' retrieved from /home/airflow/.local/lib/python3.8/site-packages/airflow/example_dags/example_skip_dag.py
[2024-04-06T05:01:27.651+0000] {logging_mixin.py:188} INFO - [2024-04-06T05:01:27.650+0000] {dag.py:3047} INFO - Sync 1 DAGs
[2024-04-06T05:01:27.677+0000] {logging_mixin.py:188} INFO - [2024-04-06T05:01:27.677+0000] {dag.py:3834} INFO - Setting next_dagrun for example_skip_dag to 2024-04-05 00:00:00+00:00, run_after=2024-04-06 00:00:00+00:00
[2024-04-06T05:01:27.704+0000] {processor.py:183} INFO - Processing /home/airflow/.local/lib/python3.8/site-packages/airflow/example_dags/example_skip_dag.py took 0.096 seconds
[2024-04-06T05:01:58.042+0000] {processor.py:161} INFO - Started process (PID=201) to work on /home/airflow/.local/lib/python3.8/site-packages/airflow/example_dags/example_skip_dag.py
[2024-04-06T05:01:58.043+0000] {processor.py:830} INFO - Processing file /home/airflow/.local/lib/python3.8/site-packages/airflow/example_dags/example_skip_dag.py for tasks to queue
[2024-04-06T05:01:58.046+0000] {logging_mixin.py:188} INFO - [2024-04-06T05:01:58.046+0000] {dagbag.py:540} INFO - Filling up the DagBag from /home/airflow/.local/lib/python3.8/site-packages/airflow/example_dags/example_skip_dag.py
[2024-04-06T05:01:58.055+0000] {processor.py:840} INFO - DAG(s) 'example_skip_dag' retrieved from /home/airflow/.local/lib/python3.8/site-packages/airflow/example_dags/example_skip_dag.py
[2024-04-06T05:01:58.087+0000] {logging_mixin.py:188} INFO - [2024-04-06T05:01:58.087+0000] {dag.py:3047} INFO - Sync 1 DAGs
[2024-04-06T05:01:58.114+0000] {logging_mixin.py:188} INFO - [2024-04-06T05:01:58.114+0000] {dag.py:3834} INFO - Setting next_dagrun for example_skip_dag to 2024-04-05 00:00:00+00:00, run_after=2024-04-06 00:00:00+00:00
[2024-04-06T05:01:58.140+0000] {processor.py:183} INFO - Processing /home/airflow/.local/lib/python3.8/site-packages/airflow/example_dags/example_skip_dag.py took 0.102 seconds
[2024-04-06T05:02:28.429+0000] {processor.py:161} INFO - Started process (PID=256) to work on /home/airflow/.local/lib/python3.8/site-packages/airflow/example_dags/example_skip_dag.py
[2024-04-06T05:02:28.430+0000] {processor.py:830} INFO - Processing file /home/airflow/.local/lib/python3.8/site-packages/airflow/example_dags/example_skip_dag.py for tasks to queue
[2024-04-06T05:02:28.433+0000] {logging_mixin.py:188} INFO - [2024-04-06T05:02:28.433+0000] {dagbag.py:540} INFO - Filling up the DagBag from /home/airflow/.local/lib/python3.8/site-packages/airflow/example_dags/example_skip_dag.py
[2024-04-06T05:02:28.443+0000] {processor.py:840} INFO - DAG(s) 'example_skip_dag' retrieved from /home/airflow/.local/lib/python3.8/site-packages/airflow/example_dags/example_skip_dag.py
[2024-04-06T05:02:28.470+0000] {logging_mixin.py:188} INFO - [2024-04-06T05:02:28.470+0000] {dag.py:3047} INFO - Sync 1 DAGs
[2024-04-06T05:02:28.496+0000] {logging_mixin.py:188} INFO - [2024-04-06T05:02:28.495+0000] {dag.py:3834} INFO - Setting next_dagrun for example_skip_dag to 2024-04-05 00:00:00+00:00, run_after=2024-04-06 00:00:00+00:00
[2024-04-06T05:02:28.522+0000] {processor.py:183} INFO - Processing /home/airflow/.local/lib/python3.8/site-packages/airflow/example_dags/example_skip_dag.py took 0.099 seconds
