[2024-04-06T04:59:58.768+0000] {processor.py:161} INFO - Started process (PID=52) to work on /home/airflow/.local/lib/python3.8/site-packages/airflow/example_dags/example_local_kubernetes_executor.py
[2024-04-06T04:59:58.770+0000] {processor.py:830} INFO - Processing file /home/airflow/.local/lib/python3.8/site-packages/airflow/example_dags/example_local_kubernetes_executor.py for tasks to queue
[2024-04-06T04:59:58.773+0000] {logging_mixin.py:188} INFO - [2024-04-06T04:59:58.773+0000] {dagbag.py:540} INFO - Filling up the DagBag from /home/airflow/.local/lib/python3.8/site-packages/airflow/example_dags/example_local_kubernetes_executor.py
[2024-04-06T04:59:58.821+0000] {processor.py:840} INFO - DAG(s) 'example_local_kubernetes_executor' retrieved from /home/airflow/.local/lib/python3.8/site-packages/airflow/example_dags/example_local_kubernetes_executor.py
[2024-04-06T04:59:59.030+0000] {logging_mixin.py:188} INFO - [2024-04-06T04:59:59.026+0000] {override.py:1769} INFO - Created Permission View: can edit on DAG:example_local_kubernetes_executor
[2024-04-06T04:59:59.076+0000] {logging_mixin.py:188} INFO - [2024-04-06T04:59:59.075+0000] {override.py:1769} INFO - Created Permission View: can read on DAG:example_local_kubernetes_executor
[2024-04-06T04:59:59.116+0000] {logging_mixin.py:188} INFO - [2024-04-06T04:59:59.116+0000] {override.py:1769} INFO - Created Permission View: can delete on DAG:example_local_kubernetes_executor
[2024-04-06T04:59:59.118+0000] {logging_mixin.py:188} INFO - [2024-04-06T04:59:59.117+0000] {dag.py:3047} INFO - Sync 1 DAGs
[2024-04-06T04:59:59.138+0000] {logging_mixin.py:188} INFO - [2024-04-06T04:59:59.138+0000] {dag.py:3069} INFO - Creating ORM DAG for example_local_kubernetes_executor
[2024-04-06T04:59:59.139+0000] {logging_mixin.py:188} INFO - [2024-04-06T04:59:59.139+0000] {dag.py:3834} INFO - Setting next_dagrun for example_local_kubernetes_executor to None, run_after=None
[2024-04-06T04:59:59.188+0000] {processor.py:183} INFO - Processing /home/airflow/.local/lib/python3.8/site-packages/airflow/example_dags/example_local_kubernetes_executor.py took 0.424 seconds
[2024-04-06T05:00:28.551+0000] {processor.py:161} INFO - Started process (PID=51) to work on /home/airflow/.local/lib/python3.8/site-packages/airflow/example_dags/example_local_kubernetes_executor.py
[2024-04-06T05:00:28.553+0000] {processor.py:830} INFO - Processing file /home/airflow/.local/lib/python3.8/site-packages/airflow/example_dags/example_local_kubernetes_executor.py for tasks to queue
[2024-04-06T05:00:28.555+0000] {logging_mixin.py:188} INFO - [2024-04-06T05:00:28.555+0000] {dagbag.py:540} INFO - Filling up the DagBag from /home/airflow/.local/lib/python3.8/site-packages/airflow/example_dags/example_local_kubernetes_executor.py
[2024-04-06T05:00:28.568+0000] {processor.py:840} INFO - DAG(s) 'example_local_kubernetes_executor' retrieved from /home/airflow/.local/lib/python3.8/site-packages/airflow/example_dags/example_local_kubernetes_executor.py
[2024-04-06T05:00:28.580+0000] {logging_mixin.py:188} INFO - [2024-04-06T05:00:28.579+0000] {dag.py:3047} INFO - Sync 1 DAGs
[2024-04-06T05:00:28.596+0000] {logging_mixin.py:188} INFO - [2024-04-06T05:00:28.595+0000] {dag.py:3834} INFO - Setting next_dagrun for example_local_kubernetes_executor to None, run_after=None
[2024-04-06T05:00:28.636+0000] {processor.py:183} INFO - Processing /home/airflow/.local/lib/python3.8/site-packages/airflow/example_dags/example_local_kubernetes_executor.py took 0.088 seconds
[2024-04-06T05:00:59.167+0000] {processor.py:161} INFO - Started process (PID=106) to work on /home/airflow/.local/lib/python3.8/site-packages/airflow/example_dags/example_local_kubernetes_executor.py
[2024-04-06T05:00:59.169+0000] {processor.py:830} INFO - Processing file /home/airflow/.local/lib/python3.8/site-packages/airflow/example_dags/example_local_kubernetes_executor.py for tasks to queue
[2024-04-06T05:00:59.171+0000] {logging_mixin.py:188} INFO - [2024-04-06T05:00:59.171+0000] {dagbag.py:540} INFO - Filling up the DagBag from /home/airflow/.local/lib/python3.8/site-packages/airflow/example_dags/example_local_kubernetes_executor.py
[2024-04-06T05:00:59.180+0000] {processor.py:840} INFO - DAG(s) 'example_local_kubernetes_executor' retrieved from /home/airflow/.local/lib/python3.8/site-packages/airflow/example_dags/example_local_kubernetes_executor.py
[2024-04-06T05:00:59.222+0000] {logging_mixin.py:188} INFO - [2024-04-06T05:00:59.222+0000] {dag.py:3047} INFO - Sync 1 DAGs
[2024-04-06T05:00:59.238+0000] {logging_mixin.py:188} INFO - [2024-04-06T05:00:59.238+0000] {dag.py:3834} INFO - Setting next_dagrun for example_local_kubernetes_executor to None, run_after=None
[2024-04-06T05:00:59.264+0000] {processor.py:183} INFO - Processing /home/airflow/.local/lib/python3.8/site-packages/airflow/example_dags/example_local_kubernetes_executor.py took 0.101 seconds
[2024-04-06T05:01:29.692+0000] {processor.py:161} INFO - Started process (PID=162) to work on /home/airflow/.local/lib/python3.8/site-packages/airflow/example_dags/example_local_kubernetes_executor.py
[2024-04-06T05:01:29.693+0000] {processor.py:830} INFO - Processing file /home/airflow/.local/lib/python3.8/site-packages/airflow/example_dags/example_local_kubernetes_executor.py for tasks to queue
[2024-04-06T05:01:29.695+0000] {logging_mixin.py:188} INFO - [2024-04-06T05:01:29.694+0000] {dagbag.py:540} INFO - Filling up the DagBag from /home/airflow/.local/lib/python3.8/site-packages/airflow/example_dags/example_local_kubernetes_executor.py
[2024-04-06T05:01:29.702+0000] {processor.py:840} INFO - DAG(s) 'example_local_kubernetes_executor' retrieved from /home/airflow/.local/lib/python3.8/site-packages/airflow/example_dags/example_local_kubernetes_executor.py
[2024-04-06T05:01:29.740+0000] {logging_mixin.py:188} INFO - [2024-04-06T05:01:29.740+0000] {dag.py:3047} INFO - Sync 1 DAGs
[2024-04-06T05:01:29.755+0000] {logging_mixin.py:188} INFO - [2024-04-06T05:01:29.755+0000] {dag.py:3834} INFO - Setting next_dagrun for example_local_kubernetes_executor to None, run_after=None
[2024-04-06T05:01:29.782+0000] {processor.py:183} INFO - Processing /home/airflow/.local/lib/python3.8/site-packages/airflow/example_dags/example_local_kubernetes_executor.py took 0.093 seconds
[2024-04-06T05:02:00.168+0000] {processor.py:161} INFO - Started process (PID=217) to work on /home/airflow/.local/lib/python3.8/site-packages/airflow/example_dags/example_local_kubernetes_executor.py
[2024-04-06T05:02:00.170+0000] {processor.py:830} INFO - Processing file /home/airflow/.local/lib/python3.8/site-packages/airflow/example_dags/example_local_kubernetes_executor.py for tasks to queue
[2024-04-06T05:02:00.172+0000] {logging_mixin.py:188} INFO - [2024-04-06T05:02:00.172+0000] {dagbag.py:540} INFO - Filling up the DagBag from /home/airflow/.local/lib/python3.8/site-packages/airflow/example_dags/example_local_kubernetes_executor.py
[2024-04-06T05:02:00.182+0000] {processor.py:840} INFO - DAG(s) 'example_local_kubernetes_executor' retrieved from /home/airflow/.local/lib/python3.8/site-packages/airflow/example_dags/example_local_kubernetes_executor.py
[2024-04-06T05:02:00.223+0000] {logging_mixin.py:188} INFO - [2024-04-06T05:02:00.222+0000] {dag.py:3047} INFO - Sync 1 DAGs
[2024-04-06T05:02:00.240+0000] {logging_mixin.py:188} INFO - [2024-04-06T05:02:00.239+0000] {dag.py:3834} INFO - Setting next_dagrun for example_local_kubernetes_executor to None, run_after=None
[2024-04-06T05:02:00.270+0000] {processor.py:183} INFO - Processing /home/airflow/.local/lib/python3.8/site-packages/airflow/example_dags/example_local_kubernetes_executor.py took 0.106 seconds
[2024-04-06T05:02:30.526+0000] {processor.py:161} INFO - Started process (PID=272) to work on /home/airflow/.local/lib/python3.8/site-packages/airflow/example_dags/example_local_kubernetes_executor.py
[2024-04-06T05:02:30.528+0000] {processor.py:830} INFO - Processing file /home/airflow/.local/lib/python3.8/site-packages/airflow/example_dags/example_local_kubernetes_executor.py for tasks to queue
[2024-04-06T05:02:30.530+0000] {logging_mixin.py:188} INFO - [2024-04-06T05:02:30.530+0000] {dagbag.py:540} INFO - Filling up the DagBag from /home/airflow/.local/lib/python3.8/site-packages/airflow/example_dags/example_local_kubernetes_executor.py
[2024-04-06T05:02:30.538+0000] {processor.py:840} INFO - DAG(s) 'example_local_kubernetes_executor' retrieved from /home/airflow/.local/lib/python3.8/site-packages/airflow/example_dags/example_local_kubernetes_executor.py
[2024-04-06T05:02:30.577+0000] {logging_mixin.py:188} INFO - [2024-04-06T05:02:30.577+0000] {dag.py:3047} INFO - Sync 1 DAGs
[2024-04-06T05:02:30.590+0000] {logging_mixin.py:188} INFO - [2024-04-06T05:02:30.590+0000] {dag.py:3834} INFO - Setting next_dagrun for example_local_kubernetes_executor to None, run_after=None
[2024-04-06T05:02:30.615+0000] {processor.py:183} INFO - Processing /home/airflow/.local/lib/python3.8/site-packages/airflow/example_dags/example_local_kubernetes_executor.py took 0.092 seconds
