[2024-04-06T04:59:59.728+0000] {processor.py:161} INFO - Started process (PID=56) to work on /home/airflow/.local/lib/python3.8/site-packages/airflow/example_dags/example_setup_teardown.py
[2024-04-06T04:59:59.729+0000] {processor.py:830} INFO - Processing file /home/airflow/.local/lib/python3.8/site-packages/airflow/example_dags/example_setup_teardown.py for tasks to queue
[2024-04-06T04:59:59.732+0000] {logging_mixin.py:188} INFO - [2024-04-06T04:59:59.732+0000] {dagbag.py:540} INFO - Filling up the DagBag from /home/airflow/.local/lib/python3.8/site-packages/airflow/example_dags/example_setup_teardown.py
[2024-04-06T04:59:59.765+0000] {processor.py:840} INFO - DAG(s) 'example_setup_teardown' retrieved from /home/airflow/.local/lib/python3.8/site-packages/airflow/example_dags/example_setup_teardown.py
[2024-04-06T04:59:59.970+0000] {logging_mixin.py:188} INFO - [2024-04-06T04:59:59.968+0000] {override.py:1769} INFO - Created Permission View: can edit on DAG:example_setup_teardown
[2024-04-06T05:00:00.003+0000] {logging_mixin.py:188} INFO - [2024-04-06T05:00:00.002+0000] {override.py:1769} INFO - Created Permission View: can read on DAG:example_setup_teardown
[2024-04-06T05:00:00.045+0000] {logging_mixin.py:188} INFO - [2024-04-06T05:00:00.044+0000] {override.py:1769} INFO - Created Permission View: can delete on DAG:example_setup_teardown
[2024-04-06T05:00:00.046+0000] {logging_mixin.py:188} INFO - [2024-04-06T05:00:00.046+0000] {dag.py:3047} INFO - Sync 1 DAGs
[2024-04-06T05:00:00.069+0000] {logging_mixin.py:188} INFO - [2024-04-06T05:00:00.069+0000] {dag.py:3069} INFO - Creating ORM DAG for example_setup_teardown
[2024-04-06T05:00:00.087+0000] {logging_mixin.py:188} INFO - [2024-04-06T05:00:00.087+0000] {dag.py:3834} INFO - Setting next_dagrun for example_setup_teardown to 2024-04-05 00:00:00+00:00, run_after=2024-04-06 00:00:00+00:00
[2024-04-06T05:00:00.147+0000] {processor.py:183} INFO - Processing /home/airflow/.local/lib/python3.8/site-packages/airflow/example_dags/example_setup_teardown.py took 0.423 seconds
[2024-04-06T05:00:28.805+0000] {processor.py:161} INFO - Started process (PID=55) to work on /home/airflow/.local/lib/python3.8/site-packages/airflow/example_dags/example_setup_teardown.py
[2024-04-06T05:00:28.806+0000] {processor.py:830} INFO - Processing file /home/airflow/.local/lib/python3.8/site-packages/airflow/example_dags/example_setup_teardown.py for tasks to queue
[2024-04-06T05:00:28.808+0000] {logging_mixin.py:188} INFO - [2024-04-06T05:00:28.808+0000] {dagbag.py:540} INFO - Filling up the DagBag from /home/airflow/.local/lib/python3.8/site-packages/airflow/example_dags/example_setup_teardown.py
[2024-04-06T05:00:28.817+0000] {processor.py:840} INFO - DAG(s) 'example_setup_teardown' retrieved from /home/airflow/.local/lib/python3.8/site-packages/airflow/example_dags/example_setup_teardown.py
[2024-04-06T05:00:28.833+0000] {logging_mixin.py:188} INFO - [2024-04-06T05:00:28.833+0000] {dag.py:3047} INFO - Sync 1 DAGs
[2024-04-06T05:00:28.861+0000] {logging_mixin.py:188} INFO - [2024-04-06T05:00:28.860+0000] {dag.py:3834} INFO - Setting next_dagrun for example_setup_teardown to 2024-04-05 00:00:00+00:00, run_after=2024-04-06 00:00:00+00:00
[2024-04-06T05:00:28.888+0000] {processor.py:183} INFO - Processing /home/airflow/.local/lib/python3.8/site-packages/airflow/example_dags/example_setup_teardown.py took 0.086 seconds
[2024-04-06T05:00:59.438+0000] {processor.py:161} INFO - Started process (PID=110) to work on /home/airflow/.local/lib/python3.8/site-packages/airflow/example_dags/example_setup_teardown.py
[2024-04-06T05:00:59.439+0000] {processor.py:830} INFO - Processing file /home/airflow/.local/lib/python3.8/site-packages/airflow/example_dags/example_setup_teardown.py for tasks to queue
[2024-04-06T05:00:59.442+0000] {logging_mixin.py:188} INFO - [2024-04-06T05:00:59.441+0000] {dagbag.py:540} INFO - Filling up the DagBag from /home/airflow/.local/lib/python3.8/site-packages/airflow/example_dags/example_setup_teardown.py
[2024-04-06T05:00:59.450+0000] {processor.py:840} INFO - DAG(s) 'example_setup_teardown' retrieved from /home/airflow/.local/lib/python3.8/site-packages/airflow/example_dags/example_setup_teardown.py
[2024-04-06T05:00:59.475+0000] {logging_mixin.py:188} INFO - [2024-04-06T05:00:59.475+0000] {dag.py:3047} INFO - Sync 1 DAGs
[2024-04-06T05:00:59.502+0000] {logging_mixin.py:188} INFO - [2024-04-06T05:00:59.502+0000] {dag.py:3834} INFO - Setting next_dagrun for example_setup_teardown to 2024-04-05 00:00:00+00:00, run_after=2024-04-06 00:00:00+00:00
[2024-04-06T05:00:59.531+0000] {processor.py:183} INFO - Processing /home/airflow/.local/lib/python3.8/site-packages/airflow/example_dags/example_setup_teardown.py took 0.096 seconds
[2024-04-06T05:01:29.964+0000] {processor.py:161} INFO - Started process (PID=166) to work on /home/airflow/.local/lib/python3.8/site-packages/airflow/example_dags/example_setup_teardown.py
[2024-04-06T05:01:29.966+0000] {processor.py:830} INFO - Processing file /home/airflow/.local/lib/python3.8/site-packages/airflow/example_dags/example_setup_teardown.py for tasks to queue
[2024-04-06T05:01:29.968+0000] {logging_mixin.py:188} INFO - [2024-04-06T05:01:29.967+0000] {dagbag.py:540} INFO - Filling up the DagBag from /home/airflow/.local/lib/python3.8/site-packages/airflow/example_dags/example_setup_teardown.py
[2024-04-06T05:01:29.975+0000] {processor.py:840} INFO - DAG(s) 'example_setup_teardown' retrieved from /home/airflow/.local/lib/python3.8/site-packages/airflow/example_dags/example_setup_teardown.py
[2024-04-06T05:01:30.001+0000] {logging_mixin.py:188} INFO - [2024-04-06T05:01:30.001+0000] {dag.py:3047} INFO - Sync 1 DAGs
[2024-04-06T05:01:30.027+0000] {logging_mixin.py:188} INFO - [2024-04-06T05:01:30.026+0000] {dag.py:3834} INFO - Setting next_dagrun for example_setup_teardown to 2024-04-05 00:00:00+00:00, run_after=2024-04-06 00:00:00+00:00
[2024-04-06T05:01:30.054+0000] {processor.py:183} INFO - Processing /home/airflow/.local/lib/python3.8/site-packages/airflow/example_dags/example_setup_teardown.py took 0.093 seconds
[2024-04-06T05:02:00.464+0000] {processor.py:161} INFO - Started process (PID=221) to work on /home/airflow/.local/lib/python3.8/site-packages/airflow/example_dags/example_setup_teardown.py
[2024-04-06T05:02:00.465+0000] {processor.py:830} INFO - Processing file /home/airflow/.local/lib/python3.8/site-packages/airflow/example_dags/example_setup_teardown.py for tasks to queue
[2024-04-06T05:02:00.468+0000] {logging_mixin.py:188} INFO - [2024-04-06T05:02:00.468+0000] {dagbag.py:540} INFO - Filling up the DagBag from /home/airflow/.local/lib/python3.8/site-packages/airflow/example_dags/example_setup_teardown.py
[2024-04-06T05:02:00.477+0000] {processor.py:840} INFO - DAG(s) 'example_setup_teardown' retrieved from /home/airflow/.local/lib/python3.8/site-packages/airflow/example_dags/example_setup_teardown.py
[2024-04-06T05:02:00.509+0000] {logging_mixin.py:188} INFO - [2024-04-06T05:02:00.509+0000] {dag.py:3047} INFO - Sync 1 DAGs
[2024-04-06T05:02:00.546+0000] {logging_mixin.py:188} INFO - [2024-04-06T05:02:00.545+0000] {dag.py:3834} INFO - Setting next_dagrun for example_setup_teardown to 2024-04-05 00:00:00+00:00, run_after=2024-04-06 00:00:00+00:00
[2024-04-06T05:02:00.575+0000] {processor.py:183} INFO - Processing /home/airflow/.local/lib/python3.8/site-packages/airflow/example_dags/example_setup_teardown.py took 0.114 seconds
[2024-04-06T05:02:30.899+0000] {processor.py:161} INFO - Started process (PID=276) to work on /home/airflow/.local/lib/python3.8/site-packages/airflow/example_dags/example_setup_teardown.py
[2024-04-06T05:02:30.900+0000] {processor.py:830} INFO - Processing file /home/airflow/.local/lib/python3.8/site-packages/airflow/example_dags/example_setup_teardown.py for tasks to queue
[2024-04-06T05:02:30.902+0000] {logging_mixin.py:188} INFO - [2024-04-06T05:02:30.902+0000] {dagbag.py:540} INFO - Filling up the DagBag from /home/airflow/.local/lib/python3.8/site-packages/airflow/example_dags/example_setup_teardown.py
[2024-04-06T05:02:30.909+0000] {processor.py:840} INFO - DAG(s) 'example_setup_teardown' retrieved from /home/airflow/.local/lib/python3.8/site-packages/airflow/example_dags/example_setup_teardown.py
[2024-04-06T05:02:30.932+0000] {logging_mixin.py:188} INFO - [2024-04-06T05:02:30.931+0000] {dag.py:3047} INFO - Sync 1 DAGs
[2024-04-06T05:02:30.954+0000] {logging_mixin.py:188} INFO - [2024-04-06T05:02:30.953+0000] {dag.py:3834} INFO - Setting next_dagrun for example_setup_teardown to 2024-04-05 00:00:00+00:00, run_after=2024-04-06 00:00:00+00:00
[2024-04-06T05:02:30.978+0000] {processor.py:183} INFO - Processing /home/airflow/.local/lib/python3.8/site-packages/airflow/example_dags/example_setup_teardown.py took 0.082 seconds
