[2024-04-06T04:59:53.733+0000] {processor.py:161} INFO - Started process (PID=35) to work on /home/airflow/.local/lib/python3.8/site-packages/airflow/example_dags/example_branch_operator.py
[2024-04-06T04:59:53.734+0000] {processor.py:830} INFO - Processing file /home/airflow/.local/lib/python3.8/site-packages/airflow/example_dags/example_branch_operator.py for tasks to queue
[2024-04-06T04:59:53.737+0000] {logging_mixin.py:188} INFO - [2024-04-06T04:59:53.737+0000] {dagbag.py:540} INFO - Filling up the DagBag from /home/airflow/.local/lib/python3.8/site-packages/airflow/example_dags/example_branch_operator.py
[2024-04-06T04:59:53.789+0000] {processor.py:840} INFO - DAG(s) 'example_branch_operator' retrieved from /home/airflow/.local/lib/python3.8/site-packages/airflow/example_dags/example_branch_operator.py
[2024-04-06T04:59:54.152+0000] {logging_mixin.py:188} INFO - [2024-04-06T04:59:54.151+0000] {override.py:1769} INFO - Created Permission View: can edit on DAG:example_branch_operator
[2024-04-06T04:59:54.192+0000] {logging_mixin.py:188} INFO - [2024-04-06T04:59:54.191+0000] {override.py:1769} INFO - Created Permission View: can read on DAG:example_branch_operator
[2024-04-06T04:59:54.204+0000] {logging_mixin.py:188} INFO - [2024-04-06T04:59:54.203+0000] {override.py:1769} INFO - Created Permission View: can delete on DAG:example_branch_operator
[2024-04-06T04:59:54.205+0000] {logging_mixin.py:188} INFO - [2024-04-06T04:59:54.205+0000] {dag.py:3047} INFO - Sync 1 DAGs
[2024-04-06T04:59:54.221+0000] {logging_mixin.py:188} INFO - [2024-04-06T04:59:54.220+0000] {dag.py:3069} INFO - Creating ORM DAG for example_branch_operator
[2024-04-06T04:59:54.237+0000] {logging_mixin.py:188} INFO - [2024-04-06T04:59:54.237+0000] {dag.py:3834} INFO - Setting next_dagrun for example_branch_operator to 2024-04-05 00:00:00+00:00, run_after=2024-04-06 00:00:00+00:00
[2024-04-06T04:59:54.273+0000] {processor.py:183} INFO - Processing /home/airflow/.local/lib/python3.8/site-packages/airflow/example_dags/example_branch_operator.py took 0.546 seconds
[2024-04-06T05:00:25.912+0000] {processor.py:161} INFO - Started process (PID=34) to work on /home/airflow/.local/lib/python3.8/site-packages/airflow/example_dags/example_branch_operator.py
[2024-04-06T05:00:25.914+0000] {processor.py:830} INFO - Processing file /home/airflow/.local/lib/python3.8/site-packages/airflow/example_dags/example_branch_operator.py for tasks to queue
[2024-04-06T05:00:25.916+0000] {logging_mixin.py:188} INFO - [2024-04-06T05:00:25.916+0000] {dagbag.py:540} INFO - Filling up the DagBag from /home/airflow/.local/lib/python3.8/site-packages/airflow/example_dags/example_branch_operator.py
[2024-04-06T05:00:26.004+0000] {processor.py:840} INFO - DAG(s) 'example_branch_operator' retrieved from /home/airflow/.local/lib/python3.8/site-packages/airflow/example_dags/example_branch_operator.py
[2024-04-06T05:00:26.144+0000] {logging_mixin.py:188} INFO - [2024-04-06T05:00:26.144+0000] {dag.py:3047} INFO - Sync 1 DAGs
[2024-04-06T05:00:26.166+0000] {logging_mixin.py:188} INFO - [2024-04-06T05:00:26.166+0000] {dag.py:3834} INFO - Setting next_dagrun for example_branch_operator to 2024-04-05 00:00:00+00:00, run_after=2024-04-06 00:00:00+00:00
[2024-04-06T05:00:26.407+0000] {processor.py:183} INFO - Processing /home/airflow/.local/lib/python3.8/site-packages/airflow/example_dags/example_branch_operator.py took 0.499 seconds
[2024-04-06T05:00:56.956+0000] {processor.py:161} INFO - Started process (PID=89) to work on /home/airflow/.local/lib/python3.8/site-packages/airflow/example_dags/example_branch_operator.py
[2024-04-06T05:00:56.957+0000] {processor.py:830} INFO - Processing file /home/airflow/.local/lib/python3.8/site-packages/airflow/example_dags/example_branch_operator.py for tasks to queue
[2024-04-06T05:00:56.959+0000] {logging_mixin.py:188} INFO - [2024-04-06T05:00:56.959+0000] {dagbag.py:540} INFO - Filling up the DagBag from /home/airflow/.local/lib/python3.8/site-packages/airflow/example_dags/example_branch_operator.py
[2024-04-06T05:00:56.979+0000] {processor.py:840} INFO - DAG(s) 'example_branch_operator' retrieved from /home/airflow/.local/lib/python3.8/site-packages/airflow/example_dags/example_branch_operator.py
[2024-04-06T05:00:57.013+0000] {logging_mixin.py:188} INFO - [2024-04-06T05:00:57.012+0000] {dag.py:3047} INFO - Sync 1 DAGs
[2024-04-06T05:00:57.041+0000] {logging_mixin.py:188} INFO - [2024-04-06T05:00:57.041+0000] {dag.py:3834} INFO - Setting next_dagrun for example_branch_operator to 2024-04-05 00:00:00+00:00, run_after=2024-04-06 00:00:00+00:00
[2024-04-06T05:00:57.067+0000] {processor.py:183} INFO - Processing /home/airflow/.local/lib/python3.8/site-packages/airflow/example_dags/example_branch_operator.py took 0.114 seconds
[2024-04-06T05:01:27.492+0000] {processor.py:161} INFO - Started process (PID=145) to work on /home/airflow/.local/lib/python3.8/site-packages/airflow/example_dags/example_branch_operator.py
[2024-04-06T05:01:27.494+0000] {processor.py:830} INFO - Processing file /home/airflow/.local/lib/python3.8/site-packages/airflow/example_dags/example_branch_operator.py for tasks to queue
[2024-04-06T05:01:27.496+0000] {logging_mixin.py:188} INFO - [2024-04-06T05:01:27.495+0000] {dagbag.py:540} INFO - Filling up the DagBag from /home/airflow/.local/lib/python3.8/site-packages/airflow/example_dags/example_branch_operator.py
[2024-04-06T05:01:27.515+0000] {processor.py:840} INFO - DAG(s) 'example_branch_operator' retrieved from /home/airflow/.local/lib/python3.8/site-packages/airflow/example_dags/example_branch_operator.py
[2024-04-06T05:01:27.547+0000] {logging_mixin.py:188} INFO - [2024-04-06T05:01:27.547+0000] {dag.py:3047} INFO - Sync 1 DAGs
[2024-04-06T05:01:27.574+0000] {logging_mixin.py:188} INFO - [2024-04-06T05:01:27.574+0000] {dag.py:3834} INFO - Setting next_dagrun for example_branch_operator to 2024-04-05 00:00:00+00:00, run_after=2024-04-06 00:00:00+00:00
[2024-04-06T05:01:27.604+0000] {processor.py:183} INFO - Processing /home/airflow/.local/lib/python3.8/site-packages/airflow/example_dags/example_branch_operator.py took 0.115 seconds
[2024-04-06T05:01:57.921+0000] {processor.py:161} INFO - Started process (PID=200) to work on /home/airflow/.local/lib/python3.8/site-packages/airflow/example_dags/example_branch_operator.py
[2024-04-06T05:01:57.922+0000] {processor.py:830} INFO - Processing file /home/airflow/.local/lib/python3.8/site-packages/airflow/example_dags/example_branch_operator.py for tasks to queue
[2024-04-06T05:01:57.925+0000] {logging_mixin.py:188} INFO - [2024-04-06T05:01:57.925+0000] {dagbag.py:540} INFO - Filling up the DagBag from /home/airflow/.local/lib/python3.8/site-packages/airflow/example_dags/example_branch_operator.py
[2024-04-06T05:01:57.946+0000] {processor.py:840} INFO - DAG(s) 'example_branch_operator' retrieved from /home/airflow/.local/lib/python3.8/site-packages/airflow/example_dags/example_branch_operator.py
[2024-04-06T05:01:57.982+0000] {logging_mixin.py:188} INFO - [2024-04-06T05:01:57.982+0000] {dag.py:3047} INFO - Sync 1 DAGs
[2024-04-06T05:01:58.011+0000] {logging_mixin.py:188} INFO - [2024-04-06T05:01:58.011+0000] {dag.py:3834} INFO - Setting next_dagrun for example_branch_operator to 2024-04-05 00:00:00+00:00, run_after=2024-04-06 00:00:00+00:00
[2024-04-06T05:01:58.042+0000] {processor.py:183} INFO - Processing /home/airflow/.local/lib/python3.8/site-packages/airflow/example_dags/example_branch_operator.py took 0.125 seconds
[2024-04-06T05:02:28.313+0000] {processor.py:161} INFO - Started process (PID=255) to work on /home/airflow/.local/lib/python3.8/site-packages/airflow/example_dags/example_branch_operator.py
[2024-04-06T05:02:28.314+0000] {processor.py:830} INFO - Processing file /home/airflow/.local/lib/python3.8/site-packages/airflow/example_dags/example_branch_operator.py for tasks to queue
[2024-04-06T05:02:28.316+0000] {logging_mixin.py:188} INFO - [2024-04-06T05:02:28.316+0000] {dagbag.py:540} INFO - Filling up the DagBag from /home/airflow/.local/lib/python3.8/site-packages/airflow/example_dags/example_branch_operator.py
[2024-04-06T05:02:28.335+0000] {processor.py:840} INFO - DAG(s) 'example_branch_operator' retrieved from /home/airflow/.local/lib/python3.8/site-packages/airflow/example_dags/example_branch_operator.py
[2024-04-06T05:02:28.370+0000] {logging_mixin.py:188} INFO - [2024-04-06T05:02:28.369+0000] {dag.py:3047} INFO - Sync 1 DAGs
[2024-04-06T05:02:28.397+0000] {logging_mixin.py:188} INFO - [2024-04-06T05:02:28.397+0000] {dag.py:3834} INFO - Setting next_dagrun for example_branch_operator to 2024-04-05 00:00:00+00:00, run_after=2024-04-06 00:00:00+00:00
[2024-04-06T05:02:28.421+0000] {processor.py:183} INFO - Processing /home/airflow/.local/lib/python3.8/site-packages/airflow/example_dags/example_branch_operator.py took 0.112 seconds
