[2024-04-06T04:59:56.090+0000] {processor.py:161} INFO - Started process (PID=43) to work on /home/airflow/.local/lib/python3.8/site-packages/airflow/example_dags/example_trigger_controller_dag.py
[2024-04-06T04:59:56.092+0000] {processor.py:830} INFO - Processing file /home/airflow/.local/lib/python3.8/site-packages/airflow/example_dags/example_trigger_controller_dag.py for tasks to queue
[2024-04-06T04:59:56.097+0000] {logging_mixin.py:188} INFO - [2024-04-06T04:59:56.097+0000] {dagbag.py:540} INFO - Filling up the DagBag from /home/airflow/.local/lib/python3.8/site-packages/airflow/example_dags/example_trigger_controller_dag.py
[2024-04-06T04:59:56.112+0000] {processor.py:840} INFO - DAG(s) 'example_trigger_controller_dag' retrieved from /home/airflow/.local/lib/python3.8/site-packages/airflow/example_dags/example_trigger_controller_dag.py
[2024-04-06T04:59:56.299+0000] {logging_mixin.py:188} INFO - [2024-04-06T04:59:56.298+0000] {override.py:1769} INFO - Created Permission View: can edit on DAG:example_trigger_controller_dag
[2024-04-06T04:59:56.318+0000] {logging_mixin.py:188} INFO - [2024-04-06T04:59:56.317+0000] {override.py:1769} INFO - Created Permission View: can read on DAG:example_trigger_controller_dag
[2024-04-06T04:59:56.333+0000] {logging_mixin.py:188} INFO - [2024-04-06T04:59:56.332+0000] {override.py:1769} INFO - Created Permission View: can delete on DAG:example_trigger_controller_dag
[2024-04-06T04:59:56.334+0000] {logging_mixin.py:188} INFO - [2024-04-06T04:59:56.334+0000] {dag.py:3047} INFO - Sync 1 DAGs
[2024-04-06T04:59:56.354+0000] {logging_mixin.py:188} INFO - [2024-04-06T04:59:56.353+0000] {dag.py:3069} INFO - Creating ORM DAG for example_trigger_controller_dag
[2024-04-06T04:59:56.373+0000] {logging_mixin.py:188} INFO - [2024-04-06T04:59:56.372+0000] {dag.py:3834} INFO - Setting next_dagrun for example_trigger_controller_dag to 2021-01-01 00:00:00+00:00, run_after=2021-01-01 00:00:00+00:00
[2024-04-06T04:59:56.405+0000] {processor.py:183} INFO - Processing /home/airflow/.local/lib/python3.8/site-packages/airflow/example_dags/example_trigger_controller_dag.py took 0.321 seconds
[2024-04-06T05:00:27.886+0000] {processor.py:161} INFO - Started process (PID=42) to work on /home/airflow/.local/lib/python3.8/site-packages/airflow/example_dags/example_trigger_controller_dag.py
[2024-04-06T05:00:27.888+0000] {processor.py:830} INFO - Processing file /home/airflow/.local/lib/python3.8/site-packages/airflow/example_dags/example_trigger_controller_dag.py for tasks to queue
[2024-04-06T05:00:27.889+0000] {logging_mixin.py:188} INFO - [2024-04-06T05:00:27.889+0000] {dagbag.py:540} INFO - Filling up the DagBag from /home/airflow/.local/lib/python3.8/site-packages/airflow/example_dags/example_trigger_controller_dag.py
[2024-04-06T05:00:27.895+0000] {processor.py:840} INFO - DAG(s) 'example_trigger_controller_dag' retrieved from /home/airflow/.local/lib/python3.8/site-packages/airflow/example_dags/example_trigger_controller_dag.py
[2024-04-06T05:00:27.921+0000] {logging_mixin.py:188} INFO - [2024-04-06T05:00:27.921+0000] {dag.py:3047} INFO - Sync 1 DAGs
[2024-04-06T05:00:27.945+0000] {logging_mixin.py:188} INFO - [2024-04-06T05:00:27.945+0000] {dag.py:3834} INFO - Setting next_dagrun for example_trigger_controller_dag to 2021-01-01 00:00:00+00:00, run_after=2021-01-01 00:00:00+00:00
[2024-04-06T05:00:27.975+0000] {processor.py:183} INFO - Processing /home/airflow/.local/lib/python3.8/site-packages/airflow/example_dags/example_trigger_controller_dag.py took 0.093 seconds
[2024-04-06T05:00:58.492+0000] {processor.py:161} INFO - Started process (PID=97) to work on /home/airflow/.local/lib/python3.8/site-packages/airflow/example_dags/example_trigger_controller_dag.py
[2024-04-06T05:00:58.493+0000] {processor.py:830} INFO - Processing file /home/airflow/.local/lib/python3.8/site-packages/airflow/example_dags/example_trigger_controller_dag.py for tasks to queue
[2024-04-06T05:00:58.496+0000] {logging_mixin.py:188} INFO - [2024-04-06T05:00:58.496+0000] {dagbag.py:540} INFO - Filling up the DagBag from /home/airflow/.local/lib/python3.8/site-packages/airflow/example_dags/example_trigger_controller_dag.py
[2024-04-06T05:00:58.503+0000] {processor.py:840} INFO - DAG(s) 'example_trigger_controller_dag' retrieved from /home/airflow/.local/lib/python3.8/site-packages/airflow/example_dags/example_trigger_controller_dag.py
[2024-04-06T05:00:58.526+0000] {logging_mixin.py:188} INFO - [2024-04-06T05:00:58.526+0000] {dag.py:3047} INFO - Sync 1 DAGs
[2024-04-06T05:00:58.553+0000] {logging_mixin.py:188} INFO - [2024-04-06T05:00:58.552+0000] {dag.py:3834} INFO - Setting next_dagrun for example_trigger_controller_dag to 2021-01-01 00:00:00+00:00, run_after=2021-01-01 00:00:00+00:00
[2024-04-06T05:00:58.578+0000] {processor.py:183} INFO - Processing /home/airflow/.local/lib/python3.8/site-packages/airflow/example_dags/example_trigger_controller_dag.py took 0.090 seconds
[2024-04-06T05:01:29.007+0000] {processor.py:161} INFO - Started process (PID=153) to work on /home/airflow/.local/lib/python3.8/site-packages/airflow/example_dags/example_trigger_controller_dag.py
[2024-04-06T05:01:29.009+0000] {processor.py:830} INFO - Processing file /home/airflow/.local/lib/python3.8/site-packages/airflow/example_dags/example_trigger_controller_dag.py for tasks to queue
[2024-04-06T05:01:29.011+0000] {logging_mixin.py:188} INFO - [2024-04-06T05:01:29.011+0000] {dagbag.py:540} INFO - Filling up the DagBag from /home/airflow/.local/lib/python3.8/site-packages/airflow/example_dags/example_trigger_controller_dag.py
[2024-04-06T05:01:29.016+0000] {processor.py:840} INFO - DAG(s) 'example_trigger_controller_dag' retrieved from /home/airflow/.local/lib/python3.8/site-packages/airflow/example_dags/example_trigger_controller_dag.py
[2024-04-06T05:01:29.042+0000] {logging_mixin.py:188} INFO - [2024-04-06T05:01:29.042+0000] {dag.py:3047} INFO - Sync 1 DAGs
[2024-04-06T05:01:29.066+0000] {logging_mixin.py:188} INFO - [2024-04-06T05:01:29.066+0000] {dag.py:3834} INFO - Setting next_dagrun for example_trigger_controller_dag to 2021-01-01 00:00:00+00:00, run_after=2021-01-01 00:00:00+00:00
[2024-04-06T05:01:29.092+0000] {processor.py:183} INFO - Processing /home/airflow/.local/lib/python3.8/site-packages/airflow/example_dags/example_trigger_controller_dag.py took 0.089 seconds
[2024-04-06T05:01:59.458+0000] {processor.py:161} INFO - Started process (PID=208) to work on /home/airflow/.local/lib/python3.8/site-packages/airflow/example_dags/example_trigger_controller_dag.py
[2024-04-06T05:01:59.460+0000] {processor.py:830} INFO - Processing file /home/airflow/.local/lib/python3.8/site-packages/airflow/example_dags/example_trigger_controller_dag.py for tasks to queue
[2024-04-06T05:01:59.462+0000] {logging_mixin.py:188} INFO - [2024-04-06T05:01:59.462+0000] {dagbag.py:540} INFO - Filling up the DagBag from /home/airflow/.local/lib/python3.8/site-packages/airflow/example_dags/example_trigger_controller_dag.py
[2024-04-06T05:01:59.468+0000] {processor.py:840} INFO - DAG(s) 'example_trigger_controller_dag' retrieved from /home/airflow/.local/lib/python3.8/site-packages/airflow/example_dags/example_trigger_controller_dag.py
[2024-04-06T05:01:59.493+0000] {logging_mixin.py:188} INFO - [2024-04-06T05:01:59.492+0000] {dag.py:3047} INFO - Sync 1 DAGs
[2024-04-06T05:01:59.518+0000] {logging_mixin.py:188} INFO - [2024-04-06T05:01:59.518+0000] {dag.py:3834} INFO - Setting next_dagrun for example_trigger_controller_dag to 2021-01-01 00:00:00+00:00, run_after=2021-01-01 00:00:00+00:00
[2024-04-06T05:01:59.546+0000] {processor.py:183} INFO - Processing /home/airflow/.local/lib/python3.8/site-packages/airflow/example_dags/example_trigger_controller_dag.py took 0.091 seconds
[2024-04-06T05:02:29.816+0000] {processor.py:161} INFO - Started process (PID=263) to work on /home/airflow/.local/lib/python3.8/site-packages/airflow/example_dags/example_trigger_controller_dag.py
[2024-04-06T05:02:29.817+0000] {processor.py:830} INFO - Processing file /home/airflow/.local/lib/python3.8/site-packages/airflow/example_dags/example_trigger_controller_dag.py for tasks to queue
[2024-04-06T05:02:29.819+0000] {logging_mixin.py:188} INFO - [2024-04-06T05:02:29.819+0000] {dagbag.py:540} INFO - Filling up the DagBag from /home/airflow/.local/lib/python3.8/site-packages/airflow/example_dags/example_trigger_controller_dag.py
[2024-04-06T05:02:29.823+0000] {processor.py:840} INFO - DAG(s) 'example_trigger_controller_dag' retrieved from /home/airflow/.local/lib/python3.8/site-packages/airflow/example_dags/example_trigger_controller_dag.py
[2024-04-06T05:02:29.847+0000] {logging_mixin.py:188} INFO - [2024-04-06T05:02:29.847+0000] {dag.py:3047} INFO - Sync 1 DAGs
[2024-04-06T05:02:29.871+0000] {logging_mixin.py:188} INFO - [2024-04-06T05:02:29.871+0000] {dag.py:3834} INFO - Setting next_dagrun for example_trigger_controller_dag to 2021-01-01 00:00:00+00:00, run_after=2021-01-01 00:00:00+00:00
[2024-04-06T05:02:29.895+0000] {processor.py:183} INFO - Processing /home/airflow/.local/lib/python3.8/site-packages/airflow/example_dags/example_trigger_controller_dag.py took 0.083 seconds
