[2024-04-06T04:59:58.824+0000] {processor.py:161} INFO - Started process (PID=53) to work on /home/airflow/.local/lib/python3.8/site-packages/airflow/example_dags/example_sensor_decorator.py
[2024-04-06T04:59:58.826+0000] {processor.py:830} INFO - Processing file /home/airflow/.local/lib/python3.8/site-packages/airflow/example_dags/example_sensor_decorator.py for tasks to queue
[2024-04-06T04:59:58.829+0000] {logging_mixin.py:188} INFO - [2024-04-06T04:59:58.829+0000] {dagbag.py:540} INFO - Filling up the DagBag from /home/airflow/.local/lib/python3.8/site-packages/airflow/example_dags/example_sensor_decorator.py
[2024-04-06T04:59:58.842+0000] {processor.py:840} INFO - DAG(s) 'example_sensor_decorator' retrieved from /home/airflow/.local/lib/python3.8/site-packages/airflow/example_dags/example_sensor_decorator.py
[2024-04-06T04:59:59.040+0000] {logging_mixin.py:188} INFO - [2024-04-06T04:59:59.039+0000] {override.py:1769} INFO - Created Permission View: can edit on DAG:example_sensor_decorator
[2024-04-06T04:59:59.076+0000] {logging_mixin.py:188} INFO - [2024-04-06T04:59:59.075+0000] {override.py:1769} INFO - Created Permission View: can read on DAG:example_sensor_decorator
[2024-04-06T04:59:59.115+0000] {logging_mixin.py:188} INFO - [2024-04-06T04:59:59.115+0000] {override.py:1769} INFO - Created Permission View: can delete on DAG:example_sensor_decorator
[2024-04-06T04:59:59.116+0000] {logging_mixin.py:188} INFO - [2024-04-06T04:59:59.116+0000] {dag.py:3047} INFO - Sync 1 DAGs
[2024-04-06T04:59:59.139+0000] {logging_mixin.py:188} INFO - [2024-04-06T04:59:59.139+0000] {dag.py:3069} INFO - Creating ORM DAG for example_sensor_decorator
[2024-04-06T04:59:59.141+0000] {logging_mixin.py:188} INFO - [2024-04-06T04:59:59.140+0000] {dag.py:3834} INFO - Setting next_dagrun for example_sensor_decorator to None, run_after=None
[2024-04-06T04:59:59.192+0000] {processor.py:183} INFO - Processing /home/airflow/.local/lib/python3.8/site-packages/airflow/example_dags/example_sensor_decorator.py took 0.372 seconds
[2024-04-06T05:00:28.568+0000] {processor.py:161} INFO - Started process (PID=52) to work on /home/airflow/.local/lib/python3.8/site-packages/airflow/example_dags/example_sensor_decorator.py
[2024-04-06T05:00:28.569+0000] {processor.py:830} INFO - Processing file /home/airflow/.local/lib/python3.8/site-packages/airflow/example_dags/example_sensor_decorator.py for tasks to queue
[2024-04-06T05:00:28.571+0000] {logging_mixin.py:188} INFO - [2024-04-06T05:00:28.571+0000] {dagbag.py:540} INFO - Filling up the DagBag from /home/airflow/.local/lib/python3.8/site-packages/airflow/example_dags/example_sensor_decorator.py
[2024-04-06T05:00:28.580+0000] {processor.py:840} INFO - DAG(s) 'example_sensor_decorator' retrieved from /home/airflow/.local/lib/python3.8/site-packages/airflow/example_dags/example_sensor_decorator.py
[2024-04-06T05:00:28.595+0000] {logging_mixin.py:188} INFO - [2024-04-06T05:00:28.594+0000] {dag.py:3047} INFO - Sync 1 DAGs
[2024-04-06T05:00:28.610+0000] {logging_mixin.py:188} INFO - [2024-04-06T05:00:28.610+0000] {dag.py:3834} INFO - Setting next_dagrun for example_sensor_decorator to None, run_after=None
[2024-04-06T05:00:28.637+0000] {processor.py:183} INFO - Processing /home/airflow/.local/lib/python3.8/site-packages/airflow/example_dags/example_sensor_decorator.py took 0.072 seconds
[2024-04-06T05:00:59.266+0000] {processor.py:161} INFO - Started process (PID=107) to work on /home/airflow/.local/lib/python3.8/site-packages/airflow/example_dags/example_sensor_decorator.py
[2024-04-06T05:00:59.268+0000] {processor.py:830} INFO - Processing file /home/airflow/.local/lib/python3.8/site-packages/airflow/example_dags/example_sensor_decorator.py for tasks to queue
[2024-04-06T05:00:59.271+0000] {logging_mixin.py:188} INFO - [2024-04-06T05:00:59.271+0000] {dagbag.py:540} INFO - Filling up the DagBag from /home/airflow/.local/lib/python3.8/site-packages/airflow/example_dags/example_sensor_decorator.py
[2024-04-06T05:00:59.280+0000] {processor.py:840} INFO - DAG(s) 'example_sensor_decorator' retrieved from /home/airflow/.local/lib/python3.8/site-packages/airflow/example_dags/example_sensor_decorator.py
[2024-04-06T05:00:59.306+0000] {logging_mixin.py:188} INFO - [2024-04-06T05:00:59.306+0000] {dag.py:3047} INFO - Sync 1 DAGs
[2024-04-06T05:00:59.321+0000] {logging_mixin.py:188} INFO - [2024-04-06T05:00:59.320+0000] {dag.py:3834} INFO - Setting next_dagrun for example_sensor_decorator to None, run_after=None
[2024-04-06T05:00:59.347+0000] {processor.py:183} INFO - Processing /home/airflow/.local/lib/python3.8/site-packages/airflow/example_dags/example_sensor_decorator.py took 0.086 seconds
[2024-04-06T05:01:29.823+0000] {processor.py:161} INFO - Started process (PID=163) to work on /home/airflow/.local/lib/python3.8/site-packages/airflow/example_dags/example_sensor_decorator.py
[2024-04-06T05:01:29.824+0000] {processor.py:830} INFO - Processing file /home/airflow/.local/lib/python3.8/site-packages/airflow/example_dags/example_sensor_decorator.py for tasks to queue
[2024-04-06T05:01:29.826+0000] {logging_mixin.py:188} INFO - [2024-04-06T05:01:29.826+0000] {dagbag.py:540} INFO - Filling up the DagBag from /home/airflow/.local/lib/python3.8/site-packages/airflow/example_dags/example_sensor_decorator.py
[2024-04-06T05:01:29.832+0000] {processor.py:840} INFO - DAG(s) 'example_sensor_decorator' retrieved from /home/airflow/.local/lib/python3.8/site-packages/airflow/example_dags/example_sensor_decorator.py
[2024-04-06T05:01:29.858+0000] {logging_mixin.py:188} INFO - [2024-04-06T05:01:29.858+0000] {dag.py:3047} INFO - Sync 1 DAGs
[2024-04-06T05:01:29.873+0000] {logging_mixin.py:188} INFO - [2024-04-06T05:01:29.873+0000] {dag.py:3834} INFO - Setting next_dagrun for example_sensor_decorator to None, run_after=None
[2024-04-06T05:01:29.899+0000] {processor.py:183} INFO - Processing /home/airflow/.local/lib/python3.8/site-packages/airflow/example_dags/example_sensor_decorator.py took 0.079 seconds
[2024-04-06T05:02:00.259+0000] {processor.py:161} INFO - Started process (PID=218) to work on /home/airflow/.local/lib/python3.8/site-packages/airflow/example_dags/example_sensor_decorator.py
[2024-04-06T05:02:00.261+0000] {processor.py:830} INFO - Processing file /home/airflow/.local/lib/python3.8/site-packages/airflow/example_dags/example_sensor_decorator.py for tasks to queue
[2024-04-06T05:02:00.263+0000] {logging_mixin.py:188} INFO - [2024-04-06T05:02:00.263+0000] {dagbag.py:540} INFO - Filling up the DagBag from /home/airflow/.local/lib/python3.8/site-packages/airflow/example_dags/example_sensor_decorator.py
[2024-04-06T05:02:00.272+0000] {processor.py:840} INFO - DAG(s) 'example_sensor_decorator' retrieved from /home/airflow/.local/lib/python3.8/site-packages/airflow/example_dags/example_sensor_decorator.py
[2024-04-06T05:02:00.303+0000] {logging_mixin.py:188} INFO - [2024-04-06T05:02:00.303+0000] {dag.py:3047} INFO - Sync 1 DAGs
[2024-04-06T05:02:00.324+0000] {logging_mixin.py:188} INFO - [2024-04-06T05:02:00.324+0000] {dag.py:3834} INFO - Setting next_dagrun for example_sensor_decorator to None, run_after=None
[2024-04-06T05:02:00.358+0000] {processor.py:183} INFO - Processing /home/airflow/.local/lib/python3.8/site-packages/airflow/example_dags/example_sensor_decorator.py took 0.103 seconds
[2024-04-06T05:02:30.653+0000] {processor.py:161} INFO - Started process (PID=273) to work on /home/airflow/.local/lib/python3.8/site-packages/airflow/example_dags/example_sensor_decorator.py
[2024-04-06T05:02:30.654+0000] {processor.py:830} INFO - Processing file /home/airflow/.local/lib/python3.8/site-packages/airflow/example_dags/example_sensor_decorator.py for tasks to queue
[2024-04-06T05:02:30.656+0000] {logging_mixin.py:188} INFO - [2024-04-06T05:02:30.656+0000] {dagbag.py:540} INFO - Filling up the DagBag from /home/airflow/.local/lib/python3.8/site-packages/airflow/example_dags/example_sensor_decorator.py
[2024-04-06T05:02:30.662+0000] {processor.py:840} INFO - DAG(s) 'example_sensor_decorator' retrieved from /home/airflow/.local/lib/python3.8/site-packages/airflow/example_dags/example_sensor_decorator.py
[2024-04-06T05:02:30.685+0000] {logging_mixin.py:188} INFO - [2024-04-06T05:02:30.685+0000] {dag.py:3047} INFO - Sync 1 DAGs
[2024-04-06T05:02:30.699+0000] {logging_mixin.py:188} INFO - [2024-04-06T05:02:30.699+0000] {dag.py:3834} INFO - Setting next_dagrun for example_sensor_decorator to None, run_after=None
[2024-04-06T05:02:30.719+0000] {processor.py:183} INFO - Processing /home/airflow/.local/lib/python3.8/site-packages/airflow/example_dags/example_sensor_decorator.py took 0.070 seconds
