[2024-04-06T04:59:55.227+0000] {processor.py:161} INFO - Started process (PID=39) to work on /home/airflow/.local/lib/python3.8/site-packages/airflow/example_dags/example_python_decorator.py
[2024-04-06T04:59:55.229+0000] {processor.py:830} INFO - Processing file /home/airflow/.local/lib/python3.8/site-packages/airflow/example_dags/example_python_decorator.py for tasks to queue
[2024-04-06T04:59:55.233+0000] {logging_mixin.py:188} INFO - [2024-04-06T04:59:55.232+0000] {dagbag.py:540} INFO - Filling up the DagBag from /home/airflow/.local/lib/python3.8/site-packages/airflow/example_dags/example_python_decorator.py
[2024-04-06T04:59:55.267+0000] {processor.py:840} INFO - DAG(s) 'example_python_decorator' retrieved from /home/airflow/.local/lib/python3.8/site-packages/airflow/example_dags/example_python_decorator.py
[2024-04-06T04:59:55.473+0000] {logging_mixin.py:188} INFO - [2024-04-06T04:59:55.472+0000] {override.py:1769} INFO - Created Permission View: can edit on DAG:example_python_decorator
[2024-04-06T04:59:55.510+0000] {logging_mixin.py:188} INFO - [2024-04-06T04:59:55.510+0000] {override.py:1769} INFO - Created Permission View: can read on DAG:example_python_decorator
[2024-04-06T04:59:55.523+0000] {logging_mixin.py:188} INFO - [2024-04-06T04:59:55.522+0000] {override.py:1769} INFO - Created Permission View: can delete on DAG:example_python_decorator
[2024-04-06T04:59:55.524+0000] {logging_mixin.py:188} INFO - [2024-04-06T04:59:55.524+0000] {dag.py:3047} INFO - Sync 1 DAGs
[2024-04-06T04:59:55.543+0000] {logging_mixin.py:188} INFO - [2024-04-06T04:59:55.543+0000] {dag.py:3069} INFO - Creating ORM DAG for example_python_decorator
[2024-04-06T04:59:55.545+0000] {logging_mixin.py:188} INFO - [2024-04-06T04:59:55.545+0000] {dag.py:3834} INFO - Setting next_dagrun for example_python_decorator to None, run_after=None
[2024-04-06T04:59:55.578+0000] {processor.py:183} INFO - Processing /home/airflow/.local/lib/python3.8/site-packages/airflow/example_dags/example_python_decorator.py took 0.355 seconds
[2024-04-06T05:00:26.653+0000] {processor.py:161} INFO - Started process (PID=38) to work on /home/airflow/.local/lib/python3.8/site-packages/airflow/example_dags/example_python_decorator.py
[2024-04-06T05:00:26.654+0000] {processor.py:830} INFO - Processing file /home/airflow/.local/lib/python3.8/site-packages/airflow/example_dags/example_python_decorator.py for tasks to queue
[2024-04-06T05:00:26.657+0000] {logging_mixin.py:188} INFO - [2024-04-06T05:00:26.657+0000] {dagbag.py:540} INFO - Filling up the DagBag from /home/airflow/.local/lib/python3.8/site-packages/airflow/example_dags/example_python_decorator.py
[2024-04-06T05:00:26.678+0000] {processor.py:840} INFO - DAG(s) 'example_python_decorator' retrieved from /home/airflow/.local/lib/python3.8/site-packages/airflow/example_dags/example_python_decorator.py
[2024-04-06T05:00:26.801+0000] {logging_mixin.py:188} INFO - [2024-04-06T05:00:26.800+0000] {dag.py:3047} INFO - Sync 1 DAGs
[2024-04-06T05:00:26.812+0000] {logging_mixin.py:188} INFO - [2024-04-06T05:00:26.811+0000] {dag.py:3834} INFO - Setting next_dagrun for example_python_decorator to None, run_after=None
[2024-04-06T05:00:27.669+0000] {processor.py:183} INFO - Processing /home/airflow/.local/lib/python3.8/site-packages/airflow/example_dags/example_python_decorator.py took 1.021 seconds
[2024-04-06T05:00:58.345+0000] {processor.py:161} INFO - Started process (PID=94) to work on /home/airflow/.local/lib/python3.8/site-packages/airflow/example_dags/example_python_decorator.py
[2024-04-06T05:00:58.347+0000] {processor.py:830} INFO - Processing file /home/airflow/.local/lib/python3.8/site-packages/airflow/example_dags/example_python_decorator.py for tasks to queue
[2024-04-06T05:00:58.349+0000] {logging_mixin.py:188} INFO - [2024-04-06T05:00:58.348+0000] {dagbag.py:540} INFO - Filling up the DagBag from /home/airflow/.local/lib/python3.8/site-packages/airflow/example_dags/example_python_decorator.py
[2024-04-06T05:00:58.362+0000] {processor.py:840} INFO - DAG(s) 'example_python_decorator' retrieved from /home/airflow/.local/lib/python3.8/site-packages/airflow/example_dags/example_python_decorator.py
[2024-04-06T05:00:58.389+0000] {logging_mixin.py:188} INFO - [2024-04-06T05:00:58.389+0000] {dag.py:3047} INFO - Sync 1 DAGs
[2024-04-06T05:00:58.404+0000] {logging_mixin.py:188} INFO - [2024-04-06T05:00:58.403+0000] {dag.py:3834} INFO - Setting next_dagrun for example_python_decorator to None, run_after=None
[2024-04-06T05:00:58.429+0000] {processor.py:183} INFO - Processing /home/airflow/.local/lib/python3.8/site-packages/airflow/example_dags/example_python_decorator.py took 0.087 seconds
[2024-04-06T05:01:28.871+0000] {processor.py:161} INFO - Started process (PID=150) to work on /home/airflow/.local/lib/python3.8/site-packages/airflow/example_dags/example_python_decorator.py
[2024-04-06T05:01:28.872+0000] {processor.py:830} INFO - Processing file /home/airflow/.local/lib/python3.8/site-packages/airflow/example_dags/example_python_decorator.py for tasks to queue
[2024-04-06T05:01:28.874+0000] {logging_mixin.py:188} INFO - [2024-04-06T05:01:28.873+0000] {dagbag.py:540} INFO - Filling up the DagBag from /home/airflow/.local/lib/python3.8/site-packages/airflow/example_dags/example_python_decorator.py
[2024-04-06T05:01:28.887+0000] {processor.py:840} INFO - DAG(s) 'example_python_decorator' retrieved from /home/airflow/.local/lib/python3.8/site-packages/airflow/example_dags/example_python_decorator.py
[2024-04-06T05:01:28.915+0000] {logging_mixin.py:188} INFO - [2024-04-06T05:01:28.915+0000] {dag.py:3047} INFO - Sync 1 DAGs
[2024-04-06T05:01:28.930+0000] {logging_mixin.py:188} INFO - [2024-04-06T05:01:28.930+0000] {dag.py:3834} INFO - Setting next_dagrun for example_python_decorator to None, run_after=None
[2024-04-06T05:01:28.958+0000] {processor.py:183} INFO - Processing /home/airflow/.local/lib/python3.8/site-packages/airflow/example_dags/example_python_decorator.py took 0.091 seconds
[2024-04-06T05:01:59.314+0000] {processor.py:161} INFO - Started process (PID=205) to work on /home/airflow/.local/lib/python3.8/site-packages/airflow/example_dags/example_python_decorator.py
[2024-04-06T05:01:59.315+0000] {processor.py:830} INFO - Processing file /home/airflow/.local/lib/python3.8/site-packages/airflow/example_dags/example_python_decorator.py for tasks to queue
[2024-04-06T05:01:59.318+0000] {logging_mixin.py:188} INFO - [2024-04-06T05:01:59.317+0000] {dagbag.py:540} INFO - Filling up the DagBag from /home/airflow/.local/lib/python3.8/site-packages/airflow/example_dags/example_python_decorator.py
[2024-04-06T05:01:59.331+0000] {processor.py:840} INFO - DAG(s) 'example_python_decorator' retrieved from /home/airflow/.local/lib/python3.8/site-packages/airflow/example_dags/example_python_decorator.py
[2024-04-06T05:01:59.362+0000] {logging_mixin.py:188} INFO - [2024-04-06T05:01:59.362+0000] {dag.py:3047} INFO - Sync 1 DAGs
[2024-04-06T05:01:59.377+0000] {logging_mixin.py:188} INFO - [2024-04-06T05:01:59.377+0000] {dag.py:3834} INFO - Setting next_dagrun for example_python_decorator to None, run_after=None
[2024-04-06T05:01:59.407+0000] {processor.py:183} INFO - Processing /home/airflow/.local/lib/python3.8/site-packages/airflow/example_dags/example_python_decorator.py took 0.096 seconds
[2024-04-06T05:02:29.693+0000] {processor.py:161} INFO - Started process (PID=260) to work on /home/airflow/.local/lib/python3.8/site-packages/airflow/example_dags/example_python_decorator.py
[2024-04-06T05:02:29.694+0000] {processor.py:830} INFO - Processing file /home/airflow/.local/lib/python3.8/site-packages/airflow/example_dags/example_python_decorator.py for tasks to queue
[2024-04-06T05:02:29.696+0000] {logging_mixin.py:188} INFO - [2024-04-06T05:02:29.696+0000] {dagbag.py:540} INFO - Filling up the DagBag from /home/airflow/.local/lib/python3.8/site-packages/airflow/example_dags/example_python_decorator.py
[2024-04-06T05:02:29.709+0000] {processor.py:840} INFO - DAG(s) 'example_python_decorator' retrieved from /home/airflow/.local/lib/python3.8/site-packages/airflow/example_dags/example_python_decorator.py
[2024-04-06T05:02:29.736+0000] {logging_mixin.py:188} INFO - [2024-04-06T05:02:29.735+0000] {dag.py:3047} INFO - Sync 1 DAGs
[2024-04-06T05:02:29.751+0000] {logging_mixin.py:188} INFO - [2024-04-06T05:02:29.750+0000] {dag.py:3834} INFO - Setting next_dagrun for example_python_decorator to None, run_after=None
[2024-04-06T05:02:29.777+0000] {processor.py:183} INFO - Processing /home/airflow/.local/lib/python3.8/site-packages/airflow/example_dags/example_python_decorator.py took 0.087 seconds
