[2024-04-06T05:00:31.245+0000] {processor.py:161} INFO - Started process (PID=72) to work on /home/airflow/.local/lib/python3.8/site-packages/airflow/example_dags/example_short_circuit_operator.py
[2024-04-06T05:00:31.247+0000] {processor.py:830} INFO - Processing file /home/airflow/.local/lib/python3.8/site-packages/airflow/example_dags/example_short_circuit_operator.py for tasks to queue
[2024-04-06T05:00:31.250+0000] {logging_mixin.py:188} INFO - [2024-04-06T05:00:31.249+0000] {dagbag.py:540} INFO - Filling up the DagBag from /home/airflow/.local/lib/python3.8/site-packages/airflow/example_dags/example_short_circuit_operator.py
[2024-04-06T05:00:31.281+0000] {processor.py:840} INFO - DAG(s) 'example_short_circuit_operator' retrieved from /home/airflow/.local/lib/python3.8/site-packages/airflow/example_dags/example_short_circuit_operator.py
[2024-04-06T05:00:31.425+0000] {logging_mixin.py:188} INFO - [2024-04-06T05:00:31.425+0000] {override.py:1769} INFO - Created Permission View: can read on DAG:example_short_circuit_operator
[2024-04-06T05:00:31.439+0000] {logging_mixin.py:188} INFO - [2024-04-06T05:00:31.438+0000] {override.py:1769} INFO - Created Permission View: can edit on DAG:example_short_circuit_operator
[2024-04-06T05:00:31.470+0000] {logging_mixin.py:188} INFO - [2024-04-06T05:00:31.470+0000] {override.py:1769} INFO - Created Permission View: can delete on DAG:example_short_circuit_operator
[2024-04-06T05:00:31.471+0000] {logging_mixin.py:188} INFO - [2024-04-06T05:00:31.471+0000] {dag.py:3047} INFO - Sync 1 DAGs
[2024-04-06T05:00:31.485+0000] {logging_mixin.py:188} INFO - [2024-04-06T05:00:31.485+0000] {dag.py:3069} INFO - Creating ORM DAG for example_short_circuit_operator
[2024-04-06T05:00:31.498+0000] {logging_mixin.py:188} INFO - [2024-04-06T05:00:31.497+0000] {dag.py:3834} INFO - Setting next_dagrun for example_short_circuit_operator to 2024-04-05 00:00:00+00:00, run_after=2024-04-06 00:00:00+00:00
[2024-04-06T05:00:31.533+0000] {processor.py:183} INFO - Processing /home/airflow/.local/lib/python3.8/site-packages/airflow/example_dags/example_short_circuit_operator.py took 0.292 seconds
[2024-04-06T05:01:01.708+0000] {processor.py:161} INFO - Started process (PID=127) to work on /home/airflow/.local/lib/python3.8/site-packages/airflow/example_dags/example_short_circuit_operator.py
[2024-04-06T05:01:01.709+0000] {processor.py:830} INFO - Processing file /home/airflow/.local/lib/python3.8/site-packages/airflow/example_dags/example_short_circuit_operator.py for tasks to queue
[2024-04-06T05:01:01.711+0000] {logging_mixin.py:188} INFO - [2024-04-06T05:01:01.711+0000] {dagbag.py:540} INFO - Filling up the DagBag from /home/airflow/.local/lib/python3.8/site-packages/airflow/example_dags/example_short_circuit_operator.py
[2024-04-06T05:01:01.719+0000] {processor.py:840} INFO - DAG(s) 'example_short_circuit_operator' retrieved from /home/airflow/.local/lib/python3.8/site-packages/airflow/example_dags/example_short_circuit_operator.py
[2024-04-06T05:01:01.747+0000] {logging_mixin.py:188} INFO - [2024-04-06T05:01:01.747+0000] {dag.py:3047} INFO - Sync 1 DAGs
[2024-04-06T05:01:01.772+0000] {logging_mixin.py:188} INFO - [2024-04-06T05:01:01.772+0000] {dag.py:3834} INFO - Setting next_dagrun for example_short_circuit_operator to 2024-04-05 00:00:00+00:00, run_after=2024-04-06 00:00:00+00:00
[2024-04-06T05:01:01.798+0000] {processor.py:183} INFO - Processing /home/airflow/.local/lib/python3.8/site-packages/airflow/example_dags/example_short_circuit_operator.py took 0.093 seconds
[2024-04-06T05:01:32.240+0000] {processor.py:161} INFO - Started process (PID=183) to work on /home/airflow/.local/lib/python3.8/site-packages/airflow/example_dags/example_short_circuit_operator.py
[2024-04-06T05:01:32.242+0000] {processor.py:830} INFO - Processing file /home/airflow/.local/lib/python3.8/site-packages/airflow/example_dags/example_short_circuit_operator.py for tasks to queue
[2024-04-06T05:01:32.244+0000] {logging_mixin.py:188} INFO - [2024-04-06T05:01:32.244+0000] {dagbag.py:540} INFO - Filling up the DagBag from /home/airflow/.local/lib/python3.8/site-packages/airflow/example_dags/example_short_circuit_operator.py
[2024-04-06T05:01:32.253+0000] {processor.py:840} INFO - DAG(s) 'example_short_circuit_operator' retrieved from /home/airflow/.local/lib/python3.8/site-packages/airflow/example_dags/example_short_circuit_operator.py
[2024-04-06T05:01:32.283+0000] {logging_mixin.py:188} INFO - [2024-04-06T05:01:32.283+0000] {dag.py:3047} INFO - Sync 1 DAGs
[2024-04-06T05:01:32.310+0000] {logging_mixin.py:188} INFO - [2024-04-06T05:01:32.310+0000] {dag.py:3834} INFO - Setting next_dagrun for example_short_circuit_operator to 2024-04-05 00:00:00+00:00, run_after=2024-04-06 00:00:00+00:00
[2024-04-06T05:01:32.337+0000] {processor.py:183} INFO - Processing /home/airflow/.local/lib/python3.8/site-packages/airflow/example_dags/example_short_circuit_operator.py took 0.101 seconds
[2024-04-06T05:02:02.696+0000] {processor.py:161} INFO - Started process (PID=238) to work on /home/airflow/.local/lib/python3.8/site-packages/airflow/example_dags/example_short_circuit_operator.py
[2024-04-06T05:02:02.698+0000] {processor.py:830} INFO - Processing file /home/airflow/.local/lib/python3.8/site-packages/airflow/example_dags/example_short_circuit_operator.py for tasks to queue
[2024-04-06T05:02:02.701+0000] {logging_mixin.py:188} INFO - [2024-04-06T05:02:02.700+0000] {dagbag.py:540} INFO - Filling up the DagBag from /home/airflow/.local/lib/python3.8/site-packages/airflow/example_dags/example_short_circuit_operator.py
[2024-04-06T05:02:02.711+0000] {processor.py:840} INFO - DAG(s) 'example_short_circuit_operator' retrieved from /home/airflow/.local/lib/python3.8/site-packages/airflow/example_dags/example_short_circuit_operator.py
[2024-04-06T05:02:02.742+0000] {logging_mixin.py:188} INFO - [2024-04-06T05:02:02.742+0000] {dag.py:3047} INFO - Sync 1 DAGs
[2024-04-06T05:02:02.769+0000] {logging_mixin.py:188} INFO - [2024-04-06T05:02:02.769+0000] {dag.py:3834} INFO - Setting next_dagrun for example_short_circuit_operator to 2024-04-05 00:00:00+00:00, run_after=2024-04-06 00:00:00+00:00
[2024-04-06T05:02:02.796+0000] {processor.py:183} INFO - Processing /home/airflow/.local/lib/python3.8/site-packages/airflow/example_dags/example_short_circuit_operator.py took 0.104 seconds
[2024-04-06T05:02:33.343+0000] {processor.py:161} INFO - Started process (PID=293) to work on /home/airflow/.local/lib/python3.8/site-packages/airflow/example_dags/example_short_circuit_operator.py
[2024-04-06T05:02:33.345+0000] {processor.py:830} INFO - Processing file /home/airflow/.local/lib/python3.8/site-packages/airflow/example_dags/example_short_circuit_operator.py for tasks to queue
[2024-04-06T05:02:33.347+0000] {logging_mixin.py:188} INFO - [2024-04-06T05:02:33.346+0000] {dagbag.py:540} INFO - Filling up the DagBag from /home/airflow/.local/lib/python3.8/site-packages/airflow/example_dags/example_short_circuit_operator.py
[2024-04-06T05:02:33.354+0000] {processor.py:840} INFO - DAG(s) 'example_short_circuit_operator' retrieved from /home/airflow/.local/lib/python3.8/site-packages/airflow/example_dags/example_short_circuit_operator.py
[2024-04-06T05:02:33.384+0000] {logging_mixin.py:188} INFO - [2024-04-06T05:02:33.383+0000] {dag.py:3047} INFO - Sync 1 DAGs
[2024-04-06T05:02:33.411+0000] {logging_mixin.py:188} INFO - [2024-04-06T05:02:33.411+0000] {dag.py:3834} INFO - Setting next_dagrun for example_short_circuit_operator to 2024-04-05 00:00:00+00:00, run_after=2024-04-06 00:00:00+00:00
[2024-04-06T05:02:33.439+0000] {processor.py:183} INFO - Processing /home/airflow/.local/lib/python3.8/site-packages/airflow/example_dags/example_short_circuit_operator.py took 0.099 seconds
