[2024-04-06T05:00:30.225+0000] {processor.py:161} INFO - Started process (PID=66) to work on /home/airflow/.local/lib/python3.8/site-packages/airflow/example_dags/example_complex.py
[2024-04-06T05:00:30.227+0000] {processor.py:830} INFO - Processing file /home/airflow/.local/lib/python3.8/site-packages/airflow/example_dags/example_complex.py for tasks to queue
[2024-04-06T05:00:30.229+0000] {logging_mixin.py:188} INFO - [2024-04-06T05:00:30.229+0000] {dagbag.py:540} INFO - Filling up the DagBag from /home/airflow/.local/lib/python3.8/site-packages/airflow/example_dags/example_complex.py
[2024-04-06T05:00:30.243+0000] {processor.py:840} INFO - DAG(s) 'example_complex' retrieved from /home/airflow/.local/lib/python3.8/site-packages/airflow/example_dags/example_complex.py
[2024-04-06T05:00:30.398+0000] {logging_mixin.py:188} INFO - [2024-04-06T05:00:30.397+0000] {override.py:1769} INFO - Created Permission View: can read on DAG:example_complex
[2024-04-06T05:00:30.411+0000] {logging_mixin.py:188} INFO - [2024-04-06T05:00:30.411+0000] {override.py:1769} INFO - Created Permission View: can edit on DAG:example_complex
[2024-04-06T05:00:30.421+0000] {logging_mixin.py:188} INFO - [2024-04-06T05:00:30.421+0000] {override.py:1769} INFO - Created Permission View: can delete on DAG:example_complex
[2024-04-06T05:00:30.422+0000] {logging_mixin.py:188} INFO - [2024-04-06T05:00:30.422+0000] {dag.py:3047} INFO - Sync 1 DAGs
[2024-04-06T05:00:30.436+0000] {logging_mixin.py:188} INFO - [2024-04-06T05:00:30.436+0000] {dag.py:3069} INFO - Creating ORM DAG for example_complex
[2024-04-06T05:00:30.437+0000] {logging_mixin.py:188} INFO - [2024-04-06T05:00:30.437+0000] {dag.py:3834} INFO - Setting next_dagrun for example_complex to None, run_after=None
[2024-04-06T05:00:30.460+0000] {processor.py:183} INFO - Processing /home/airflow/.local/lib/python3.8/site-packages/airflow/example_dags/example_complex.py took 0.239 seconds
[2024-04-06T05:01:01.240+0000] {processor.py:161} INFO - Started process (PID=121) to work on /home/airflow/.local/lib/python3.8/site-packages/airflow/example_dags/example_complex.py
[2024-04-06T05:01:01.242+0000] {processor.py:830} INFO - Processing file /home/airflow/.local/lib/python3.8/site-packages/airflow/example_dags/example_complex.py for tasks to queue
[2024-04-06T05:01:01.244+0000] {logging_mixin.py:188} INFO - [2024-04-06T05:01:01.244+0000] {dagbag.py:540} INFO - Filling up the DagBag from /home/airflow/.local/lib/python3.8/site-packages/airflow/example_dags/example_complex.py
[2024-04-06T05:01:01.262+0000] {processor.py:840} INFO - DAG(s) 'example_complex' retrieved from /home/airflow/.local/lib/python3.8/site-packages/airflow/example_dags/example_complex.py
[2024-04-06T05:01:01.301+0000] {logging_mixin.py:188} INFO - [2024-04-06T05:01:01.300+0000] {dag.py:3047} INFO - Sync 1 DAGs
[2024-04-06T05:01:01.315+0000] {logging_mixin.py:188} INFO - [2024-04-06T05:01:01.314+0000] {dag.py:3834} INFO - Setting next_dagrun for example_complex to None, run_after=None
[2024-04-06T05:01:01.339+0000] {processor.py:183} INFO - Processing /home/airflow/.local/lib/python3.8/site-packages/airflow/example_dags/example_complex.py took 0.102 seconds
[2024-04-06T05:01:31.781+0000] {processor.py:161} INFO - Started process (PID=177) to work on /home/airflow/.local/lib/python3.8/site-packages/airflow/example_dags/example_complex.py
[2024-04-06T05:01:31.782+0000] {processor.py:830} INFO - Processing file /home/airflow/.local/lib/python3.8/site-packages/airflow/example_dags/example_complex.py for tasks to queue
[2024-04-06T05:01:31.785+0000] {logging_mixin.py:188} INFO - [2024-04-06T05:01:31.784+0000] {dagbag.py:540} INFO - Filling up the DagBag from /home/airflow/.local/lib/python3.8/site-packages/airflow/example_dags/example_complex.py
[2024-04-06T05:01:31.801+0000] {processor.py:840} INFO - DAG(s) 'example_complex' retrieved from /home/airflow/.local/lib/python3.8/site-packages/airflow/example_dags/example_complex.py
[2024-04-06T05:01:31.841+0000] {logging_mixin.py:188} INFO - [2024-04-06T05:01:31.841+0000] {dag.py:3047} INFO - Sync 1 DAGs
[2024-04-06T05:01:31.855+0000] {logging_mixin.py:188} INFO - [2024-04-06T05:01:31.855+0000] {dag.py:3834} INFO - Setting next_dagrun for example_complex to None, run_after=None
[2024-04-06T05:01:31.880+0000] {processor.py:183} INFO - Processing /home/airflow/.local/lib/python3.8/site-packages/airflow/example_dags/example_complex.py took 0.103 seconds
[2024-04-06T05:02:02.236+0000] {processor.py:161} INFO - Started process (PID=232) to work on /home/airflow/.local/lib/python3.8/site-packages/airflow/example_dags/example_complex.py
[2024-04-06T05:02:02.238+0000] {processor.py:830} INFO - Processing file /home/airflow/.local/lib/python3.8/site-packages/airflow/example_dags/example_complex.py for tasks to queue
[2024-04-06T05:02:02.240+0000] {logging_mixin.py:188} INFO - [2024-04-06T05:02:02.240+0000] {dagbag.py:540} INFO - Filling up the DagBag from /home/airflow/.local/lib/python3.8/site-packages/airflow/example_dags/example_complex.py
[2024-04-06T05:02:02.254+0000] {processor.py:840} INFO - DAG(s) 'example_complex' retrieved from /home/airflow/.local/lib/python3.8/site-packages/airflow/example_dags/example_complex.py
[2024-04-06T05:02:02.288+0000] {logging_mixin.py:188} INFO - [2024-04-06T05:02:02.288+0000] {dag.py:3047} INFO - Sync 1 DAGs
[2024-04-06T05:02:02.302+0000] {logging_mixin.py:188} INFO - [2024-04-06T05:02:02.302+0000] {dag.py:3834} INFO - Setting next_dagrun for example_complex to None, run_after=None
[2024-04-06T05:02:02.329+0000] {processor.py:183} INFO - Processing /home/airflow/.local/lib/python3.8/site-packages/airflow/example_dags/example_complex.py took 0.096 seconds
[2024-04-06T05:02:32.808+0000] {processor.py:161} INFO - Started process (PID=287) to work on /home/airflow/.local/lib/python3.8/site-packages/airflow/example_dags/example_complex.py
[2024-04-06T05:02:32.810+0000] {processor.py:830} INFO - Processing file /home/airflow/.local/lib/python3.8/site-packages/airflow/example_dags/example_complex.py for tasks to queue
[2024-04-06T05:02:32.812+0000] {logging_mixin.py:188} INFO - [2024-04-06T05:02:32.811+0000] {dagbag.py:540} INFO - Filling up the DagBag from /home/airflow/.local/lib/python3.8/site-packages/airflow/example_dags/example_complex.py
[2024-04-06T05:02:32.826+0000] {processor.py:840} INFO - DAG(s) 'example_complex' retrieved from /home/airflow/.local/lib/python3.8/site-packages/airflow/example_dags/example_complex.py
[2024-04-06T05:02:32.864+0000] {logging_mixin.py:188} INFO - [2024-04-06T05:02:32.864+0000] {dag.py:3047} INFO - Sync 1 DAGs
[2024-04-06T05:02:32.878+0000] {logging_mixin.py:188} INFO - [2024-04-06T05:02:32.878+0000] {dag.py:3834} INFO - Setting next_dagrun for example_complex to None, run_after=None
[2024-04-06T05:02:32.904+0000] {processor.py:183} INFO - Processing /home/airflow/.local/lib/python3.8/site-packages/airflow/example_dags/example_complex.py took 0.099 seconds
