[2024-04-06T05:00:00.701+0000] {processor.py:161} INFO - Started process (PID=60) to work on /home/airflow/.local/lib/python3.8/site-packages/airflow/example_dags/example_branch_python_dop_operator_3.py
[2024-04-06T05:00:00.704+0000] {processor.py:830} INFO - Processing file /home/airflow/.local/lib/python3.8/site-packages/airflow/example_dags/example_branch_python_dop_operator_3.py for tasks to queue
[2024-04-06T05:00:00.708+0000] {logging_mixin.py:188} INFO - [2024-04-06T05:00:00.707+0000] {dagbag.py:540} INFO - Filling up the DagBag from /home/airflow/.local/lib/python3.8/site-packages/airflow/example_dags/example_branch_python_dop_operator_3.py
[2024-04-06T05:00:00.726+0000] {processor.py:840} INFO - DAG(s) 'example_branch_dop_operator_v3' retrieved from /home/airflow/.local/lib/python3.8/site-packages/airflow/example_dags/example_branch_python_dop_operator_3.py
[2024-04-06T05:00:05.408+0000] {logging_mixin.py:188} INFO - [2024-04-06T05:00:05.405+0000] {override.py:1769} INFO - Created Permission View: can edit on DAG:example_branch_dop_operator_v3
[2024-04-06T05:00:05.444+0000] {logging_mixin.py:188} INFO - [2024-04-06T05:00:05.443+0000] {override.py:1769} INFO - Created Permission View: can read on DAG:example_branch_dop_operator_v3
[2024-04-06T05:00:05.478+0000] {logging_mixin.py:188} INFO - [2024-04-06T05:00:05.477+0000] {override.py:1769} INFO - Created Permission View: can delete on DAG:example_branch_dop_operator_v3
[2024-04-06T05:00:05.479+0000] {logging_mixin.py:188} INFO - [2024-04-06T05:00:05.478+0000] {dag.py:3047} INFO - Sync 1 DAGs
[2024-04-06T05:00:05.513+0000] {logging_mixin.py:188} INFO - [2024-04-06T05:00:05.512+0000] {dag.py:3069} INFO - Creating ORM DAG for example_branch_dop_operator_v3
[2024-04-06T05:00:05.553+0000] {logging_mixin.py:188} INFO - [2024-04-06T05:00:05.552+0000] {dag.py:3834} INFO - Setting next_dagrun for example_branch_dop_operator_v3 to 2024-04-06 04:59:00+00:00, run_after=2024-04-06 05:00:00+00:00
[2024-04-06T05:00:05.624+0000] {processor.py:183} INFO - Processing /home/airflow/.local/lib/python3.8/site-packages/airflow/example_dags/example_branch_python_dop_operator_3.py took 4.931 seconds
[2024-04-06T05:00:29.195+0000] {processor.py:161} INFO - Started process (PID=59) to work on /home/airflow/.local/lib/python3.8/site-packages/airflow/example_dags/example_branch_python_dop_operator_3.py
[2024-04-06T05:00:29.197+0000] {processor.py:830} INFO - Processing file /home/airflow/.local/lib/python3.8/site-packages/airflow/example_dags/example_branch_python_dop_operator_3.py for tasks to queue
[2024-04-06T05:00:29.199+0000] {logging_mixin.py:188} INFO - [2024-04-06T05:00:29.198+0000] {dagbag.py:540} INFO - Filling up the DagBag from /home/airflow/.local/lib/python3.8/site-packages/airflow/example_dags/example_branch_python_dop_operator_3.py
[2024-04-06T05:00:29.207+0000] {processor.py:840} INFO - DAG(s) 'example_branch_dop_operator_v3' retrieved from /home/airflow/.local/lib/python3.8/site-packages/airflow/example_dags/example_branch_python_dop_operator_3.py
[2024-04-06T05:00:29.221+0000] {logging_mixin.py:188} INFO - [2024-04-06T05:00:29.221+0000] {dag.py:3047} INFO - Sync 1 DAGs
[2024-04-06T05:00:29.252+0000] {logging_mixin.py:188} INFO - [2024-04-06T05:00:29.251+0000] {dag.py:3834} INFO - Setting next_dagrun for example_branch_dop_operator_v3 to 2024-04-06 04:59:00+00:00, run_after=2024-04-06 05:00:00+00:00
[2024-04-06T05:00:29.325+0000] {processor.py:183} INFO - Processing /home/airflow/.local/lib/python3.8/site-packages/airflow/example_dags/example_branch_python_dop_operator_3.py took 0.133 seconds
[2024-04-06T05:00:59.780+0000] {processor.py:161} INFO - Started process (PID=114) to work on /home/airflow/.local/lib/python3.8/site-packages/airflow/example_dags/example_branch_python_dop_operator_3.py
[2024-04-06T05:00:59.781+0000] {processor.py:830} INFO - Processing file /home/airflow/.local/lib/python3.8/site-packages/airflow/example_dags/example_branch_python_dop_operator_3.py for tasks to queue
[2024-04-06T05:00:59.783+0000] {logging_mixin.py:188} INFO - [2024-04-06T05:00:59.783+0000] {dagbag.py:540} INFO - Filling up the DagBag from /home/airflow/.local/lib/python3.8/site-packages/airflow/example_dags/example_branch_python_dop_operator_3.py
[2024-04-06T05:00:59.793+0000] {processor.py:840} INFO - DAG(s) 'example_branch_dop_operator_v3' retrieved from /home/airflow/.local/lib/python3.8/site-packages/airflow/example_dags/example_branch_python_dop_operator_3.py
[2024-04-06T05:00:59.820+0000] {logging_mixin.py:188} INFO - [2024-04-06T05:00:59.820+0000] {dag.py:3047} INFO - Sync 1 DAGs
[2024-04-06T05:00:59.857+0000] {logging_mixin.py:188} INFO - [2024-04-06T05:00:59.856+0000] {dag.py:3834} INFO - Setting next_dagrun for example_branch_dop_operator_v3 to 2024-04-06 04:59:00+00:00, run_after=2024-04-06 05:00:00+00:00
[2024-04-06T05:00:59.885+0000] {processor.py:183} INFO - Processing /home/airflow/.local/lib/python3.8/site-packages/airflow/example_dags/example_branch_python_dop_operator_3.py took 0.109 seconds
[2024-04-06T05:01:30.361+0000] {processor.py:161} INFO - Started process (PID=170) to work on /home/airflow/.local/lib/python3.8/site-packages/airflow/example_dags/example_branch_python_dop_operator_3.py
[2024-04-06T05:01:30.363+0000] {processor.py:830} INFO - Processing file /home/airflow/.local/lib/python3.8/site-packages/airflow/example_dags/example_branch_python_dop_operator_3.py for tasks to queue
[2024-04-06T05:01:30.365+0000] {logging_mixin.py:188} INFO - [2024-04-06T05:01:30.364+0000] {dagbag.py:540} INFO - Filling up the DagBag from /home/airflow/.local/lib/python3.8/site-packages/airflow/example_dags/example_branch_python_dop_operator_3.py
[2024-04-06T05:01:30.376+0000] {processor.py:840} INFO - DAG(s) 'example_branch_dop_operator_v3' retrieved from /home/airflow/.local/lib/python3.8/site-packages/airflow/example_dags/example_branch_python_dop_operator_3.py
[2024-04-06T05:01:30.402+0000] {logging_mixin.py:188} INFO - [2024-04-06T05:01:30.402+0000] {dag.py:3047} INFO - Sync 1 DAGs
[2024-04-06T05:01:30.435+0000] {logging_mixin.py:188} INFO - [2024-04-06T05:01:30.434+0000] {dag.py:3834} INFO - Setting next_dagrun for example_branch_dop_operator_v3 to 2024-04-06 05:00:00+00:00, run_after=2024-04-06 05:01:00+00:00
[2024-04-06T05:01:30.460+0000] {processor.py:183} INFO - Processing /home/airflow/.local/lib/python3.8/site-packages/airflow/example_dags/example_branch_python_dop_operator_3.py took 0.103 seconds
[2024-04-06T05:02:00.760+0000] {processor.py:161} INFO - Started process (PID=225) to work on /home/airflow/.local/lib/python3.8/site-packages/airflow/example_dags/example_branch_python_dop_operator_3.py
[2024-04-06T05:02:00.761+0000] {processor.py:830} INFO - Processing file /home/airflow/.local/lib/python3.8/site-packages/airflow/example_dags/example_branch_python_dop_operator_3.py for tasks to queue
[2024-04-06T05:02:00.764+0000] {logging_mixin.py:188} INFO - [2024-04-06T05:02:00.763+0000] {dagbag.py:540} INFO - Filling up the DagBag from /home/airflow/.local/lib/python3.8/site-packages/airflow/example_dags/example_branch_python_dop_operator_3.py
[2024-04-06T05:02:00.774+0000] {processor.py:840} INFO - DAG(s) 'example_branch_dop_operator_v3' retrieved from /home/airflow/.local/lib/python3.8/site-packages/airflow/example_dags/example_branch_python_dop_operator_3.py
[2024-04-06T05:02:00.800+0000] {logging_mixin.py:188} INFO - [2024-04-06T05:02:00.799+0000] {dag.py:3047} INFO - Sync 1 DAGs
[2024-04-06T05:02:00.840+0000] {logging_mixin.py:188} INFO - [2024-04-06T05:02:00.840+0000] {dag.py:3834} INFO - Setting next_dagrun for example_branch_dop_operator_v3 to 2024-04-06 05:01:00+00:00, run_after=2024-04-06 05:02:00+00:00
[2024-04-06T05:02:00.867+0000] {processor.py:183} INFO - Processing /home/airflow/.local/lib/python3.8/site-packages/airflow/example_dags/example_branch_python_dop_operator_3.py took 0.111 seconds
[2024-04-06T05:02:31.296+0000] {processor.py:161} INFO - Started process (PID=280) to work on /home/airflow/.local/lib/python3.8/site-packages/airflow/example_dags/example_branch_python_dop_operator_3.py
[2024-04-06T05:02:31.297+0000] {processor.py:830} INFO - Processing file /home/airflow/.local/lib/python3.8/site-packages/airflow/example_dags/example_branch_python_dop_operator_3.py for tasks to queue
[2024-04-06T05:02:31.299+0000] {logging_mixin.py:188} INFO - [2024-04-06T05:02:31.298+0000] {dagbag.py:540} INFO - Filling up the DagBag from /home/airflow/.local/lib/python3.8/site-packages/airflow/example_dags/example_branch_python_dop_operator_3.py
[2024-04-06T05:02:31.308+0000] {processor.py:840} INFO - DAG(s) 'example_branch_dop_operator_v3' retrieved from /home/airflow/.local/lib/python3.8/site-packages/airflow/example_dags/example_branch_python_dop_operator_3.py
[2024-04-06T05:02:31.334+0000] {logging_mixin.py:188} INFO - [2024-04-06T05:02:31.333+0000] {dag.py:3047} INFO - Sync 1 DAGs
[2024-04-06T05:02:31.363+0000] {logging_mixin.py:188} INFO - [2024-04-06T05:02:31.362+0000] {dag.py:3834} INFO - Setting next_dagrun for example_branch_dop_operator_v3 to 2024-04-06 05:01:00+00:00, run_after=2024-04-06 05:02:00+00:00
[2024-04-06T05:02:31.390+0000] {processor.py:183} INFO - Processing /home/airflow/.local/lib/python3.8/site-packages/airflow/example_dags/example_branch_python_dop_operator_3.py took 0.098 seconds
