[2024-04-06T05:00:00.225+0000] {processor.py:161} INFO - Started process (PID=58) to work on /home/airflow/.local/lib/python3.8/site-packages/airflow/example_dags/example_subdag_operator.py
[2024-04-06T05:00:00.227+0000] {processor.py:830} INFO - Processing file /home/airflow/.local/lib/python3.8/site-packages/airflow/example_dags/example_subdag_operator.py for tasks to queue
[2024-04-06T05:00:00.231+0000] {logging_mixin.py:188} INFO - [2024-04-06T05:00:00.230+0000] {dagbag.py:540} INFO - Filling up the DagBag from /home/airflow/.local/lib/python3.8/site-packages/airflow/example_dags/example_subdag_operator.py
[2024-04-06T05:00:00.282+0000] {processor.py:840} INFO - DAG(s) 'example_subdag_operator.section-1', 'example_subdag_operator.section-2', 'example_subdag_operator' retrieved from /home/airflow/.local/lib/python3.8/site-packages/airflow/example_dags/example_subdag_operator.py
[2024-04-06T05:00:00.484+0000] {logging_mixin.py:188} INFO - [2024-04-06T05:00:00.483+0000] {override.py:1769} INFO - Created Permission View: can edit on DAG:example_subdag_operator
[2024-04-06T05:00:00.536+0000] {logging_mixin.py:188} INFO - [2024-04-06T05:00:00.535+0000] {override.py:1769} INFO - Created Permission View: can read on DAG:example_subdag_operator
[2024-04-06T05:00:00.549+0000] {logging_mixin.py:188} INFO - [2024-04-06T05:00:00.548+0000] {override.py:1769} INFO - Created Permission View: can delete on DAG:example_subdag_operator
[2024-04-06T05:00:00.550+0000] {logging_mixin.py:188} INFO - [2024-04-06T05:00:00.550+0000] {dag.py:3047} INFO - Sync 3 DAGs
[2024-04-06T05:00:00.567+0000] {logging_mixin.py:188} INFO - [2024-04-06T05:00:00.567+0000] {dag.py:3069} INFO - Creating ORM DAG for example_subdag_operator.section-1
[2024-04-06T05:00:00.569+0000] {logging_mixin.py:188} INFO - [2024-04-06T05:00:00.568+0000] {dag.py:3069} INFO - Creating ORM DAG for example_subdag_operator
[2024-04-06T05:00:00.571+0000] {logging_mixin.py:188} INFO - [2024-04-06T05:00:00.570+0000] {dag.py:3069} INFO - Creating ORM DAG for example_subdag_operator.section-2
[2024-04-06T05:00:00.589+0000] {logging_mixin.py:188} INFO - [2024-04-06T05:00:00.589+0000] {dag.py:3834} INFO - Setting next_dagrun for example_subdag_operator to 2022-01-01 00:00:00+00:00, run_after=2022-01-01 00:00:00+00:00
[2024-04-06T05:00:00.591+0000] {logging_mixin.py:188} INFO - [2024-04-06T05:00:00.591+0000] {dag.py:3834} INFO - Setting next_dagrun for example_subdag_operator.section-1 to None, run_after=None
[2024-04-06T05:00:00.593+0000] {logging_mixin.py:188} INFO - [2024-04-06T05:00:00.592+0000] {dag.py:3834} INFO - Setting next_dagrun for example_subdag_operator.section-2 to None, run_after=None
[2024-04-06T05:00:00.611+0000] {logging_mixin.py:188} INFO - [2024-04-06T05:00:00.610+0000] {dag.py:3047} INFO - Sync 2 DAGs
[2024-04-06T05:00:00.622+0000] {logging_mixin.py:188} INFO - [2024-04-06T05:00:00.621+0000] {dag.py:3834} INFO - Setting next_dagrun for example_subdag_operator.section-1 to None, run_after=None
[2024-04-06T05:00:00.627+0000] {logging_mixin.py:188} INFO - [2024-04-06T05:00:00.626+0000] {dag.py:3834} INFO - Setting next_dagrun for example_subdag_operator.section-2 to None, run_after=None
[2024-04-06T05:00:00.652+0000] {processor.py:183} INFO - Processing /home/airflow/.local/lib/python3.8/site-packages/airflow/example_dags/example_subdag_operator.py took 0.432 seconds
[2024-04-06T05:00:28.932+0000] {processor.py:161} INFO - Started process (PID=57) to work on /home/airflow/.local/lib/python3.8/site-packages/airflow/example_dags/example_subdag_operator.py
[2024-04-06T05:00:28.933+0000] {processor.py:830} INFO - Processing file /home/airflow/.local/lib/python3.8/site-packages/airflow/example_dags/example_subdag_operator.py for tasks to queue
[2024-04-06T05:00:28.935+0000] {logging_mixin.py:188} INFO - [2024-04-06T05:00:28.935+0000] {dagbag.py:540} INFO - Filling up the DagBag from /home/airflow/.local/lib/python3.8/site-packages/airflow/example_dags/example_subdag_operator.py
[2024-04-06T05:00:28.961+0000] {processor.py:840} INFO - DAG(s) 'example_subdag_operator.section-1', 'example_subdag_operator.section-2', 'example_subdag_operator' retrieved from /home/airflow/.local/lib/python3.8/site-packages/airflow/example_dags/example_subdag_operator.py
[2024-04-06T05:00:28.967+0000] {logging_mixin.py:188} INFO - [2024-04-06T05:00:28.967+0000] {dag.py:3047} INFO - Sync 3 DAGs
[2024-04-06T05:00:28.993+0000] {logging_mixin.py:188} INFO - [2024-04-06T05:00:28.993+0000] {dag.py:3834} INFO - Setting next_dagrun for example_subdag_operator to 2022-01-01 00:00:00+00:00, run_after=2022-01-01 00:00:00+00:00
[2024-04-06T05:00:28.998+0000] {logging_mixin.py:188} INFO - [2024-04-06T05:00:28.998+0000] {dag.py:3834} INFO - Setting next_dagrun for example_subdag_operator.section-1 to None, run_after=None
[2024-04-06T05:00:29.001+0000] {logging_mixin.py:188} INFO - [2024-04-06T05:00:29.001+0000] {dag.py:3834} INFO - Setting next_dagrun for example_subdag_operator.section-2 to None, run_after=None
[2024-04-06T05:00:29.010+0000] {logging_mixin.py:188} INFO - [2024-04-06T05:00:29.010+0000] {dag.py:3047} INFO - Sync 2 DAGs
[2024-04-06T05:00:29.017+0000] {logging_mixin.py:188} INFO - [2024-04-06T05:00:29.017+0000] {dag.py:3834} INFO - Setting next_dagrun for example_subdag_operator.section-1 to None, run_after=None
[2024-04-06T05:00:29.018+0000] {logging_mixin.py:188} INFO - [2024-04-06T05:00:29.018+0000] {dag.py:3834} INFO - Setting next_dagrun for example_subdag_operator.section-2 to None, run_after=None
[2024-04-06T05:00:29.036+0000] {processor.py:183} INFO - Processing /home/airflow/.local/lib/python3.8/site-packages/airflow/example_dags/example_subdag_operator.py took 0.107 seconds
[2024-04-06T05:00:59.565+0000] {processor.py:161} INFO - Started process (PID=112) to work on /home/airflow/.local/lib/python3.8/site-packages/airflow/example_dags/example_subdag_operator.py
[2024-04-06T05:00:59.566+0000] {processor.py:830} INFO - Processing file /home/airflow/.local/lib/python3.8/site-packages/airflow/example_dags/example_subdag_operator.py for tasks to queue
[2024-04-06T05:00:59.569+0000] {logging_mixin.py:188} INFO - [2024-04-06T05:00:59.568+0000] {dagbag.py:540} INFO - Filling up the DagBag from /home/airflow/.local/lib/python3.8/site-packages/airflow/example_dags/example_subdag_operator.py
[2024-04-06T05:00:59.598+0000] {processor.py:840} INFO - DAG(s) 'example_subdag_operator.section-1', 'example_subdag_operator.section-2', 'example_subdag_operator' retrieved from /home/airflow/.local/lib/python3.8/site-packages/airflow/example_dags/example_subdag_operator.py
[2024-04-06T05:00:59.617+0000] {logging_mixin.py:188} INFO - [2024-04-06T05:00:59.617+0000] {dag.py:3047} INFO - Sync 3 DAGs
[2024-04-06T05:00:59.645+0000] {logging_mixin.py:188} INFO - [2024-04-06T05:00:59.644+0000] {dag.py:3834} INFO - Setting next_dagrun for example_subdag_operator to 2022-01-01 00:00:00+00:00, run_after=2022-01-01 00:00:00+00:00
[2024-04-06T05:00:59.650+0000] {logging_mixin.py:188} INFO - [2024-04-06T05:00:59.649+0000] {dag.py:3834} INFO - Setting next_dagrun for example_subdag_operator.section-1 to None, run_after=None
[2024-04-06T05:00:59.652+0000] {logging_mixin.py:188} INFO - [2024-04-06T05:00:59.652+0000] {dag.py:3834} INFO - Setting next_dagrun for example_subdag_operator.section-2 to None, run_after=None
[2024-04-06T05:00:59.661+0000] {logging_mixin.py:188} INFO - [2024-04-06T05:00:59.661+0000] {dag.py:3047} INFO - Sync 2 DAGs
[2024-04-06T05:00:59.667+0000] {logging_mixin.py:188} INFO - [2024-04-06T05:00:59.667+0000] {dag.py:3834} INFO - Setting next_dagrun for example_subdag_operator.section-1 to None, run_after=None
[2024-04-06T05:00:59.668+0000] {logging_mixin.py:188} INFO - [2024-04-06T05:00:59.668+0000] {dag.py:3834} INFO - Setting next_dagrun for example_subdag_operator.section-2 to None, run_after=None
[2024-04-06T05:00:59.682+0000] {processor.py:183} INFO - Processing /home/airflow/.local/lib/python3.8/site-packages/airflow/example_dags/example_subdag_operator.py took 0.121 seconds
[2024-04-06T05:01:30.233+0000] {processor.py:161} INFO - Started process (PID=168) to work on /home/airflow/.local/lib/python3.8/site-packages/airflow/example_dags/example_subdag_operator.py
[2024-04-06T05:01:30.234+0000] {processor.py:830} INFO - Processing file /home/airflow/.local/lib/python3.8/site-packages/airflow/example_dags/example_subdag_operator.py for tasks to queue
[2024-04-06T05:01:30.237+0000] {logging_mixin.py:188} INFO - [2024-04-06T05:01:30.236+0000] {dagbag.py:540} INFO - Filling up the DagBag from /home/airflow/.local/lib/python3.8/site-packages/airflow/example_dags/example_subdag_operator.py
[2024-04-06T05:01:30.267+0000] {processor.py:840} INFO - DAG(s) 'example_subdag_operator.section-1', 'example_subdag_operator.section-2', 'example_subdag_operator' retrieved from /home/airflow/.local/lib/python3.8/site-packages/airflow/example_dags/example_subdag_operator.py
[2024-04-06T05:01:30.286+0000] {logging_mixin.py:188} INFO - [2024-04-06T05:01:30.286+0000] {dag.py:3047} INFO - Sync 3 DAGs
[2024-04-06T05:01:30.311+0000] {logging_mixin.py:188} INFO - [2024-04-06T05:01:30.311+0000] {dag.py:3834} INFO - Setting next_dagrun for example_subdag_operator to 2022-01-01 00:00:00+00:00, run_after=2022-01-01 00:00:00+00:00
[2024-04-06T05:01:30.316+0000] {logging_mixin.py:188} INFO - [2024-04-06T05:01:30.316+0000] {dag.py:3834} INFO - Setting next_dagrun for example_subdag_operator.section-1 to None, run_after=None
[2024-04-06T05:01:30.319+0000] {logging_mixin.py:188} INFO - [2024-04-06T05:01:30.319+0000] {dag.py:3834} INFO - Setting next_dagrun for example_subdag_operator.section-2 to None, run_after=None
[2024-04-06T05:01:30.329+0000] {logging_mixin.py:188} INFO - [2024-04-06T05:01:30.329+0000] {dag.py:3047} INFO - Sync 2 DAGs
[2024-04-06T05:01:30.336+0000] {logging_mixin.py:188} INFO - [2024-04-06T05:01:30.336+0000] {dag.py:3834} INFO - Setting next_dagrun for example_subdag_operator.section-1 to None, run_after=None
[2024-04-06T05:01:30.337+0000] {logging_mixin.py:188} INFO - [2024-04-06T05:01:30.337+0000] {dag.py:3834} INFO - Setting next_dagrun for example_subdag_operator.section-2 to None, run_after=None
[2024-04-06T05:01:30.357+0000] {processor.py:183} INFO - Processing /home/airflow/.local/lib/python3.8/site-packages/airflow/example_dags/example_subdag_operator.py took 0.129 seconds
[2024-04-06T05:02:00.606+0000] {processor.py:161} INFO - Started process (PID=223) to work on /home/airflow/.local/lib/python3.8/site-packages/airflow/example_dags/example_subdag_operator.py
[2024-04-06T05:02:00.607+0000] {processor.py:830} INFO - Processing file /home/airflow/.local/lib/python3.8/site-packages/airflow/example_dags/example_subdag_operator.py for tasks to queue
[2024-04-06T05:02:00.610+0000] {logging_mixin.py:188} INFO - [2024-04-06T05:02:00.609+0000] {dagbag.py:540} INFO - Filling up the DagBag from /home/airflow/.local/lib/python3.8/site-packages/airflow/example_dags/example_subdag_operator.py
[2024-04-06T05:02:00.637+0000] {processor.py:840} INFO - DAG(s) 'example_subdag_operator.section-1', 'example_subdag_operator.section-2', 'example_subdag_operator' retrieved from /home/airflow/.local/lib/python3.8/site-packages/airflow/example_dags/example_subdag_operator.py
[2024-04-06T05:02:00.656+0000] {logging_mixin.py:188} INFO - [2024-04-06T05:02:00.656+0000] {dag.py:3047} INFO - Sync 3 DAGs
[2024-04-06T05:02:00.680+0000] {logging_mixin.py:188} INFO - [2024-04-06T05:02:00.680+0000] {dag.py:3834} INFO - Setting next_dagrun for example_subdag_operator to 2022-01-01 00:00:00+00:00, run_after=2022-01-01 00:00:00+00:00
[2024-04-06T05:02:00.685+0000] {logging_mixin.py:188} INFO - [2024-04-06T05:02:00.685+0000] {dag.py:3834} INFO - Setting next_dagrun for example_subdag_operator.section-1 to None, run_after=None
[2024-04-06T05:02:00.687+0000] {logging_mixin.py:188} INFO - [2024-04-06T05:02:00.687+0000] {dag.py:3834} INFO - Setting next_dagrun for example_subdag_operator.section-2 to None, run_after=None
[2024-04-06T05:02:00.698+0000] {logging_mixin.py:188} INFO - [2024-04-06T05:02:00.698+0000] {dag.py:3047} INFO - Sync 2 DAGs
[2024-04-06T05:02:00.707+0000] {logging_mixin.py:188} INFO - [2024-04-06T05:02:00.707+0000] {dag.py:3834} INFO - Setting next_dagrun for example_subdag_operator.section-1 to None, run_after=None
[2024-04-06T05:02:00.708+0000] {logging_mixin.py:188} INFO - [2024-04-06T05:02:00.708+0000] {dag.py:3834} INFO - Setting next_dagrun for example_subdag_operator.section-2 to None, run_after=None
[2024-04-06T05:02:00.725+0000] {processor.py:183} INFO - Processing /home/airflow/.local/lib/python3.8/site-packages/airflow/example_dags/example_subdag_operator.py took 0.123 seconds
[2024-04-06T05:02:31.016+0000] {processor.py:161} INFO - Started process (PID=278) to work on /home/airflow/.local/lib/python3.8/site-packages/airflow/example_dags/example_subdag_operator.py
[2024-04-06T05:02:31.017+0000] {processor.py:830} INFO - Processing file /home/airflow/.local/lib/python3.8/site-packages/airflow/example_dags/example_subdag_operator.py for tasks to queue
[2024-04-06T05:02:31.019+0000] {logging_mixin.py:188} INFO - [2024-04-06T05:02:31.018+0000] {dagbag.py:540} INFO - Filling up the DagBag from /home/airflow/.local/lib/python3.8/site-packages/airflow/example_dags/example_subdag_operator.py
[2024-04-06T05:02:31.048+0000] {processor.py:840} INFO - DAG(s) 'example_subdag_operator.section-1', 'example_subdag_operator.section-2', 'example_subdag_operator' retrieved from /home/airflow/.local/lib/python3.8/site-packages/airflow/example_dags/example_subdag_operator.py
[2024-04-06T05:02:31.067+0000] {logging_mixin.py:188} INFO - [2024-04-06T05:02:31.067+0000] {dag.py:3047} INFO - Sync 3 DAGs
[2024-04-06T05:02:31.092+0000] {logging_mixin.py:188} INFO - [2024-04-06T05:02:31.092+0000] {dag.py:3834} INFO - Setting next_dagrun for example_subdag_operator to 2022-01-01 00:00:00+00:00, run_after=2022-01-01 00:00:00+00:00
[2024-04-06T05:02:31.097+0000] {logging_mixin.py:188} INFO - [2024-04-06T05:02:31.097+0000] {dag.py:3834} INFO - Setting next_dagrun for example_subdag_operator.section-1 to None, run_after=None
[2024-04-06T05:02:31.100+0000] {logging_mixin.py:188} INFO - [2024-04-06T05:02:31.100+0000] {dag.py:3834} INFO - Setting next_dagrun for example_subdag_operator.section-2 to None, run_after=None
[2024-04-06T05:02:31.109+0000] {logging_mixin.py:188} INFO - [2024-04-06T05:02:31.109+0000] {dag.py:3047} INFO - Sync 2 DAGs
[2024-04-06T05:02:31.116+0000] {logging_mixin.py:188} INFO - [2024-04-06T05:02:31.116+0000] {dag.py:3834} INFO - Setting next_dagrun for example_subdag_operator.section-1 to None, run_after=None
[2024-04-06T05:02:31.118+0000] {logging_mixin.py:188} INFO - [2024-04-06T05:02:31.117+0000] {dag.py:3834} INFO - Setting next_dagrun for example_subdag_operator.section-2 to None, run_after=None
[2024-04-06T05:02:31.135+0000] {processor.py:183} INFO - Processing /home/airflow/.local/lib/python3.8/site-packages/airflow/example_dags/example_subdag_operator.py took 0.123 seconds
