[2024-04-06T04:59:56.986+0000] {processor.py:161} INFO - Started process (PID=46) to work on /home/airflow/.local/lib/python3.8/site-packages/airflow/example_dags/example_branch_datetime_operator.py
[2024-04-06T04:59:56.987+0000] {processor.py:830} INFO - Processing file /home/airflow/.local/lib/python3.8/site-packages/airflow/example_dags/example_branch_datetime_operator.py for tasks to queue
[2024-04-06T04:59:56.990+0000] {logging_mixin.py:188} INFO - [2024-04-06T04:59:56.990+0000] {dagbag.py:540} INFO - Filling up the DagBag from /home/airflow/.local/lib/python3.8/site-packages/airflow/example_dags/example_branch_datetime_operator.py
[2024-04-06T04:59:57.030+0000] {processor.py:840} INFO - DAG(s) 'example_branch_datetime_operator_2', 'example_branch_datetime_operator_3', 'example_branch_datetime_operator' retrieved from /home/airflow/.local/lib/python3.8/site-packages/airflow/example_dags/example_branch_datetime_operator.py
[2024-04-06T04:59:57.293+0000] {logging_mixin.py:188} INFO - [2024-04-06T04:59:57.292+0000] {override.py:1769} INFO - Created Permission View: can edit on DAG:example_branch_datetime_operator_2
[2024-04-06T04:59:57.310+0000] {logging_mixin.py:188} INFO - [2024-04-06T04:59:57.309+0000] {override.py:1769} INFO - Created Permission View: can read on DAG:example_branch_datetime_operator_2
[2024-04-06T04:59:57.350+0000] {logging_mixin.py:188} INFO - [2024-04-06T04:59:57.350+0000] {override.py:1769} INFO - Created Permission View: can delete on DAG:example_branch_datetime_operator_2
[2024-04-06T04:59:57.373+0000] {logging_mixin.py:188} INFO - [2024-04-06T04:59:57.372+0000] {override.py:1769} INFO - Created Permission View: can edit on DAG:example_branch_datetime_operator_3
[2024-04-06T04:59:57.413+0000] {logging_mixin.py:188} INFO - [2024-04-06T04:59:57.413+0000] {override.py:1769} INFO - Created Permission View: can read on DAG:example_branch_datetime_operator_3
[2024-04-06T04:59:57.537+0000] {logging_mixin.py:188} INFO - [2024-04-06T04:59:57.536+0000] {override.py:1769} INFO - Created Permission View: can delete on DAG:example_branch_datetime_operator_3
[2024-04-06T04:59:57.623+0000] {logging_mixin.py:188} INFO - [2024-04-06T04:59:57.622+0000] {override.py:1769} INFO - Created Permission View: can edit on DAG:example_branch_datetime_operator
[2024-04-06T04:59:57.706+0000] {logging_mixin.py:188} INFO - [2024-04-06T04:59:57.705+0000] {override.py:1769} INFO - Created Permission View: can read on DAG:example_branch_datetime_operator
[2024-04-06T04:59:57.748+0000] {logging_mixin.py:188} INFO - [2024-04-06T04:59:57.747+0000] {override.py:1769} INFO - Created Permission View: can delete on DAG:example_branch_datetime_operator
[2024-04-06T04:59:57.749+0000] {logging_mixin.py:188} INFO - [2024-04-06T04:59:57.748+0000] {dag.py:3047} INFO - Sync 3 DAGs
[2024-04-06T04:59:57.763+0000] {logging_mixin.py:188} INFO - [2024-04-06T04:59:57.763+0000] {dag.py:3069} INFO - Creating ORM DAG for example_branch_datetime_operator
[2024-04-06T04:59:57.765+0000] {logging_mixin.py:188} INFO - [2024-04-06T04:59:57.764+0000] {dag.py:3069} INFO - Creating ORM DAG for example_branch_datetime_operator_3
[2024-04-06T04:59:57.766+0000] {logging_mixin.py:188} INFO - [2024-04-06T04:59:57.765+0000] {dag.py:3069} INFO - Creating ORM DAG for example_branch_datetime_operator_2
[2024-04-06T04:59:57.778+0000] {logging_mixin.py:188} INFO - [2024-04-06T04:59:57.778+0000] {dag.py:3834} INFO - Setting next_dagrun for example_branch_datetime_operator to 2024-04-05 00:00:00+00:00, run_after=2024-04-06 00:00:00+00:00
[2024-04-06T04:59:57.781+0000] {logging_mixin.py:188} INFO - [2024-04-06T04:59:57.781+0000] {dag.py:3834} INFO - Setting next_dagrun for example_branch_datetime_operator_2 to 2024-04-05 00:00:00+00:00, run_after=2024-04-06 00:00:00+00:00
[2024-04-06T04:59:57.783+0000] {logging_mixin.py:188} INFO - [2024-04-06T04:59:57.783+0000] {dag.py:3834} INFO - Setting next_dagrun for example_branch_datetime_operator_3 to 2024-04-05 00:00:00+00:00, run_after=2024-04-06 00:00:00+00:00
[2024-04-06T04:59:57.847+0000] {processor.py:183} INFO - Processing /home/airflow/.local/lib/python3.8/site-packages/airflow/example_dags/example_branch_datetime_operator.py took 0.865 seconds
[2024-04-06T05:00:28.144+0000] {processor.py:161} INFO - Started process (PID=45) to work on /home/airflow/.local/lib/python3.8/site-packages/airflow/example_dags/example_branch_datetime_operator.py
[2024-04-06T05:00:28.145+0000] {processor.py:830} INFO - Processing file /home/airflow/.local/lib/python3.8/site-packages/airflow/example_dags/example_branch_datetime_operator.py for tasks to queue
[2024-04-06T05:00:28.147+0000] {logging_mixin.py:188} INFO - [2024-04-06T05:00:28.147+0000] {dagbag.py:540} INFO - Filling up the DagBag from /home/airflow/.local/lib/python3.8/site-packages/airflow/example_dags/example_branch_datetime_operator.py
[2024-04-06T05:00:28.159+0000] {processor.py:840} INFO - DAG(s) 'example_branch_datetime_operator_2', 'example_branch_datetime_operator', 'example_branch_datetime_operator_3' retrieved from /home/airflow/.local/lib/python3.8/site-packages/airflow/example_dags/example_branch_datetime_operator.py
[2024-04-06T05:00:28.193+0000] {logging_mixin.py:188} INFO - [2024-04-06T05:00:28.193+0000] {dag.py:3047} INFO - Sync 3 DAGs
[2024-04-06T05:00:28.220+0000] {logging_mixin.py:188} INFO - [2024-04-06T05:00:28.220+0000] {dag.py:3834} INFO - Setting next_dagrun for example_branch_datetime_operator to 2024-04-05 00:00:00+00:00, run_after=2024-04-06 00:00:00+00:00
[2024-04-06T05:00:28.226+0000] {logging_mixin.py:188} INFO - [2024-04-06T05:00:28.226+0000] {dag.py:3834} INFO - Setting next_dagrun for example_branch_datetime_operator_2 to 2024-04-05 00:00:00+00:00, run_after=2024-04-06 00:00:00+00:00
[2024-04-06T05:00:28.231+0000] {logging_mixin.py:188} INFO - [2024-04-06T05:00:28.230+0000] {dag.py:3834} INFO - Setting next_dagrun for example_branch_datetime_operator_3 to 2024-04-05 00:00:00+00:00, run_after=2024-04-06 00:00:00+00:00
[2024-04-06T05:00:28.256+0000] {processor.py:183} INFO - Processing /home/airflow/.local/lib/python3.8/site-packages/airflow/example_dags/example_branch_datetime_operator.py took 0.115 seconds
[2024-04-06T05:00:58.744+0000] {processor.py:161} INFO - Started process (PID=100) to work on /home/airflow/.local/lib/python3.8/site-packages/airflow/example_dags/example_branch_datetime_operator.py
[2024-04-06T05:00:58.745+0000] {processor.py:830} INFO - Processing file /home/airflow/.local/lib/python3.8/site-packages/airflow/example_dags/example_branch_datetime_operator.py for tasks to queue
[2024-04-06T05:00:58.747+0000] {logging_mixin.py:188} INFO - [2024-04-06T05:00:58.747+0000] {dagbag.py:540} INFO - Filling up the DagBag from /home/airflow/.local/lib/python3.8/site-packages/airflow/example_dags/example_branch_datetime_operator.py
[2024-04-06T05:00:58.764+0000] {processor.py:840} INFO - DAG(s) 'example_branch_datetime_operator', 'example_branch_datetime_operator_2', 'example_branch_datetime_operator_3' retrieved from /home/airflow/.local/lib/python3.8/site-packages/airflow/example_dags/example_branch_datetime_operator.py
[2024-04-06T05:00:58.799+0000] {logging_mixin.py:188} INFO - [2024-04-06T05:00:58.799+0000] {dag.py:3047} INFO - Sync 3 DAGs
[2024-04-06T05:00:58.829+0000] {logging_mixin.py:188} INFO - [2024-04-06T05:00:58.829+0000] {dag.py:3834} INFO - Setting next_dagrun for example_branch_datetime_operator to 2024-04-05 00:00:00+00:00, run_after=2024-04-06 00:00:00+00:00
[2024-04-06T05:00:58.835+0000] {logging_mixin.py:188} INFO - [2024-04-06T05:00:58.835+0000] {dag.py:3834} INFO - Setting next_dagrun for example_branch_datetime_operator_2 to 2024-04-05 00:00:00+00:00, run_after=2024-04-06 00:00:00+00:00
[2024-04-06T05:00:58.838+0000] {logging_mixin.py:188} INFO - [2024-04-06T05:00:58.838+0000] {dag.py:3834} INFO - Setting next_dagrun for example_branch_datetime_operator_3 to 2024-04-05 00:00:00+00:00, run_after=2024-04-06 00:00:00+00:00
[2024-04-06T05:00:58.862+0000] {processor.py:183} INFO - Processing /home/airflow/.local/lib/python3.8/site-packages/airflow/example_dags/example_branch_datetime_operator.py took 0.121 seconds
[2024-04-06T05:01:29.255+0000] {processor.py:161} INFO - Started process (PID=156) to work on /home/airflow/.local/lib/python3.8/site-packages/airflow/example_dags/example_branch_datetime_operator.py
[2024-04-06T05:01:29.257+0000] {processor.py:830} INFO - Processing file /home/airflow/.local/lib/python3.8/site-packages/airflow/example_dags/example_branch_datetime_operator.py for tasks to queue
[2024-04-06T05:01:29.260+0000] {logging_mixin.py:188} INFO - [2024-04-06T05:01:29.259+0000] {dagbag.py:540} INFO - Filling up the DagBag from /home/airflow/.local/lib/python3.8/site-packages/airflow/example_dags/example_branch_datetime_operator.py
[2024-04-06T05:01:29.273+0000] {processor.py:840} INFO - DAG(s) 'example_branch_datetime_operator_2', 'example_branch_datetime_operator_3', 'example_branch_datetime_operator' retrieved from /home/airflow/.local/lib/python3.8/site-packages/airflow/example_dags/example_branch_datetime_operator.py
[2024-04-06T05:01:29.310+0000] {logging_mixin.py:188} INFO - [2024-04-06T05:01:29.309+0000] {dag.py:3047} INFO - Sync 3 DAGs
[2024-04-06T05:01:29.338+0000] {logging_mixin.py:188} INFO - [2024-04-06T05:01:29.338+0000] {dag.py:3834} INFO - Setting next_dagrun for example_branch_datetime_operator to 2024-04-05 00:00:00+00:00, run_after=2024-04-06 00:00:00+00:00
[2024-04-06T05:01:29.344+0000] {logging_mixin.py:188} INFO - [2024-04-06T05:01:29.344+0000] {dag.py:3834} INFO - Setting next_dagrun for example_branch_datetime_operator_2 to 2024-04-05 00:00:00+00:00, run_after=2024-04-06 00:00:00+00:00
[2024-04-06T05:01:29.348+0000] {logging_mixin.py:188} INFO - [2024-04-06T05:01:29.348+0000] {dag.py:3834} INFO - Setting next_dagrun for example_branch_datetime_operator_3 to 2024-04-05 00:00:00+00:00, run_after=2024-04-06 00:00:00+00:00
[2024-04-06T05:01:29.372+0000] {processor.py:183} INFO - Processing /home/airflow/.local/lib/python3.8/site-packages/airflow/example_dags/example_branch_datetime_operator.py took 0.121 seconds
[2024-04-06T05:01:59.723+0000] {processor.py:161} INFO - Started process (PID=211) to work on /home/airflow/.local/lib/python3.8/site-packages/airflow/example_dags/example_branch_datetime_operator.py
[2024-04-06T05:01:59.725+0000] {processor.py:830} INFO - Processing file /home/airflow/.local/lib/python3.8/site-packages/airflow/example_dags/example_branch_datetime_operator.py for tasks to queue
[2024-04-06T05:01:59.727+0000] {logging_mixin.py:188} INFO - [2024-04-06T05:01:59.727+0000] {dagbag.py:540} INFO - Filling up the DagBag from /home/airflow/.local/lib/python3.8/site-packages/airflow/example_dags/example_branch_datetime_operator.py
[2024-04-06T05:01:59.744+0000] {processor.py:840} INFO - DAG(s) 'example_branch_datetime_operator', 'example_branch_datetime_operator_3', 'example_branch_datetime_operator_2' retrieved from /home/airflow/.local/lib/python3.8/site-packages/airflow/example_dags/example_branch_datetime_operator.py
[2024-04-06T05:01:59.781+0000] {logging_mixin.py:188} INFO - [2024-04-06T05:01:59.781+0000] {dag.py:3047} INFO - Sync 3 DAGs
[2024-04-06T05:01:59.810+0000] {logging_mixin.py:188} INFO - [2024-04-06T05:01:59.810+0000] {dag.py:3834} INFO - Setting next_dagrun for example_branch_datetime_operator to 2024-04-05 00:00:00+00:00, run_after=2024-04-06 00:00:00+00:00
[2024-04-06T05:01:59.819+0000] {logging_mixin.py:188} INFO - [2024-04-06T05:01:59.819+0000] {dag.py:3834} INFO - Setting next_dagrun for example_branch_datetime_operator_2 to 2024-04-05 00:00:00+00:00, run_after=2024-04-06 00:00:00+00:00
[2024-04-06T05:01:59.823+0000] {logging_mixin.py:188} INFO - [2024-04-06T05:01:59.822+0000] {dag.py:3834} INFO - Setting next_dagrun for example_branch_datetime_operator_3 to 2024-04-05 00:00:00+00:00, run_after=2024-04-06 00:00:00+00:00
[2024-04-06T05:01:59.849+0000] {processor.py:183} INFO - Processing /home/airflow/.local/lib/python3.8/site-packages/airflow/example_dags/example_branch_datetime_operator.py took 0.131 seconds
[2024-04-06T05:02:30.073+0000] {processor.py:161} INFO - Started process (PID=266) to work on /home/airflow/.local/lib/python3.8/site-packages/airflow/example_dags/example_branch_datetime_operator.py
[2024-04-06T05:02:30.075+0000] {processor.py:830} INFO - Processing file /home/airflow/.local/lib/python3.8/site-packages/airflow/example_dags/example_branch_datetime_operator.py for tasks to queue
[2024-04-06T05:02:30.078+0000] {logging_mixin.py:188} INFO - [2024-04-06T05:02:30.077+0000] {dagbag.py:540} INFO - Filling up the DagBag from /home/airflow/.local/lib/python3.8/site-packages/airflow/example_dags/example_branch_datetime_operator.py
[2024-04-06T05:02:30.092+0000] {processor.py:840} INFO - DAG(s) 'example_branch_datetime_operator_3', 'example_branch_datetime_operator_2', 'example_branch_datetime_operator' retrieved from /home/airflow/.local/lib/python3.8/site-packages/airflow/example_dags/example_branch_datetime_operator.py
[2024-04-06T05:02:30.129+0000] {logging_mixin.py:188} INFO - [2024-04-06T05:02:30.129+0000] {dag.py:3047} INFO - Sync 3 DAGs
[2024-04-06T05:02:30.156+0000] {logging_mixin.py:188} INFO - [2024-04-06T05:02:30.155+0000] {dag.py:3834} INFO - Setting next_dagrun for example_branch_datetime_operator to 2024-04-05 00:00:00+00:00, run_after=2024-04-06 00:00:00+00:00
[2024-04-06T05:02:30.162+0000] {logging_mixin.py:188} INFO - [2024-04-06T05:02:30.162+0000] {dag.py:3834} INFO - Setting next_dagrun for example_branch_datetime_operator_2 to 2024-04-05 00:00:00+00:00, run_after=2024-04-06 00:00:00+00:00
[2024-04-06T05:02:30.166+0000] {logging_mixin.py:188} INFO - [2024-04-06T05:02:30.166+0000] {dag.py:3834} INFO - Setting next_dagrun for example_branch_datetime_operator_3 to 2024-04-05 00:00:00+00:00, run_after=2024-04-06 00:00:00+00:00
[2024-04-06T05:02:30.191+0000] {processor.py:183} INFO - Processing /home/airflow/.local/lib/python3.8/site-packages/airflow/example_dags/example_branch_datetime_operator.py took 0.122 seconds
