[2024-04-06T05:00:31.022+0000] {processor.py:161} INFO - Started process (PID=71) to work on /home/airflow/.local/lib/python3.8/site-packages/airflow/example_dags/example_latest_only.py
[2024-04-06T05:00:31.023+0000] {processor.py:830} INFO - Processing file /home/airflow/.local/lib/python3.8/site-packages/airflow/example_dags/example_latest_only.py for tasks to queue
[2024-04-06T05:00:31.026+0000] {logging_mixin.py:188} INFO - [2024-04-06T05:00:31.025+0000] {dagbag.py:540} INFO - Filling up the DagBag from /home/airflow/.local/lib/python3.8/site-packages/airflow/example_dags/example_latest_only.py
[2024-04-06T05:00:31.033+0000] {processor.py:840} INFO - DAG(s) 'latest_only' retrieved from /home/airflow/.local/lib/python3.8/site-packages/airflow/example_dags/example_latest_only.py
[2024-04-06T05:00:31.159+0000] {logging_mixin.py:188} INFO - [2024-04-06T05:00:31.159+0000] {override.py:1769} INFO - Created Permission View: can read on DAG:latest_only
[2024-04-06T05:00:31.192+0000] {logging_mixin.py:188} INFO - [2024-04-06T05:00:31.191+0000] {override.py:1769} INFO - Created Permission View: can edit on DAG:latest_only
[2024-04-06T05:00:31.203+0000] {logging_mixin.py:188} INFO - [2024-04-06T05:00:31.202+0000] {override.py:1769} INFO - Created Permission View: can delete on DAG:latest_only
[2024-04-06T05:00:31.204+0000] {logging_mixin.py:188} INFO - [2024-04-06T05:00:31.204+0000] {dag.py:3047} INFO - Sync 1 DAGs
[2024-04-06T05:00:31.218+0000] {logging_mixin.py:188} INFO - [2024-04-06T05:00:31.217+0000] {dag.py:3069} INFO - Creating ORM DAG for latest_only
[2024-04-06T05:00:31.232+0000] {logging_mixin.py:188} INFO - [2024-04-06T05:00:31.232+0000] {dag.py:3834} INFO - Setting next_dagrun for latest_only to 2024-04-06 00:00:00+00:00, run_after=2024-04-06 04:00:00+00:00
[2024-04-06T05:00:31.283+0000] {processor.py:183} INFO - Processing /home/airflow/.local/lib/python3.8/site-packages/airflow/example_dags/example_latest_only.py took 0.265 seconds
[2024-04-06T05:01:01.708+0000] {processor.py:161} INFO - Started process (PID=126) to work on /home/airflow/.local/lib/python3.8/site-packages/airflow/example_dags/example_latest_only.py
[2024-04-06T05:01:01.709+0000] {processor.py:830} INFO - Processing file /home/airflow/.local/lib/python3.8/site-packages/airflow/example_dags/example_latest_only.py for tasks to queue
[2024-04-06T05:01:01.711+0000] {logging_mixin.py:188} INFO - [2024-04-06T05:01:01.711+0000] {dagbag.py:540} INFO - Filling up the DagBag from /home/airflow/.local/lib/python3.8/site-packages/airflow/example_dags/example_latest_only.py
[2024-04-06T05:01:01.716+0000] {processor.py:840} INFO - DAG(s) 'latest_only' retrieved from /home/airflow/.local/lib/python3.8/site-packages/airflow/example_dags/example_latest_only.py
[2024-04-06T05:01:01.741+0000] {logging_mixin.py:188} INFO - [2024-04-06T05:01:01.740+0000] {dag.py:3047} INFO - Sync 1 DAGs
[2024-04-06T05:01:01.765+0000] {logging_mixin.py:188} INFO - [2024-04-06T05:01:01.765+0000] {dag.py:3834} INFO - Setting next_dagrun for latest_only to 2024-04-06 00:00:00+00:00, run_after=2024-04-06 04:00:00+00:00
[2024-04-06T05:01:01.792+0000] {processor.py:183} INFO - Processing /home/airflow/.local/lib/python3.8/site-packages/airflow/example_dags/example_latest_only.py took 0.088 seconds
[2024-04-06T05:01:32.149+0000] {processor.py:161} INFO - Started process (PID=182) to work on /home/airflow/.local/lib/python3.8/site-packages/airflow/example_dags/example_latest_only.py
[2024-04-06T05:01:32.150+0000] {processor.py:830} INFO - Processing file /home/airflow/.local/lib/python3.8/site-packages/airflow/example_dags/example_latest_only.py for tasks to queue
[2024-04-06T05:01:32.152+0000] {logging_mixin.py:188} INFO - [2024-04-06T05:01:32.152+0000] {dagbag.py:540} INFO - Filling up the DagBag from /home/airflow/.local/lib/python3.8/site-packages/airflow/example_dags/example_latest_only.py
[2024-04-06T05:01:32.158+0000] {processor.py:840} INFO - DAG(s) 'latest_only' retrieved from /home/airflow/.local/lib/python3.8/site-packages/airflow/example_dags/example_latest_only.py
[2024-04-06T05:01:32.181+0000] {logging_mixin.py:188} INFO - [2024-04-06T05:01:32.181+0000] {dag.py:3047} INFO - Sync 1 DAGs
[2024-04-06T05:01:32.208+0000] {logging_mixin.py:188} INFO - [2024-04-06T05:01:32.208+0000] {dag.py:3834} INFO - Setting next_dagrun for latest_only to 2024-04-06 00:00:00+00:00, run_after=2024-04-06 04:00:00+00:00
[2024-04-06T05:01:32.237+0000] {processor.py:183} INFO - Processing /home/airflow/.local/lib/python3.8/site-packages/airflow/example_dags/example_latest_only.py took 0.092 seconds
[2024-04-06T05:02:02.611+0000] {processor.py:161} INFO - Started process (PID=237) to work on /home/airflow/.local/lib/python3.8/site-packages/airflow/example_dags/example_latest_only.py
[2024-04-06T05:02:02.613+0000] {processor.py:830} INFO - Processing file /home/airflow/.local/lib/python3.8/site-packages/airflow/example_dags/example_latest_only.py for tasks to queue
[2024-04-06T05:02:02.615+0000] {logging_mixin.py:188} INFO - [2024-04-06T05:02:02.615+0000] {dagbag.py:540} INFO - Filling up the DagBag from /home/airflow/.local/lib/python3.8/site-packages/airflow/example_dags/example_latest_only.py
[2024-04-06T05:02:02.623+0000] {processor.py:840} INFO - DAG(s) 'latest_only' retrieved from /home/airflow/.local/lib/python3.8/site-packages/airflow/example_dags/example_latest_only.py
[2024-04-06T05:02:02.648+0000] {logging_mixin.py:188} INFO - [2024-04-06T05:02:02.647+0000] {dag.py:3047} INFO - Sync 1 DAGs
[2024-04-06T05:02:02.675+0000] {logging_mixin.py:188} INFO - [2024-04-06T05:02:02.675+0000] {dag.py:3834} INFO - Setting next_dagrun for latest_only to 2024-04-06 00:00:00+00:00, run_after=2024-04-06 04:00:00+00:00
[2024-04-06T05:02:02.703+0000] {processor.py:183} INFO - Processing /home/airflow/.local/lib/python3.8/site-packages/airflow/example_dags/example_latest_only.py took 0.095 seconds
[2024-04-06T05:02:33.343+0000] {processor.py:161} INFO - Started process (PID=292) to work on /home/airflow/.local/lib/python3.8/site-packages/airflow/example_dags/example_latest_only.py
[2024-04-06T05:02:33.345+0000] {processor.py:830} INFO - Processing file /home/airflow/.local/lib/python3.8/site-packages/airflow/example_dags/example_latest_only.py for tasks to queue
[2024-04-06T05:02:33.347+0000] {logging_mixin.py:188} INFO - [2024-04-06T05:02:33.346+0000] {dagbag.py:540} INFO - Filling up the DagBag from /home/airflow/.local/lib/python3.8/site-packages/airflow/example_dags/example_latest_only.py
[2024-04-06T05:02:33.352+0000] {processor.py:840} INFO - DAG(s) 'latest_only' retrieved from /home/airflow/.local/lib/python3.8/site-packages/airflow/example_dags/example_latest_only.py
[2024-04-06T05:02:33.377+0000] {logging_mixin.py:188} INFO - [2024-04-06T05:02:33.376+0000] {dag.py:3047} INFO - Sync 1 DAGs
[2024-04-06T05:02:33.402+0000] {logging_mixin.py:188} INFO - [2024-04-06T05:02:33.402+0000] {dag.py:3834} INFO - Setting next_dagrun for latest_only to 2024-04-06 00:00:00+00:00, run_after=2024-04-06 04:00:00+00:00
[2024-04-06T05:02:33.433+0000] {processor.py:183} INFO - Processing /home/airflow/.local/lib/python3.8/site-packages/airflow/example_dags/example_latest_only.py took 0.093 seconds
