[2024-04-06T05:00:06.033+0000] {processor.py:161} INFO - Started process (PID=70) to work on /home/airflow/.local/lib/python3.8/site-packages/airflow/example_dags/example_datasets.py
[2024-04-06T05:00:06.035+0000] {processor.py:830} INFO - Processing file /home/airflow/.local/lib/python3.8/site-packages/airflow/example_dags/example_datasets.py for tasks to queue
[2024-04-06T05:00:06.039+0000] {logging_mixin.py:188} INFO - [2024-04-06T05:00:06.038+0000] {dagbag.py:540} INFO - Filling up the DagBag from /home/airflow/.local/lib/python3.8/site-packages/airflow/example_dags/example_datasets.py
[2024-04-06T05:00:06.062+0000] {processor.py:840} INFO - DAG(s) 'dataset_produces_1', 'dataset_consumes_unknown_never_scheduled', 'dataset_produces_2', 'dataset_consumes_1', 'dataset_consumes_1_and_2', 'dataset_consumes_1_never_scheduled' retrieved from /home/airflow/.local/lib/python3.8/site-packages/airflow/example_dags/example_datasets.py
[2024-04-06T05:00:06.252+0000] {logging_mixin.py:188} INFO - [2024-04-06T05:00:06.251+0000] {override.py:1769} INFO - Created Permission View: can edit on DAG:dataset_produces_1
[2024-04-06T05:00:06.272+0000] {logging_mixin.py:188} INFO - [2024-04-06T05:00:06.271+0000] {override.py:1769} INFO - Created Permission View: can read on DAG:dataset_produces_1
[2024-04-06T05:00:06.284+0000] {logging_mixin.py:188} INFO - [2024-04-06T05:00:06.283+0000] {override.py:1769} INFO - Created Permission View: can delete on DAG:dataset_produces_1
[2024-04-06T05:00:06.308+0000] {logging_mixin.py:188} INFO - [2024-04-06T05:00:06.307+0000] {override.py:1769} INFO - Created Permission View: can edit on DAG:dataset_consumes_unknown_never_scheduled
[2024-04-06T05:00:06.322+0000] {logging_mixin.py:188} INFO - [2024-04-06T05:00:06.322+0000] {override.py:1769} INFO - Created Permission View: can read on DAG:dataset_consumes_unknown_never_scheduled
[2024-04-06T05:00:06.336+0000] {logging_mixin.py:188} INFO - [2024-04-06T05:00:06.336+0000] {override.py:1769} INFO - Created Permission View: can delete on DAG:dataset_consumes_unknown_never_scheduled
[2024-04-06T05:00:06.798+0000] {logging_mixin.py:188} INFO - [2024-04-06T05:00:06.798+0000] {process_utils.py:262} INFO - Waiting up to 5 seconds for processes to exit...
[2024-04-06T05:00:29.475+0000] {processor.py:161} INFO - Started process (PID=63) to work on /home/airflow/.local/lib/python3.8/site-packages/airflow/example_dags/example_datasets.py
[2024-04-06T05:00:29.476+0000] {processor.py:830} INFO - Processing file /home/airflow/.local/lib/python3.8/site-packages/airflow/example_dags/example_datasets.py for tasks to queue
[2024-04-06T05:00:29.477+0000] {logging_mixin.py:188} INFO - [2024-04-06T05:00:29.477+0000] {dagbag.py:540} INFO - Filling up the DagBag from /home/airflow/.local/lib/python3.8/site-packages/airflow/example_dags/example_datasets.py
[2024-04-06T05:00:29.487+0000] {processor.py:840} INFO - DAG(s) 'dataset_consumes_1', 'dataset_produces_2', 'dataset_consumes_1_and_2', 'dataset_produces_1', 'dataset_consumes_1_never_scheduled', 'dataset_consumes_unknown_never_scheduled' retrieved from /home/airflow/.local/lib/python3.8/site-packages/airflow/example_dags/example_datasets.py
[2024-04-06T05:00:29.601+0000] {logging_mixin.py:188} INFO - [2024-04-06T05:00:29.600+0000] {override.py:1769} INFO - Created Permission View: can read on DAG:dataset_consumes_1
[2024-04-06T05:00:29.615+0000] {logging_mixin.py:188} INFO - [2024-04-06T05:00:29.615+0000] {override.py:1769} INFO - Created Permission View: can edit on DAG:dataset_consumes_1
[2024-04-06T05:00:29.625+0000] {logging_mixin.py:188} INFO - [2024-04-06T05:00:29.625+0000] {override.py:1769} INFO - Created Permission View: can delete on DAG:dataset_consumes_1
[2024-04-06T05:00:29.672+0000] {logging_mixin.py:188} INFO - [2024-04-06T05:00:29.672+0000] {override.py:1769} INFO - Created Permission View: can read on DAG:dataset_consumes_1_and_2
[2024-04-06T05:00:29.683+0000] {logging_mixin.py:188} INFO - [2024-04-06T05:00:29.682+0000] {override.py:1769} INFO - Created Permission View: can edit on DAG:dataset_consumes_1_and_2
[2024-04-06T05:00:29.694+0000] {logging_mixin.py:188} INFO - [2024-04-06T05:00:29.693+0000] {override.py:1769} INFO - Created Permission View: can delete on DAG:dataset_consumes_1_and_2
[2024-04-06T05:00:29.744+0000] {logging_mixin.py:188} INFO - [2024-04-06T05:00:29.743+0000] {override.py:1769} INFO - Created Permission View: can read on DAG:dataset_consumes_1_never_scheduled
[2024-04-06T05:00:29.755+0000] {logging_mixin.py:188} INFO - [2024-04-06T05:00:29.755+0000] {override.py:1769} INFO - Created Permission View: can edit on DAG:dataset_consumes_1_never_scheduled
[2024-04-06T05:00:29.765+0000] {logging_mixin.py:188} INFO - [2024-04-06T05:00:29.765+0000] {override.py:1769} INFO - Created Permission View: can delete on DAG:dataset_consumes_1_never_scheduled
[2024-04-06T05:00:29.768+0000] {logging_mixin.py:188} INFO - [2024-04-06T05:00:29.768+0000] {dag.py:3047} INFO - Sync 6 DAGs
[2024-04-06T05:00:29.779+0000] {logging_mixin.py:188} INFO - [2024-04-06T05:00:29.778+0000] {dag.py:3069} INFO - Creating ORM DAG for dataset_consumes_1_and_2
[2024-04-06T05:00:29.780+0000] {logging_mixin.py:188} INFO - [2024-04-06T05:00:29.780+0000] {dag.py:3069} INFO - Creating ORM DAG for dataset_produces_1
[2024-04-06T05:00:29.781+0000] {logging_mixin.py:188} INFO - [2024-04-06T05:00:29.781+0000] {dag.py:3069} INFO - Creating ORM DAG for dataset_consumes_1_never_scheduled
[2024-04-06T05:00:29.782+0000] {logging_mixin.py:188} INFO - [2024-04-06T05:00:29.782+0000] {dag.py:3069} INFO - Creating ORM DAG for dataset_consumes_1
[2024-04-06T05:00:29.784+0000] {logging_mixin.py:188} INFO - [2024-04-06T05:00:29.783+0000] {dag.py:3069} INFO - Creating ORM DAG for dataset_produces_2
[2024-04-06T05:00:29.785+0000] {logging_mixin.py:188} INFO - [2024-04-06T05:00:29.784+0000] {dag.py:3069} INFO - Creating ORM DAG for dataset_consumes_unknown_never_scheduled
[2024-04-06T05:00:29.794+0000] {logging_mixin.py:188} INFO - [2024-04-06T05:00:29.794+0000] {dag.py:3834} INFO - Setting next_dagrun for dataset_consumes_1 to None, run_after=None
[2024-04-06T05:00:29.795+0000] {logging_mixin.py:188} INFO - [2024-04-06T05:00:29.795+0000] {dag.py:3834} INFO - Setting next_dagrun for dataset_consumes_1_and_2 to None, run_after=None
[2024-04-06T05:00:29.796+0000] {logging_mixin.py:188} INFO - [2024-04-06T05:00:29.796+0000] {dag.py:3834} INFO - Setting next_dagrun for dataset_consumes_1_never_scheduled to None, run_after=None
[2024-04-06T05:00:29.797+0000] {logging_mixin.py:188} INFO - [2024-04-06T05:00:29.797+0000] {dag.py:3834} INFO - Setting next_dagrun for dataset_consumes_unknown_never_scheduled to None, run_after=None
[2024-04-06T05:00:29.800+0000] {logging_mixin.py:188} INFO - [2024-04-06T05:00:29.800+0000] {dag.py:3834} INFO - Setting next_dagrun for dataset_produces_1 to 2024-04-05 00:00:00+00:00, run_after=2024-04-06 00:00:00+00:00
[2024-04-06T05:00:29.801+0000] {logging_mixin.py:188} INFO - [2024-04-06T05:00:29.801+0000] {dag.py:3834} INFO - Setting next_dagrun for dataset_produces_2 to None, run_after=None
[2024-04-06T05:00:29.849+0000] {processor.py:183} INFO - Processing /home/airflow/.local/lib/python3.8/site-packages/airflow/example_dags/example_datasets.py took 0.377 seconds
[2024-04-06T05:01:00.046+0000] {processor.py:161} INFO - Started process (PID=118) to work on /home/airflow/.local/lib/python3.8/site-packages/airflow/example_dags/example_datasets.py
[2024-04-06T05:01:00.048+0000] {processor.py:830} INFO - Processing file /home/airflow/.local/lib/python3.8/site-packages/airflow/example_dags/example_datasets.py for tasks to queue
[2024-04-06T05:01:00.051+0000] {logging_mixin.py:188} INFO - [2024-04-06T05:01:00.050+0000] {dagbag.py:540} INFO - Filling up the DagBag from /home/airflow/.local/lib/python3.8/site-packages/airflow/example_dags/example_datasets.py
[2024-04-06T05:01:00.062+0000] {processor.py:840} INFO - DAG(s) 'dataset_consumes_1_never_scheduled', 'dataset_produces_1', 'dataset_consumes_1', 'dataset_consumes_unknown_never_scheduled', 'dataset_consumes_1_and_2', 'dataset_produces_2' retrieved from /home/airflow/.local/lib/python3.8/site-packages/airflow/example_dags/example_datasets.py
[2024-04-06T05:01:00.105+0000] {logging_mixin.py:188} INFO - [2024-04-06T05:01:00.105+0000] {dag.py:3047} INFO - Sync 6 DAGs
[2024-04-06T05:01:00.130+0000] {logging_mixin.py:188} INFO - [2024-04-06T05:01:00.130+0000] {dag.py:3834} INFO - Setting next_dagrun for dataset_consumes_1 to None, run_after=None
[2024-04-06T05:01:00.135+0000] {logging_mixin.py:188} INFO - [2024-04-06T05:01:00.134+0000] {dag.py:3834} INFO - Setting next_dagrun for dataset_consumes_1_and_2 to None, run_after=None
[2024-04-06T05:01:00.136+0000] {logging_mixin.py:188} INFO - [2024-04-06T05:01:00.136+0000] {dag.py:3834} INFO - Setting next_dagrun for dataset_consumes_1_never_scheduled to None, run_after=None
[2024-04-06T05:01:00.138+0000] {logging_mixin.py:188} INFO - [2024-04-06T05:01:00.138+0000] {dag.py:3834} INFO - Setting next_dagrun for dataset_consumes_unknown_never_scheduled to None, run_after=None
[2024-04-06T05:01:00.141+0000] {logging_mixin.py:188} INFO - [2024-04-06T05:01:00.141+0000] {dag.py:3834} INFO - Setting next_dagrun for dataset_produces_1 to 2024-04-05 00:00:00+00:00, run_after=2024-04-06 00:00:00+00:00
[2024-04-06T05:01:00.143+0000] {logging_mixin.py:188} INFO - [2024-04-06T05:01:00.143+0000] {dag.py:3834} INFO - Setting next_dagrun for dataset_produces_2 to None, run_after=None
[2024-04-06T05:01:00.180+0000] {processor.py:183} INFO - Processing /home/airflow/.local/lib/python3.8/site-packages/airflow/example_dags/example_datasets.py took 0.137 seconds
[2024-04-06T05:01:30.615+0000] {processor.py:161} INFO - Started process (PID=174) to work on /home/airflow/.local/lib/python3.8/site-packages/airflow/example_dags/example_datasets.py
[2024-04-06T05:01:30.617+0000] {processor.py:830} INFO - Processing file /home/airflow/.local/lib/python3.8/site-packages/airflow/example_dags/example_datasets.py for tasks to queue
[2024-04-06T05:01:30.619+0000] {logging_mixin.py:188} INFO - [2024-04-06T05:01:30.619+0000] {dagbag.py:540} INFO - Filling up the DagBag from /home/airflow/.local/lib/python3.8/site-packages/airflow/example_dags/example_datasets.py
[2024-04-06T05:01:30.630+0000] {processor.py:840} INFO - DAG(s) 'dataset_produces_1', 'dataset_consumes_unknown_never_scheduled', 'dataset_consumes_1_and_2', 'dataset_produces_2', 'dataset_consumes_1_never_scheduled', 'dataset_consumes_1' retrieved from /home/airflow/.local/lib/python3.8/site-packages/airflow/example_dags/example_datasets.py
[2024-04-06T05:01:30.668+0000] {logging_mixin.py:188} INFO - [2024-04-06T05:01:30.668+0000] {dag.py:3047} INFO - Sync 6 DAGs
[2024-04-06T05:01:30.692+0000] {logging_mixin.py:188} INFO - [2024-04-06T05:01:30.692+0000] {dag.py:3834} INFO - Setting next_dagrun for dataset_consumes_1 to None, run_after=None
[2024-04-06T05:01:30.696+0000] {logging_mixin.py:188} INFO - [2024-04-06T05:01:30.696+0000] {dag.py:3834} INFO - Setting next_dagrun for dataset_consumes_1_and_2 to None, run_after=None
[2024-04-06T05:01:30.698+0000] {logging_mixin.py:188} INFO - [2024-04-06T05:01:30.698+0000] {dag.py:3834} INFO - Setting next_dagrun for dataset_consumes_1_never_scheduled to None, run_after=None
[2024-04-06T05:01:30.700+0000] {logging_mixin.py:188} INFO - [2024-04-06T05:01:30.700+0000] {dag.py:3834} INFO - Setting next_dagrun for dataset_consumes_unknown_never_scheduled to None, run_after=None
[2024-04-06T05:01:30.704+0000] {logging_mixin.py:188} INFO - [2024-04-06T05:01:30.704+0000] {dag.py:3834} INFO - Setting next_dagrun for dataset_produces_1 to 2024-04-05 00:00:00+00:00, run_after=2024-04-06 00:00:00+00:00
[2024-04-06T05:01:30.706+0000] {logging_mixin.py:188} INFO - [2024-04-06T05:01:30.706+0000] {dag.py:3834} INFO - Setting next_dagrun for dataset_produces_2 to None, run_after=None
[2024-04-06T05:01:30.739+0000] {processor.py:183} INFO - Processing /home/airflow/.local/lib/python3.8/site-packages/airflow/example_dags/example_datasets.py took 0.128 seconds
[2024-04-06T05:02:01.035+0000] {processor.py:161} INFO - Started process (PID=229) to work on /home/airflow/.local/lib/python3.8/site-packages/airflow/example_dags/example_datasets.py
[2024-04-06T05:02:01.036+0000] {processor.py:830} INFO - Processing file /home/airflow/.local/lib/python3.8/site-packages/airflow/example_dags/example_datasets.py for tasks to queue
[2024-04-06T05:02:01.038+0000] {logging_mixin.py:188} INFO - [2024-04-06T05:02:01.038+0000] {dagbag.py:540} INFO - Filling up the DagBag from /home/airflow/.local/lib/python3.8/site-packages/airflow/example_dags/example_datasets.py
[2024-04-06T05:02:01.050+0000] {processor.py:840} INFO - DAG(s) 'dataset_consumes_1_never_scheduled', 'dataset_consumes_1_and_2', 'dataset_produces_2', 'dataset_produces_1', 'dataset_consumes_1', 'dataset_consumes_unknown_never_scheduled' retrieved from /home/airflow/.local/lib/python3.8/site-packages/airflow/example_dags/example_datasets.py
[2024-04-06T05:02:01.095+0000] {logging_mixin.py:188} INFO - [2024-04-06T05:02:01.094+0000] {dag.py:3047} INFO - Sync 6 DAGs
[2024-04-06T05:02:01.119+0000] {logging_mixin.py:188} INFO - [2024-04-06T05:02:01.118+0000] {dag.py:3834} INFO - Setting next_dagrun for dataset_consumes_1 to None, run_after=None
[2024-04-06T05:02:01.123+0000] {logging_mixin.py:188} INFO - [2024-04-06T05:02:01.123+0000] {dag.py:3834} INFO - Setting next_dagrun for dataset_consumes_1_and_2 to None, run_after=None
[2024-04-06T05:02:01.125+0000] {logging_mixin.py:188} INFO - [2024-04-06T05:02:01.125+0000] {dag.py:3834} INFO - Setting next_dagrun for dataset_consumes_1_never_scheduled to None, run_after=None
[2024-04-06T05:02:01.128+0000] {logging_mixin.py:188} INFO - [2024-04-06T05:02:01.128+0000] {dag.py:3834} INFO - Setting next_dagrun for dataset_consumes_unknown_never_scheduled to None, run_after=None
[2024-04-06T05:02:01.132+0000] {logging_mixin.py:188} INFO - [2024-04-06T05:02:01.131+0000] {dag.py:3834} INFO - Setting next_dagrun for dataset_produces_1 to 2024-04-05 00:00:00+00:00, run_after=2024-04-06 00:00:00+00:00
[2024-04-06T05:02:01.133+0000] {logging_mixin.py:188} INFO - [2024-04-06T05:02:01.133+0000] {dag.py:3834} INFO - Setting next_dagrun for dataset_produces_2 to None, run_after=None
[2024-04-06T05:02:01.175+0000] {processor.py:183} INFO - Processing /home/airflow/.local/lib/python3.8/site-packages/airflow/example_dags/example_datasets.py took 0.144 seconds
[2024-04-06T05:02:31.671+0000] {processor.py:161} INFO - Started process (PID=284) to work on /home/airflow/.local/lib/python3.8/site-packages/airflow/example_dags/example_datasets.py
[2024-04-06T05:02:31.672+0000] {processor.py:830} INFO - Processing file /home/airflow/.local/lib/python3.8/site-packages/airflow/example_dags/example_datasets.py for tasks to queue
[2024-04-06T05:02:31.674+0000] {logging_mixin.py:188} INFO - [2024-04-06T05:02:31.674+0000] {dagbag.py:540} INFO - Filling up the DagBag from /home/airflow/.local/lib/python3.8/site-packages/airflow/example_dags/example_datasets.py
[2024-04-06T05:02:31.684+0000] {processor.py:840} INFO - DAG(s) 'dataset_consumes_1_never_scheduled', 'dataset_consumes_1', 'dataset_produces_2', 'dataset_consumes_unknown_never_scheduled', 'dataset_consumes_1_and_2', 'dataset_produces_1' retrieved from /home/airflow/.local/lib/python3.8/site-packages/airflow/example_dags/example_datasets.py
[2024-04-06T05:02:31.723+0000] {logging_mixin.py:188} INFO - [2024-04-06T05:02:31.723+0000] {dag.py:3047} INFO - Sync 6 DAGs
[2024-04-06T05:02:31.748+0000] {logging_mixin.py:188} INFO - [2024-04-06T05:02:31.748+0000] {dag.py:3834} INFO - Setting next_dagrun for dataset_consumes_1 to None, run_after=None
[2024-04-06T05:02:31.752+0000] {logging_mixin.py:188} INFO - [2024-04-06T05:02:31.752+0000] {dag.py:3834} INFO - Setting next_dagrun for dataset_consumes_1_and_2 to None, run_after=None
[2024-04-06T05:02:31.754+0000] {logging_mixin.py:188} INFO - [2024-04-06T05:02:31.754+0000] {dag.py:3834} INFO - Setting next_dagrun for dataset_consumes_1_never_scheduled to None, run_after=None
[2024-04-06T05:02:31.756+0000] {logging_mixin.py:188} INFO - [2024-04-06T05:02:31.756+0000] {dag.py:3834} INFO - Setting next_dagrun for dataset_consumes_unknown_never_scheduled to None, run_after=None
[2024-04-06T05:02:31.759+0000] {logging_mixin.py:188} INFO - [2024-04-06T05:02:31.759+0000] {dag.py:3834} INFO - Setting next_dagrun for dataset_produces_1 to 2024-04-05 00:00:00+00:00, run_after=2024-04-06 00:00:00+00:00
[2024-04-06T05:02:31.761+0000] {logging_mixin.py:188} INFO - [2024-04-06T05:02:31.761+0000] {dag.py:3834} INFO - Setting next_dagrun for dataset_produces_2 to None, run_after=None
[2024-04-06T05:02:31.798+0000] {processor.py:183} INFO - Processing /home/airflow/.local/lib/python3.8/site-packages/airflow/example_dags/example_datasets.py took 0.130 seconds
