[2024-04-06T04:59:58.411+0000] {processor.py:161} INFO - Started process (PID=51) to work on /home/airflow/.local/lib/python3.8/site-packages/airflow/example_dags/example_setup_teardown_taskflow.py
[2024-04-06T04:59:58.412+0000] {processor.py:830} INFO - Processing file /home/airflow/.local/lib/python3.8/site-packages/airflow/example_dags/example_setup_teardown_taskflow.py for tasks to queue
[2024-04-06T04:59:58.415+0000] {logging_mixin.py:188} INFO - [2024-04-06T04:59:58.415+0000] {dagbag.py:540} INFO - Filling up the DagBag from /home/airflow/.local/lib/python3.8/site-packages/airflow/example_dags/example_setup_teardown_taskflow.py
[2024-04-06T04:59:58.432+0000] {processor.py:840} INFO - DAG(s) 'example_setup_teardown_taskflow' retrieved from /home/airflow/.local/lib/python3.8/site-packages/airflow/example_dags/example_setup_teardown_taskflow.py
[2024-04-06T04:59:58.663+0000] {logging_mixin.py:188} INFO - [2024-04-06T04:59:58.662+0000] {override.py:1769} INFO - Created Permission View: can edit on DAG:example_setup_teardown_taskflow
[2024-04-06T04:59:58.712+0000] {logging_mixin.py:188} INFO - [2024-04-06T04:59:58.712+0000] {override.py:1769} INFO - Created Permission View: can read on DAG:example_setup_teardown_taskflow
[2024-04-06T04:59:58.723+0000] {logging_mixin.py:188} INFO - [2024-04-06T04:59:58.723+0000] {override.py:1769} INFO - Created Permission View: can delete on DAG:example_setup_teardown_taskflow
[2024-04-06T04:59:58.724+0000] {logging_mixin.py:188} INFO - [2024-04-06T04:59:58.724+0000] {dag.py:3047} INFO - Sync 1 DAGs
[2024-04-06T04:59:58.741+0000] {logging_mixin.py:188} INFO - [2024-04-06T04:59:58.741+0000] {dag.py:3069} INFO - Creating ORM DAG for example_setup_teardown_taskflow
[2024-04-06T04:59:58.757+0000] {logging_mixin.py:188} INFO - [2024-04-06T04:59:58.757+0000] {dag.py:3834} INFO - Setting next_dagrun for example_setup_teardown_taskflow to 2024-04-05 00:00:00+00:00, run_after=2024-04-06 00:00:00+00:00
[2024-04-06T04:59:58.786+0000] {processor.py:183} INFO - Processing /home/airflow/.local/lib/python3.8/site-packages/airflow/example_dags/example_setup_teardown_taskflow.py took 0.380 seconds
[2024-04-06T05:00:28.427+0000] {processor.py:161} INFO - Started process (PID=50) to work on /home/airflow/.local/lib/python3.8/site-packages/airflow/example_dags/example_setup_teardown_taskflow.py
[2024-04-06T05:00:28.429+0000] {processor.py:830} INFO - Processing file /home/airflow/.local/lib/python3.8/site-packages/airflow/example_dags/example_setup_teardown_taskflow.py for tasks to queue
[2024-04-06T05:00:28.432+0000] {logging_mixin.py:188} INFO - [2024-04-06T05:00:28.432+0000] {dagbag.py:540} INFO - Filling up the DagBag from /home/airflow/.local/lib/python3.8/site-packages/airflow/example_dags/example_setup_teardown_taskflow.py
[2024-04-06T05:00:28.444+0000] {processor.py:840} INFO - DAG(s) 'example_setup_teardown_taskflow' retrieved from /home/airflow/.local/lib/python3.8/site-packages/airflow/example_dags/example_setup_teardown_taskflow.py
[2024-04-06T05:00:28.459+0000] {logging_mixin.py:188} INFO - [2024-04-06T05:00:28.459+0000] {dag.py:3047} INFO - Sync 1 DAGs
[2024-04-06T05:00:28.486+0000] {logging_mixin.py:188} INFO - [2024-04-06T05:00:28.486+0000] {dag.py:3834} INFO - Setting next_dagrun for example_setup_teardown_taskflow to 2024-04-05 00:00:00+00:00, run_after=2024-04-06 00:00:00+00:00
[2024-04-06T05:00:28.516+0000] {processor.py:183} INFO - Processing /home/airflow/.local/lib/python3.8/site-packages/airflow/example_dags/example_setup_teardown_taskflow.py took 0.093 seconds
[2024-04-06T05:00:59.132+0000] {processor.py:161} INFO - Started process (PID=105) to work on /home/airflow/.local/lib/python3.8/site-packages/airflow/example_dags/example_setup_teardown_taskflow.py
[2024-04-06T05:00:59.134+0000] {processor.py:830} INFO - Processing file /home/airflow/.local/lib/python3.8/site-packages/airflow/example_dags/example_setup_teardown_taskflow.py for tasks to queue
[2024-04-06T05:00:59.137+0000] {logging_mixin.py:188} INFO - [2024-04-06T05:00:59.136+0000] {dagbag.py:540} INFO - Filling up the DagBag from /home/airflow/.local/lib/python3.8/site-packages/airflow/example_dags/example_setup_teardown_taskflow.py
[2024-04-06T05:00:59.151+0000] {processor.py:840} INFO - DAG(s) 'example_setup_teardown_taskflow' retrieved from /home/airflow/.local/lib/python3.8/site-packages/airflow/example_dags/example_setup_teardown_taskflow.py
[2024-04-06T05:00:59.181+0000] {logging_mixin.py:188} INFO - [2024-04-06T05:00:59.180+0000] {dag.py:3047} INFO - Sync 1 DAGs
[2024-04-06T05:00:59.207+0000] {logging_mixin.py:188} INFO - [2024-04-06T05:00:59.207+0000] {dag.py:3834} INFO - Setting next_dagrun for example_setup_teardown_taskflow to 2024-04-05 00:00:00+00:00, run_after=2024-04-06 00:00:00+00:00
[2024-04-06T05:00:59.231+0000] {processor.py:183} INFO - Processing /home/airflow/.local/lib/python3.8/site-packages/airflow/example_dags/example_setup_teardown_taskflow.py took 0.104 seconds
[2024-04-06T05:01:29.563+0000] {processor.py:161} INFO - Started process (PID=161) to work on /home/airflow/.local/lib/python3.8/site-packages/airflow/example_dags/example_setup_teardown_taskflow.py
[2024-04-06T05:01:29.565+0000] {processor.py:830} INFO - Processing file /home/airflow/.local/lib/python3.8/site-packages/airflow/example_dags/example_setup_teardown_taskflow.py for tasks to queue
[2024-04-06T05:01:29.567+0000] {logging_mixin.py:188} INFO - [2024-04-06T05:01:29.567+0000] {dagbag.py:540} INFO - Filling up the DagBag from /home/airflow/.local/lib/python3.8/site-packages/airflow/example_dags/example_setup_teardown_taskflow.py
[2024-04-06T05:01:29.578+0000] {processor.py:840} INFO - DAG(s) 'example_setup_teardown_taskflow' retrieved from /home/airflow/.local/lib/python3.8/site-packages/airflow/example_dags/example_setup_teardown_taskflow.py
[2024-04-06T05:01:29.605+0000] {logging_mixin.py:188} INFO - [2024-04-06T05:01:29.604+0000] {dag.py:3047} INFO - Sync 1 DAGs
[2024-04-06T05:01:29.631+0000] {logging_mixin.py:188} INFO - [2024-04-06T05:01:29.631+0000] {dag.py:3834} INFO - Setting next_dagrun for example_setup_teardown_taskflow to 2024-04-05 00:00:00+00:00, run_after=2024-04-06 00:00:00+00:00
[2024-04-06T05:01:29.657+0000] {processor.py:183} INFO - Processing /home/airflow/.local/lib/python3.8/site-packages/airflow/example_dags/example_setup_teardown_taskflow.py took 0.098 seconds
[2024-04-06T05:02:00.129+0000] {processor.py:161} INFO - Started process (PID=216) to work on /home/airflow/.local/lib/python3.8/site-packages/airflow/example_dags/example_setup_teardown_taskflow.py
[2024-04-06T05:02:00.130+0000] {processor.py:830} INFO - Processing file /home/airflow/.local/lib/python3.8/site-packages/airflow/example_dags/example_setup_teardown_taskflow.py for tasks to queue
[2024-04-06T05:02:00.132+0000] {logging_mixin.py:188} INFO - [2024-04-06T05:02:00.132+0000] {dagbag.py:540} INFO - Filling up the DagBag from /home/airflow/.local/lib/python3.8/site-packages/airflow/example_dags/example_setup_teardown_taskflow.py
[2024-04-06T05:02:00.145+0000] {processor.py:840} INFO - DAG(s) 'example_setup_teardown_taskflow' retrieved from /home/airflow/.local/lib/python3.8/site-packages/airflow/example_dags/example_setup_teardown_taskflow.py
[2024-04-06T05:02:00.171+0000] {logging_mixin.py:188} INFO - [2024-04-06T05:02:00.171+0000] {dag.py:3047} INFO - Sync 1 DAGs
[2024-04-06T05:02:00.199+0000] {logging_mixin.py:188} INFO - [2024-04-06T05:02:00.199+0000] {dag.py:3834} INFO - Setting next_dagrun for example_setup_teardown_taskflow to 2024-04-05 00:00:00+00:00, run_after=2024-04-06 00:00:00+00:00
[2024-04-06T05:02:00.223+0000] {processor.py:183} INFO - Processing /home/airflow/.local/lib/python3.8/site-packages/airflow/example_dags/example_setup_teardown_taskflow.py took 0.099 seconds
[2024-04-06T05:02:30.401+0000] {processor.py:161} INFO - Started process (PID=271) to work on /home/airflow/.local/lib/python3.8/site-packages/airflow/example_dags/example_setup_teardown_taskflow.py
[2024-04-06T05:02:30.402+0000] {processor.py:830} INFO - Processing file /home/airflow/.local/lib/python3.8/site-packages/airflow/example_dags/example_setup_teardown_taskflow.py for tasks to queue
[2024-04-06T05:02:30.404+0000] {logging_mixin.py:188} INFO - [2024-04-06T05:02:30.404+0000] {dagbag.py:540} INFO - Filling up the DagBag from /home/airflow/.local/lib/python3.8/site-packages/airflow/example_dags/example_setup_teardown_taskflow.py
[2024-04-06T05:02:30.416+0000] {processor.py:840} INFO - DAG(s) 'example_setup_teardown_taskflow' retrieved from /home/airflow/.local/lib/python3.8/site-packages/airflow/example_dags/example_setup_teardown_taskflow.py
[2024-04-06T05:02:30.442+0000] {logging_mixin.py:188} INFO - [2024-04-06T05:02:30.442+0000] {dag.py:3047} INFO - Sync 1 DAGs
[2024-04-06T05:02:30.467+0000] {logging_mixin.py:188} INFO - [2024-04-06T05:02:30.467+0000] {dag.py:3834} INFO - Setting next_dagrun for example_setup_teardown_taskflow to 2024-04-05 00:00:00+00:00, run_after=2024-04-06 00:00:00+00:00
[2024-04-06T05:02:30.495+0000] {processor.py:183} INFO - Processing /home/airflow/.local/lib/python3.8/site-packages/airflow/example_dags/example_setup_teardown_taskflow.py took 0.098 seconds
