[2024-04-06T04:59:56.122+0000] {processor.py:161} INFO - Started process (PID=44) to work on /home/airflow/.local/lib/python3.8/site-packages/airflow/example_dags/example_branch_labels.py
[2024-04-06T04:59:56.124+0000] {processor.py:830} INFO - Processing file /home/airflow/.local/lib/python3.8/site-packages/airflow/example_dags/example_branch_labels.py for tasks to queue
[2024-04-06T04:59:56.128+0000] {logging_mixin.py:188} INFO - [2024-04-06T04:59:56.127+0000] {dagbag.py:540} INFO - Filling up the DagBag from /home/airflow/.local/lib/python3.8/site-packages/airflow/example_dags/example_branch_labels.py
[2024-04-06T04:59:56.148+0000] {processor.py:840} INFO - DAG(s) 'example_branch_labels' retrieved from /home/airflow/.local/lib/python3.8/site-packages/airflow/example_dags/example_branch_labels.py
[2024-04-06T04:59:56.375+0000] {logging_mixin.py:188} INFO - [2024-04-06T04:59:56.374+0000] {override.py:1769} INFO - Created Permission View: can edit on DAG:example_branch_labels
[2024-04-06T04:59:56.396+0000] {logging_mixin.py:188} INFO - [2024-04-06T04:59:56.395+0000] {override.py:1769} INFO - Created Permission View: can read on DAG:example_branch_labels
[2024-04-06T04:59:56.432+0000] {logging_mixin.py:188} INFO - [2024-04-06T04:59:56.432+0000] {override.py:1769} INFO - Created Permission View: can delete on DAG:example_branch_labels
[2024-04-06T04:59:56.434+0000] {logging_mixin.py:188} INFO - [2024-04-06T04:59:56.433+0000] {dag.py:3047} INFO - Sync 1 DAGs
[2024-04-06T04:59:56.456+0000] {logging_mixin.py:188} INFO - [2024-04-06T04:59:56.455+0000] {dag.py:3069} INFO - Creating ORM DAG for example_branch_labels
[2024-04-06T04:59:56.478+0000] {logging_mixin.py:188} INFO - [2024-04-06T04:59:56.477+0000] {dag.py:3834} INFO - Setting next_dagrun for example_branch_labels to 2024-04-05 00:00:00+00:00, run_after=2024-04-06 00:00:00+00:00
[2024-04-06T04:59:56.505+0000] {processor.py:183} INFO - Processing /home/airflow/.local/lib/python3.8/site-packages/airflow/example_dags/example_branch_labels.py took 0.389 seconds
[2024-04-06T05:00:27.886+0000] {processor.py:161} INFO - Started process (PID=43) to work on /home/airflow/.local/lib/python3.8/site-packages/airflow/example_dags/example_branch_labels.py
[2024-04-06T05:00:27.888+0000] {processor.py:830} INFO - Processing file /home/airflow/.local/lib/python3.8/site-packages/airflow/example_dags/example_branch_labels.py for tasks to queue
[2024-04-06T05:00:27.889+0000] {logging_mixin.py:188} INFO - [2024-04-06T05:00:27.889+0000] {dagbag.py:540} INFO - Filling up the DagBag from /home/airflow/.local/lib/python3.8/site-packages/airflow/example_dags/example_branch_labels.py
[2024-04-06T05:00:27.900+0000] {processor.py:840} INFO - DAG(s) 'example_branch_labels' retrieved from /home/airflow/.local/lib/python3.8/site-packages/airflow/example_dags/example_branch_labels.py
[2024-04-06T05:00:27.928+0000] {logging_mixin.py:188} INFO - [2024-04-06T05:00:27.927+0000] {dag.py:3047} INFO - Sync 1 DAGs
[2024-04-06T05:00:27.954+0000] {logging_mixin.py:188} INFO - [2024-04-06T05:00:27.954+0000] {dag.py:3834} INFO - Setting next_dagrun for example_branch_labels to 2024-04-05 00:00:00+00:00, run_after=2024-04-06 00:00:00+00:00
[2024-04-06T05:00:27.981+0000] {processor.py:183} INFO - Processing /home/airflow/.local/lib/python3.8/site-packages/airflow/example_dags/example_branch_labels.py took 0.097 seconds
[2024-04-06T05:00:58.613+0000] {processor.py:161} INFO - Started process (PID=98) to work on /home/airflow/.local/lib/python3.8/site-packages/airflow/example_dags/example_branch_labels.py
[2024-04-06T05:00:58.615+0000] {processor.py:830} INFO - Processing file /home/airflow/.local/lib/python3.8/site-packages/airflow/example_dags/example_branch_labels.py for tasks to queue
[2024-04-06T05:00:58.619+0000] {logging_mixin.py:188} INFO - [2024-04-06T05:00:58.618+0000] {dagbag.py:540} INFO - Filling up the DagBag from /home/airflow/.local/lib/python3.8/site-packages/airflow/example_dags/example_branch_labels.py
[2024-04-06T05:00:58.628+0000] {processor.py:840} INFO - DAG(s) 'example_branch_labels' retrieved from /home/airflow/.local/lib/python3.8/site-packages/airflow/example_dags/example_branch_labels.py
[2024-04-06T05:00:58.657+0000] {logging_mixin.py:188} INFO - [2024-04-06T05:00:58.657+0000] {dag.py:3047} INFO - Sync 1 DAGs
[2024-04-06T05:00:58.685+0000] {logging_mixin.py:188} INFO - [2024-04-06T05:00:58.684+0000] {dag.py:3834} INFO - Setting next_dagrun for example_branch_labels to 2024-04-05 00:00:00+00:00, run_after=2024-04-06 00:00:00+00:00
[2024-04-06T05:00:58.711+0000] {processor.py:183} INFO - Processing /home/airflow/.local/lib/python3.8/site-packages/airflow/example_dags/example_branch_labels.py took 0.101 seconds
[2024-04-06T05:01:29.125+0000] {processor.py:161} INFO - Started process (PID=154) to work on /home/airflow/.local/lib/python3.8/site-packages/airflow/example_dags/example_branch_labels.py
[2024-04-06T05:01:29.127+0000] {processor.py:830} INFO - Processing file /home/airflow/.local/lib/python3.8/site-packages/airflow/example_dags/example_branch_labels.py for tasks to queue
[2024-04-06T05:01:29.130+0000] {logging_mixin.py:188} INFO - [2024-04-06T05:01:29.129+0000] {dagbag.py:540} INFO - Filling up the DagBag from /home/airflow/.local/lib/python3.8/site-packages/airflow/example_dags/example_branch_labels.py
[2024-04-06T05:01:29.141+0000] {processor.py:840} INFO - DAG(s) 'example_branch_labels' retrieved from /home/airflow/.local/lib/python3.8/site-packages/airflow/example_dags/example_branch_labels.py
[2024-04-06T05:01:29.165+0000] {logging_mixin.py:188} INFO - [2024-04-06T05:01:29.165+0000] {dag.py:3047} INFO - Sync 1 DAGs
[2024-04-06T05:01:29.192+0000] {logging_mixin.py:188} INFO - [2024-04-06T05:01:29.192+0000] {dag.py:3834} INFO - Setting next_dagrun for example_branch_labels to 2024-04-05 00:00:00+00:00, run_after=2024-04-06 00:00:00+00:00
[2024-04-06T05:01:29.216+0000] {processor.py:183} INFO - Processing /home/airflow/.local/lib/python3.8/site-packages/airflow/example_dags/example_branch_labels.py took 0.094 seconds
[2024-04-06T05:01:59.583+0000] {processor.py:161} INFO - Started process (PID=209) to work on /home/airflow/.local/lib/python3.8/site-packages/airflow/example_dags/example_branch_labels.py
[2024-04-06T05:01:59.585+0000] {processor.py:830} INFO - Processing file /home/airflow/.local/lib/python3.8/site-packages/airflow/example_dags/example_branch_labels.py for tasks to queue
[2024-04-06T05:01:59.588+0000] {logging_mixin.py:188} INFO - [2024-04-06T05:01:59.587+0000] {dagbag.py:540} INFO - Filling up the DagBag from /home/airflow/.local/lib/python3.8/site-packages/airflow/example_dags/example_branch_labels.py
[2024-04-06T05:01:59.598+0000] {processor.py:840} INFO - DAG(s) 'example_branch_labels' retrieved from /home/airflow/.local/lib/python3.8/site-packages/airflow/example_dags/example_branch_labels.py
[2024-04-06T05:01:59.630+0000] {logging_mixin.py:188} INFO - [2024-04-06T05:01:59.630+0000] {dag.py:3047} INFO - Sync 1 DAGs
[2024-04-06T05:01:59.660+0000] {logging_mixin.py:188} INFO - [2024-04-06T05:01:59.659+0000] {dag.py:3834} INFO - Setting next_dagrun for example_branch_labels to 2024-04-05 00:00:00+00:00, run_after=2024-04-06 00:00:00+00:00
[2024-04-06T05:01:59.684+0000] {processor.py:183} INFO - Processing /home/airflow/.local/lib/python3.8/site-packages/airflow/example_dags/example_branch_labels.py took 0.106 seconds
[2024-04-06T05:02:29.932+0000] {processor.py:161} INFO - Started process (PID=264) to work on /home/airflow/.local/lib/python3.8/site-packages/airflow/example_dags/example_branch_labels.py
[2024-04-06T05:02:29.934+0000] {processor.py:830} INFO - Processing file /home/airflow/.local/lib/python3.8/site-packages/airflow/example_dags/example_branch_labels.py for tasks to queue
[2024-04-06T05:02:29.937+0000] {logging_mixin.py:188} INFO - [2024-04-06T05:02:29.937+0000] {dagbag.py:540} INFO - Filling up the DagBag from /home/airflow/.local/lib/python3.8/site-packages/airflow/example_dags/example_branch_labels.py
[2024-04-06T05:02:29.950+0000] {processor.py:840} INFO - DAG(s) 'example_branch_labels' retrieved from /home/airflow/.local/lib/python3.8/site-packages/airflow/example_dags/example_branch_labels.py
[2024-04-06T05:02:29.981+0000] {logging_mixin.py:188} INFO - [2024-04-06T05:02:29.980+0000] {dag.py:3047} INFO - Sync 1 DAGs
[2024-04-06T05:02:30.009+0000] {logging_mixin.py:188} INFO - [2024-04-06T05:02:30.008+0000] {dag.py:3834} INFO - Setting next_dagrun for example_branch_labels to 2024-04-05 00:00:00+00:00, run_after=2024-04-06 00:00:00+00:00
[2024-04-06T05:02:30.037+0000] {processor.py:183} INFO - Processing /home/airflow/.local/lib/python3.8/site-packages/airflow/example_dags/example_branch_labels.py took 0.109 seconds
