[2024-04-06T05:00:30.758+0000] {processor.py:161} INFO - Started process (PID=69) to work on /home/airflow/.local/lib/python3.8/site-packages/airflow/example_dags/example_time_delta_sensor_async.py
[2024-04-06T05:00:30.759+0000] {processor.py:830} INFO - Processing file /home/airflow/.local/lib/python3.8/site-packages/airflow/example_dags/example_time_delta_sensor_async.py for tasks to queue
[2024-04-06T05:00:30.762+0000] {logging_mixin.py:188} INFO - [2024-04-06T05:00:30.762+0000] {dagbag.py:540} INFO - Filling up the DagBag from /home/airflow/.local/lib/python3.8/site-packages/airflow/example_dags/example_time_delta_sensor_async.py
[2024-04-06T05:00:30.775+0000] {processor.py:840} INFO - DAG(s) 'example_time_delta_sensor_async' retrieved from /home/airflow/.local/lib/python3.8/site-packages/airflow/example_dags/example_time_delta_sensor_async.py
[2024-04-06T05:00:30.913+0000] {logging_mixin.py:188} INFO - [2024-04-06T05:00:30.912+0000] {override.py:1769} INFO - Created Permission View: can read on DAG:example_time_delta_sensor_async
[2024-04-06T05:00:30.928+0000] {logging_mixin.py:188} INFO - [2024-04-06T05:00:30.928+0000] {override.py:1769} INFO - Created Permission View: can edit on DAG:example_time_delta_sensor_async
[2024-04-06T05:00:30.939+0000] {logging_mixin.py:188} INFO - [2024-04-06T05:00:30.938+0000] {override.py:1769} INFO - Created Permission View: can delete on DAG:example_time_delta_sensor_async
[2024-04-06T05:00:30.940+0000] {logging_mixin.py:188} INFO - [2024-04-06T05:00:30.940+0000] {dag.py:3047} INFO - Sync 1 DAGs
[2024-04-06T05:00:30.952+0000] {logging_mixin.py:188} INFO - [2024-04-06T05:00:30.952+0000] {dag.py:3069} INFO - Creating ORM DAG for example_time_delta_sensor_async
[2024-04-06T05:00:30.954+0000] {logging_mixin.py:188} INFO - [2024-04-06T05:00:30.954+0000] {dag.py:3834} INFO - Setting next_dagrun for example_time_delta_sensor_async to None, run_after=None
[2024-04-06T05:00:30.982+0000] {processor.py:183} INFO - Processing /home/airflow/.local/lib/python3.8/site-packages/airflow/example_dags/example_time_delta_sensor_async.py took 0.227 seconds
[2024-04-06T05:01:01.495+0000] {processor.py:161} INFO - Started process (PID=124) to work on /home/airflow/.local/lib/python3.8/site-packages/airflow/example_dags/example_time_delta_sensor_async.py
[2024-04-06T05:01:01.497+0000] {processor.py:830} INFO - Processing file /home/airflow/.local/lib/python3.8/site-packages/airflow/example_dags/example_time_delta_sensor_async.py for tasks to queue
[2024-04-06T05:01:01.500+0000] {logging_mixin.py:188} INFO - [2024-04-06T05:01:01.499+0000] {dagbag.py:540} INFO - Filling up the DagBag from /home/airflow/.local/lib/python3.8/site-packages/airflow/example_dags/example_time_delta_sensor_async.py
[2024-04-06T05:01:01.506+0000] {processor.py:840} INFO - DAG(s) 'example_time_delta_sensor_async' retrieved from /home/airflow/.local/lib/python3.8/site-packages/airflow/example_dags/example_time_delta_sensor_async.py
[2024-04-06T05:01:01.532+0000] {logging_mixin.py:188} INFO - [2024-04-06T05:01:01.531+0000] {dag.py:3047} INFO - Sync 1 DAGs
[2024-04-06T05:01:01.546+0000] {logging_mixin.py:188} INFO - [2024-04-06T05:01:01.546+0000] {dag.py:3834} INFO - Setting next_dagrun for example_time_delta_sensor_async to None, run_after=None
[2024-04-06T05:01:01.573+0000] {processor.py:183} INFO - Processing /home/airflow/.local/lib/python3.8/site-packages/airflow/example_dags/example_time_delta_sensor_async.py took 0.081 seconds
[2024-04-06T05:01:32.035+0000] {processor.py:161} INFO - Started process (PID=180) to work on /home/airflow/.local/lib/python3.8/site-packages/airflow/example_dags/example_time_delta_sensor_async.py
[2024-04-06T05:01:32.036+0000] {processor.py:830} INFO - Processing file /home/airflow/.local/lib/python3.8/site-packages/airflow/example_dags/example_time_delta_sensor_async.py for tasks to queue
[2024-04-06T05:01:32.039+0000] {logging_mixin.py:188} INFO - [2024-04-06T05:01:32.039+0000] {dagbag.py:540} INFO - Filling up the DagBag from /home/airflow/.local/lib/python3.8/site-packages/airflow/example_dags/example_time_delta_sensor_async.py
[2024-04-06T05:01:32.045+0000] {processor.py:840} INFO - DAG(s) 'example_time_delta_sensor_async' retrieved from /home/airflow/.local/lib/python3.8/site-packages/airflow/example_dags/example_time_delta_sensor_async.py
[2024-04-06T05:01:32.070+0000] {logging_mixin.py:188} INFO - [2024-04-06T05:01:32.070+0000] {dag.py:3047} INFO - Sync 1 DAGs
[2024-04-06T05:01:32.085+0000] {logging_mixin.py:188} INFO - [2024-04-06T05:01:32.085+0000] {dag.py:3834} INFO - Setting next_dagrun for example_time_delta_sensor_async to None, run_after=None
[2024-04-06T05:01:32.111+0000] {processor.py:183} INFO - Processing /home/airflow/.local/lib/python3.8/site-packages/airflow/example_dags/example_time_delta_sensor_async.py took 0.081 seconds
[2024-04-06T05:02:02.383+0000] {processor.py:161} INFO - Started process (PID=235) to work on /home/airflow/.local/lib/python3.8/site-packages/airflow/example_dags/example_time_delta_sensor_async.py
[2024-04-06T05:02:02.385+0000] {processor.py:830} INFO - Processing file /home/airflow/.local/lib/python3.8/site-packages/airflow/example_dags/example_time_delta_sensor_async.py for tasks to queue
[2024-04-06T05:02:02.388+0000] {logging_mixin.py:188} INFO - [2024-04-06T05:02:02.387+0000] {dagbag.py:540} INFO - Filling up the DagBag from /home/airflow/.local/lib/python3.8/site-packages/airflow/example_dags/example_time_delta_sensor_async.py
[2024-04-06T05:02:02.394+0000] {processor.py:840} INFO - DAG(s) 'example_time_delta_sensor_async' retrieved from /home/airflow/.local/lib/python3.8/site-packages/airflow/example_dags/example_time_delta_sensor_async.py
[2024-04-06T05:02:02.419+0000] {logging_mixin.py:188} INFO - [2024-04-06T05:02:02.419+0000] {dag.py:3047} INFO - Sync 1 DAGs
[2024-04-06T05:02:02.433+0000] {logging_mixin.py:188} INFO - [2024-04-06T05:02:02.433+0000] {dag.py:3834} INFO - Setting next_dagrun for example_time_delta_sensor_async to None, run_after=None
[2024-04-06T05:02:02.462+0000] {processor.py:183} INFO - Processing /home/airflow/.local/lib/python3.8/site-packages/airflow/example_dags/example_time_delta_sensor_async.py took 0.083 seconds
[2024-04-06T05:02:32.941+0000] {processor.py:161} INFO - Started process (PID=289) to work on /home/airflow/.local/lib/python3.8/site-packages/airflow/example_dags/example_time_delta_sensor_async.py
[2024-04-06T05:02:32.942+0000] {processor.py:830} INFO - Processing file /home/airflow/.local/lib/python3.8/site-packages/airflow/example_dags/example_time_delta_sensor_async.py for tasks to queue
[2024-04-06T05:02:32.944+0000] {logging_mixin.py:188} INFO - [2024-04-06T05:02:32.944+0000] {dagbag.py:540} INFO - Filling up the DagBag from /home/airflow/.local/lib/python3.8/site-packages/airflow/example_dags/example_time_delta_sensor_async.py
[2024-04-06T05:02:32.951+0000] {processor.py:840} INFO - DAG(s) 'example_time_delta_sensor_async' retrieved from /home/airflow/.local/lib/python3.8/site-packages/airflow/example_dags/example_time_delta_sensor_async.py
[2024-04-06T05:02:32.975+0000] {logging_mixin.py:188} INFO - [2024-04-06T05:02:32.975+0000] {dag.py:3047} INFO - Sync 1 DAGs
[2024-04-06T05:02:32.990+0000] {logging_mixin.py:188} INFO - [2024-04-06T05:02:32.990+0000] {dag.py:3834} INFO - Setting next_dagrun for example_time_delta_sensor_async to None, run_after=None
[2024-04-06T05:02:33.019+0000] {processor.py:183} INFO - Processing /home/airflow/.local/lib/python3.8/site-packages/airflow/example_dags/example_time_delta_sensor_async.py took 0.082 seconds
