[2024-04-06T04:59:55.230+0000] {processor.py:161} INFO - Started process (PID=40) to work on /home/airflow/.local/lib/python3.8/site-packages/airflow/example_dags/example_latest_only_with_trigger.py
[2024-04-06T04:59:55.231+0000] {processor.py:830} INFO - Processing file /home/airflow/.local/lib/python3.8/site-packages/airflow/example_dags/example_latest_only_with_trigger.py for tasks to queue
[2024-04-06T04:59:55.234+0000] {logging_mixin.py:188} INFO - [2024-04-06T04:59:55.234+0000] {dagbag.py:540} INFO - Filling up the DagBag from /home/airflow/.local/lib/python3.8/site-packages/airflow/example_dags/example_latest_only_with_trigger.py
[2024-04-06T04:59:55.257+0000] {processor.py:840} INFO - DAG(s) 'latest_only_with_trigger' retrieved from /home/airflow/.local/lib/python3.8/site-packages/airflow/example_dags/example_latest_only_with_trigger.py
[2024-04-06T04:59:55.465+0000] {logging_mixin.py:188} INFO - [2024-04-06T04:59:55.464+0000] {override.py:1769} INFO - Created Permission View: can edit on DAG:latest_only_with_trigger
[2024-04-06T04:59:55.509+0000] {logging_mixin.py:188} INFO - [2024-04-06T04:59:55.509+0000] {override.py:1769} INFO - Created Permission View: can read on DAG:latest_only_with_trigger
[2024-04-06T04:59:55.522+0000] {logging_mixin.py:188} INFO - [2024-04-06T04:59:55.521+0000] {override.py:1769} INFO - Created Permission View: can delete on DAG:latest_only_with_trigger
[2024-04-06T04:59:55.523+0000] {logging_mixin.py:188} INFO - [2024-04-06T04:59:55.522+0000] {dag.py:3047} INFO - Sync 1 DAGs
[2024-04-06T04:59:55.541+0000] {logging_mixin.py:188} INFO - [2024-04-06T04:59:55.540+0000] {dag.py:3069} INFO - Creating ORM DAG for latest_only_with_trigger
[2024-04-06T04:59:55.561+0000] {logging_mixin.py:188} INFO - [2024-04-06T04:59:55.561+0000] {dag.py:3834} INFO - Setting next_dagrun for latest_only_with_trigger to 2024-04-06 00:00:00+00:00, run_after=2024-04-06 04:00:00+00:00
[2024-04-06T04:59:55.596+0000] {processor.py:183} INFO - Processing /home/airflow/.local/lib/python3.8/site-packages/airflow/example_dags/example_latest_only_with_trigger.py took 0.371 seconds
[2024-04-06T05:00:26.679+0000] {processor.py:161} INFO - Started process (PID=39) to work on /home/airflow/.local/lib/python3.8/site-packages/airflow/example_dags/example_latest_only_with_trigger.py
[2024-04-06T05:00:26.680+0000] {processor.py:830} INFO - Processing file /home/airflow/.local/lib/python3.8/site-packages/airflow/example_dags/example_latest_only_with_trigger.py for tasks to queue
[2024-04-06T05:00:26.683+0000] {logging_mixin.py:188} INFO - [2024-04-06T05:00:26.683+0000] {dagbag.py:540} INFO - Filling up the DagBag from /home/airflow/.local/lib/python3.8/site-packages/airflow/example_dags/example_latest_only_with_trigger.py
[2024-04-06T05:00:26.694+0000] {processor.py:840} INFO - DAG(s) 'latest_only_with_trigger' retrieved from /home/airflow/.local/lib/python3.8/site-packages/airflow/example_dags/example_latest_only_with_trigger.py
[2024-04-06T05:00:26.724+0000] {logging_mixin.py:188} INFO - [2024-04-06T05:00:26.724+0000] {dag.py:3047} INFO - Sync 1 DAGs
[2024-04-06T05:00:26.753+0000] {logging_mixin.py:188} INFO - [2024-04-06T05:00:26.752+0000] {dag.py:3834} INFO - Setting next_dagrun for latest_only_with_trigger to 2024-04-06 00:00:00+00:00, run_after=2024-04-06 04:00:00+00:00
[2024-04-06T05:00:27.211+0000] {processor.py:183} INFO - Processing /home/airflow/.local/lib/python3.8/site-packages/airflow/example_dags/example_latest_only_with_trigger.py took 0.536 seconds
[2024-04-06T05:00:57.328+0000] {processor.py:161} INFO - Started process (PID=93) to work on /home/airflow/.local/lib/python3.8/site-packages/airflow/example_dags/example_latest_only_with_trigger.py
[2024-04-06T05:00:57.330+0000] {processor.py:830} INFO - Processing file /home/airflow/.local/lib/python3.8/site-packages/airflow/example_dags/example_latest_only_with_trigger.py for tasks to queue
[2024-04-06T05:00:57.332+0000] {logging_mixin.py:188} INFO - [2024-04-06T05:00:57.331+0000] {dagbag.py:540} INFO - Filling up the DagBag from /home/airflow/.local/lib/python3.8/site-packages/airflow/example_dags/example_latest_only_with_trigger.py
[2024-04-06T05:00:57.337+0000] {processor.py:840} INFO - DAG(s) 'latest_only_with_trigger' retrieved from /home/airflow/.local/lib/python3.8/site-packages/airflow/example_dags/example_latest_only_with_trigger.py
[2024-04-06T05:00:57.362+0000] {logging_mixin.py:188} INFO - [2024-04-06T05:00:57.362+0000] {dag.py:3047} INFO - Sync 1 DAGs
[2024-04-06T05:00:57.387+0000] {logging_mixin.py:188} INFO - [2024-04-06T05:00:57.387+0000] {dag.py:3834} INFO - Setting next_dagrun for latest_only_with_trigger to 2024-04-06 00:00:00+00:00, run_after=2024-04-06 04:00:00+00:00
[2024-04-06T05:00:57.410+0000] {processor.py:183} INFO - Processing /home/airflow/.local/lib/python3.8/site-packages/airflow/example_dags/example_latest_only_with_trigger.py took 0.085 seconds
[2024-04-06T05:01:27.760+0000] {processor.py:161} INFO - Started process (PID=149) to work on /home/airflow/.local/lib/python3.8/site-packages/airflow/example_dags/example_latest_only_with_trigger.py
[2024-04-06T05:01:27.762+0000] {processor.py:830} INFO - Processing file /home/airflow/.local/lib/python3.8/site-packages/airflow/example_dags/example_latest_only_with_trigger.py for tasks to queue
[2024-04-06T05:01:27.764+0000] {logging_mixin.py:188} INFO - [2024-04-06T05:01:27.764+0000] {dagbag.py:540} INFO - Filling up the DagBag from /home/airflow/.local/lib/python3.8/site-packages/airflow/example_dags/example_latest_only_with_trigger.py
[2024-04-06T05:01:27.772+0000] {processor.py:840} INFO - DAG(s) 'latest_only_with_trigger' retrieved from /home/airflow/.local/lib/python3.8/site-packages/airflow/example_dags/example_latest_only_with_trigger.py
[2024-04-06T05:01:27.797+0000] {logging_mixin.py:188} INFO - [2024-04-06T05:01:27.796+0000] {dag.py:3047} INFO - Sync 1 DAGs
[2024-04-06T05:01:27.825+0000] {logging_mixin.py:188} INFO - [2024-04-06T05:01:27.825+0000] {dag.py:3834} INFO - Setting next_dagrun for latest_only_with_trigger to 2024-04-06 00:00:00+00:00, run_after=2024-04-06 04:00:00+00:00
[2024-04-06T05:01:27.851+0000] {processor.py:183} INFO - Processing /home/airflow/.local/lib/python3.8/site-packages/airflow/example_dags/example_latest_only_with_trigger.py took 0.095 seconds
[2024-04-06T05:01:58.206+0000] {processor.py:161} INFO - Started process (PID=204) to work on /home/airflow/.local/lib/python3.8/site-packages/airflow/example_dags/example_latest_only_with_trigger.py
[2024-04-06T05:01:58.207+0000] {processor.py:830} INFO - Processing file /home/airflow/.local/lib/python3.8/site-packages/airflow/example_dags/example_latest_only_with_trigger.py for tasks to queue
[2024-04-06T05:01:58.209+0000] {logging_mixin.py:188} INFO - [2024-04-06T05:01:58.209+0000] {dagbag.py:540} INFO - Filling up the DagBag from /home/airflow/.local/lib/python3.8/site-packages/airflow/example_dags/example_latest_only_with_trigger.py
[2024-04-06T05:01:58.215+0000] {processor.py:840} INFO - DAG(s) 'latest_only_with_trigger' retrieved from /home/airflow/.local/lib/python3.8/site-packages/airflow/example_dags/example_latest_only_with_trigger.py
[2024-04-06T05:01:58.242+0000] {logging_mixin.py:188} INFO - [2024-04-06T05:01:58.241+0000] {dag.py:3047} INFO - Sync 1 DAGs
[2024-04-06T05:01:58.268+0000] {logging_mixin.py:188} INFO - [2024-04-06T05:01:58.268+0000] {dag.py:3834} INFO - Setting next_dagrun for latest_only_with_trigger to 2024-04-06 00:00:00+00:00, run_after=2024-04-06 04:00:00+00:00
[2024-04-06T05:01:58.293+0000] {processor.py:183} INFO - Processing /home/airflow/.local/lib/python3.8/site-packages/airflow/example_dags/example_latest_only_with_trigger.py took 0.091 seconds
[2024-04-06T05:02:28.577+0000] {processor.py:161} INFO - Started process (PID=259) to work on /home/airflow/.local/lib/python3.8/site-packages/airflow/example_dags/example_latest_only_with_trigger.py
[2024-04-06T05:02:28.579+0000] {processor.py:830} INFO - Processing file /home/airflow/.local/lib/python3.8/site-packages/airflow/example_dags/example_latest_only_with_trigger.py for tasks to queue
[2024-04-06T05:02:28.582+0000] {logging_mixin.py:188} INFO - [2024-04-06T05:02:28.581+0000] {dagbag.py:540} INFO - Filling up the DagBag from /home/airflow/.local/lib/python3.8/site-packages/airflow/example_dags/example_latest_only_with_trigger.py
[2024-04-06T05:02:28.588+0000] {processor.py:840} INFO - DAG(s) 'latest_only_with_trigger' retrieved from /home/airflow/.local/lib/python3.8/site-packages/airflow/example_dags/example_latest_only_with_trigger.py
[2024-04-06T05:02:28.615+0000] {logging_mixin.py:188} INFO - [2024-04-06T05:02:28.614+0000] {dag.py:3047} INFO - Sync 1 DAGs
[2024-04-06T05:02:28.642+0000] {logging_mixin.py:188} INFO - [2024-04-06T05:02:28.641+0000] {dag.py:3834} INFO - Setting next_dagrun for latest_only_with_trigger to 2024-04-06 00:00:00+00:00, run_after=2024-04-06 04:00:00+00:00
[2024-04-06T05:02:28.666+0000] {processor.py:183} INFO - Processing /home/airflow/.local/lib/python3.8/site-packages/airflow/example_dags/example_latest_only_with_trigger.py took 0.093 seconds
