[2024-04-06T05:00:30.261+0000] {processor.py:161} INFO - Started process (PID=67) to work on /home/airflow/.local/lib/python3.8/site-packages/airflow/example_dags/example_dag_decorator.py
[2024-04-06T05:00:30.263+0000] {processor.py:830} INFO - Processing file /home/airflow/.local/lib/python3.8/site-packages/airflow/example_dags/example_dag_decorator.py for tasks to queue
[2024-04-06T05:00:30.265+0000] {logging_mixin.py:188} INFO - [2024-04-06T05:00:30.265+0000] {dagbag.py:540} INFO - Filling up the DagBag from /home/airflow/.local/lib/python3.8/site-packages/airflow/example_dags/example_dag_decorator.py
[2024-04-06T05:00:30.507+0000] {processor.py:840} INFO - DAG(s) 'example_dag_decorator' retrieved from /home/airflow/.local/lib/python3.8/site-packages/airflow/example_dags/example_dag_decorator.py
[2024-04-06T05:00:30.628+0000] {logging_mixin.py:188} INFO - [2024-04-06T05:00:30.628+0000] {override.py:1769} INFO - Created Permission View: can read on DAG:example_dag_decorator
[2024-04-06T05:00:30.660+0000] {logging_mixin.py:188} INFO - [2024-04-06T05:00:30.660+0000] {override.py:1769} INFO - Created Permission View: can edit on DAG:example_dag_decorator
[2024-04-06T05:00:30.671+0000] {logging_mixin.py:188} INFO - [2024-04-06T05:00:30.670+0000] {override.py:1769} INFO - Created Permission View: can delete on DAG:example_dag_decorator
[2024-04-06T05:00:30.672+0000] {logging_mixin.py:188} INFO - [2024-04-06T05:00:30.672+0000] {dag.py:3047} INFO - Sync 1 DAGs
[2024-04-06T05:00:30.686+0000] {logging_mixin.py:188} INFO - [2024-04-06T05:00:30.685+0000] {dag.py:3069} INFO - Creating ORM DAG for example_dag_decorator
[2024-04-06T05:00:30.687+0000] {logging_mixin.py:188} INFO - [2024-04-06T05:00:30.687+0000] {dag.py:3834} INFO - Setting next_dagrun for example_dag_decorator to None, run_after=None
[2024-04-06T05:00:30.717+0000] {processor.py:183} INFO - Processing /home/airflow/.local/lib/python3.8/site-packages/airflow/example_dags/example_dag_decorator.py took 0.459 seconds
[2024-04-06T05:01:01.266+0000] {processor.py:161} INFO - Started process (PID=122) to work on /home/airflow/.local/lib/python3.8/site-packages/airflow/example_dags/example_dag_decorator.py
[2024-04-06T05:01:01.267+0000] {processor.py:830} INFO - Processing file /home/airflow/.local/lib/python3.8/site-packages/airflow/example_dags/example_dag_decorator.py for tasks to queue
[2024-04-06T05:01:01.270+0000] {logging_mixin.py:188} INFO - [2024-04-06T05:01:01.270+0000] {dagbag.py:540} INFO - Filling up the DagBag from /home/airflow/.local/lib/python3.8/site-packages/airflow/example_dags/example_dag_decorator.py
[2024-04-06T05:01:01.399+0000] {processor.py:840} INFO - DAG(s) 'example_dag_decorator' retrieved from /home/airflow/.local/lib/python3.8/site-packages/airflow/example_dags/example_dag_decorator.py
[2024-04-06T05:01:01.522+0000] {logging_mixin.py:188} INFO - [2024-04-06T05:01:01.522+0000] {dag.py:3047} INFO - Sync 1 DAGs
[2024-04-06T05:01:01.536+0000] {logging_mixin.py:188} INFO - [2024-04-06T05:01:01.535+0000] {dag.py:3834} INFO - Setting next_dagrun for example_dag_decorator to None, run_after=None
[2024-04-06T05:01:01.562+0000] {processor.py:183} INFO - Processing /home/airflow/.local/lib/python3.8/site-packages/airflow/example_dags/example_dag_decorator.py took 0.300 seconds
[2024-04-06T05:01:31.804+0000] {processor.py:161} INFO - Started process (PID=178) to work on /home/airflow/.local/lib/python3.8/site-packages/airflow/example_dags/example_dag_decorator.py
[2024-04-06T05:01:31.806+0000] {processor.py:830} INFO - Processing file /home/airflow/.local/lib/python3.8/site-packages/airflow/example_dags/example_dag_decorator.py for tasks to queue
[2024-04-06T05:01:31.809+0000] {logging_mixin.py:188} INFO - [2024-04-06T05:01:31.809+0000] {dagbag.py:540} INFO - Filling up the DagBag from /home/airflow/.local/lib/python3.8/site-packages/airflow/example_dags/example_dag_decorator.py
[2024-04-06T05:01:31.928+0000] {processor.py:840} INFO - DAG(s) 'example_dag_decorator' retrieved from /home/airflow/.local/lib/python3.8/site-packages/airflow/example_dags/example_dag_decorator.py
[2024-04-06T05:01:32.054+0000] {logging_mixin.py:188} INFO - [2024-04-06T05:01:32.053+0000] {dag.py:3047} INFO - Sync 1 DAGs
[2024-04-06T05:01:32.066+0000] {logging_mixin.py:188} INFO - [2024-04-06T05:01:32.066+0000] {dag.py:3834} INFO - Setting next_dagrun for example_dag_decorator to None, run_after=None
[2024-04-06T05:01:32.093+0000] {processor.py:183} INFO - Processing /home/airflow/.local/lib/python3.8/site-packages/airflow/example_dags/example_dag_decorator.py took 0.294 seconds
[2024-04-06T05:02:02.364+0000] {processor.py:161} INFO - Started process (PID=234) to work on /home/airflow/.local/lib/python3.8/site-packages/airflow/example_dags/example_dag_decorator.py
[2024-04-06T05:02:02.366+0000] {processor.py:830} INFO - Processing file /home/airflow/.local/lib/python3.8/site-packages/airflow/example_dags/example_dag_decorator.py for tasks to queue
[2024-04-06T05:02:02.369+0000] {logging_mixin.py:188} INFO - [2024-04-06T05:02:02.369+0000] {dagbag.py:540} INFO - Filling up the DagBag from /home/airflow/.local/lib/python3.8/site-packages/airflow/example_dags/example_dag_decorator.py
[2024-04-06T05:02:02.492+0000] {processor.py:840} INFO - DAG(s) 'example_dag_decorator' retrieved from /home/airflow/.local/lib/python3.8/site-packages/airflow/example_dags/example_dag_decorator.py
[2024-04-06T05:02:02.621+0000] {logging_mixin.py:188} INFO - [2024-04-06T05:02:02.620+0000] {dag.py:3047} INFO - Sync 1 DAGs
[2024-04-06T05:02:02.633+0000] {logging_mixin.py:188} INFO - [2024-04-06T05:02:02.633+0000] {dag.py:3834} INFO - Setting next_dagrun for example_dag_decorator to None, run_after=None
[2024-04-06T05:02:02.659+0000] {processor.py:183} INFO - Processing /home/airflow/.local/lib/python3.8/site-packages/airflow/example_dags/example_dag_decorator.py took 0.299 seconds
[2024-04-06T05:02:33.062+0000] {processor.py:161} INFO - Started process (PID=291) to work on /home/airflow/.local/lib/python3.8/site-packages/airflow/example_dags/example_dag_decorator.py
[2024-04-06T05:02:33.063+0000] {processor.py:830} INFO - Processing file /home/airflow/.local/lib/python3.8/site-packages/airflow/example_dags/example_dag_decorator.py for tasks to queue
[2024-04-06T05:02:33.065+0000] {logging_mixin.py:188} INFO - [2024-04-06T05:02:33.065+0000] {dagbag.py:540} INFO - Filling up the DagBag from /home/airflow/.local/lib/python3.8/site-packages/airflow/example_dags/example_dag_decorator.py
[2024-04-06T05:02:33.166+0000] {processor.py:840} INFO - DAG(s) 'example_dag_decorator' retrieved from /home/airflow/.local/lib/python3.8/site-packages/airflow/example_dags/example_dag_decorator.py
[2024-04-06T05:02:33.271+0000] {logging_mixin.py:188} INFO - [2024-04-06T05:02:33.271+0000] {dag.py:3047} INFO - Sync 1 DAGs
[2024-04-06T05:02:33.281+0000] {logging_mixin.py:188} INFO - [2024-04-06T05:02:33.281+0000] {dag.py:3834} INFO - Setting next_dagrun for example_dag_decorator to None, run_after=None
[2024-04-06T05:02:33.306+0000] {processor.py:183} INFO - Processing /home/airflow/.local/lib/python3.8/site-packages/airflow/example_dags/example_dag_decorator.py took 0.248 seconds
