[2024-04-06T05:00:31.323+0000] {processor.py:161} INFO - Started process (PID=73) to work on /home/airflow/.local/lib/python3.8/site-packages/airflow/example_dags/example_trigger_target_dag.py
[2024-04-06T05:00:31.325+0000] {processor.py:830} INFO - Processing file /home/airflow/.local/lib/python3.8/site-packages/airflow/example_dags/example_trigger_target_dag.py for tasks to queue
[2024-04-06T05:00:31.327+0000] {logging_mixin.py:188} INFO - [2024-04-06T05:00:31.327+0000] {dagbag.py:540} INFO - Filling up the DagBag from /home/airflow/.local/lib/python3.8/site-packages/airflow/example_dags/example_trigger_target_dag.py
[2024-04-06T05:00:31.335+0000] {processor.py:840} INFO - DAG(s) 'example_trigger_target_dag' retrieved from /home/airflow/.local/lib/python3.8/site-packages/airflow/example_dags/example_trigger_target_dag.py
[2024-04-06T05:00:31.477+0000] {logging_mixin.py:188} INFO - [2024-04-06T05:00:31.476+0000] {override.py:1769} INFO - Created Permission View: can read on DAG:example_trigger_target_dag
[2024-04-06T05:00:31.490+0000] {logging_mixin.py:188} INFO - [2024-04-06T05:00:31.489+0000] {override.py:1769} INFO - Created Permission View: can edit on DAG:example_trigger_target_dag
[2024-04-06T05:00:31.521+0000] {logging_mixin.py:188} INFO - [2024-04-06T05:00:31.521+0000] {override.py:1769} INFO - Created Permission View: can delete on DAG:example_trigger_target_dag
[2024-04-06T05:00:31.522+0000] {logging_mixin.py:188} INFO - [2024-04-06T05:00:31.522+0000] {dag.py:3047} INFO - Sync 1 DAGs
[2024-04-06T05:00:31.536+0000] {logging_mixin.py:188} INFO - [2024-04-06T05:00:31.535+0000] {dag.py:3069} INFO - Creating ORM DAG for example_trigger_target_dag
[2024-04-06T05:00:31.537+0000] {logging_mixin.py:188} INFO - [2024-04-06T05:00:31.537+0000] {dag.py:3834} INFO - Setting next_dagrun for example_trigger_target_dag to None, run_after=None
[2024-04-06T05:00:31.561+0000] {processor.py:183} INFO - Processing /home/airflow/.local/lib/python3.8/site-packages/airflow/example_dags/example_trigger_target_dag.py took 0.241 seconds
[2024-04-06T05:01:01.837+0000] {processor.py:161} INFO - Started process (PID=128) to work on /home/airflow/.local/lib/python3.8/site-packages/airflow/example_dags/example_trigger_target_dag.py
[2024-04-06T05:01:01.838+0000] {processor.py:830} INFO - Processing file /home/airflow/.local/lib/python3.8/site-packages/airflow/example_dags/example_trigger_target_dag.py for tasks to queue
[2024-04-06T05:01:01.840+0000] {logging_mixin.py:188} INFO - [2024-04-06T05:01:01.839+0000] {dagbag.py:540} INFO - Filling up the DagBag from /home/airflow/.local/lib/python3.8/site-packages/airflow/example_dags/example_trigger_target_dag.py
[2024-04-06T05:01:01.846+0000] {processor.py:840} INFO - DAG(s) 'example_trigger_target_dag' retrieved from /home/airflow/.local/lib/python3.8/site-packages/airflow/example_dags/example_trigger_target_dag.py
[2024-04-06T05:01:01.868+0000] {logging_mixin.py:188} INFO - [2024-04-06T05:01:01.867+0000] {dag.py:3047} INFO - Sync 1 DAGs
[2024-04-06T05:01:01.881+0000] {logging_mixin.py:188} INFO - [2024-04-06T05:01:01.881+0000] {dag.py:3834} INFO - Setting next_dagrun for example_trigger_target_dag to None, run_after=None
[2024-04-06T05:01:01.904+0000] {processor.py:183} INFO - Processing /home/airflow/.local/lib/python3.8/site-packages/airflow/example_dags/example_trigger_target_dag.py took 0.071 seconds
[2024-04-06T05:01:32.271+0000] {processor.py:161} INFO - Started process (PID=184) to work on /home/airflow/.local/lib/python3.8/site-packages/airflow/example_dags/example_trigger_target_dag.py
[2024-04-06T05:01:32.272+0000] {processor.py:830} INFO - Processing file /home/airflow/.local/lib/python3.8/site-packages/airflow/example_dags/example_trigger_target_dag.py for tasks to queue
[2024-04-06T05:01:32.274+0000] {logging_mixin.py:188} INFO - [2024-04-06T05:01:32.274+0000] {dagbag.py:540} INFO - Filling up the DagBag from /home/airflow/.local/lib/python3.8/site-packages/airflow/example_dags/example_trigger_target_dag.py
[2024-04-06T05:01:32.282+0000] {processor.py:840} INFO - DAG(s) 'example_trigger_target_dag' retrieved from /home/airflow/.local/lib/python3.8/site-packages/airflow/example_dags/example_trigger_target_dag.py
[2024-04-06T05:01:32.306+0000] {logging_mixin.py:188} INFO - [2024-04-06T05:01:32.306+0000] {dag.py:3047} INFO - Sync 1 DAGs
[2024-04-06T05:01:32.321+0000] {logging_mixin.py:188} INFO - [2024-04-06T05:01:32.320+0000] {dag.py:3834} INFO - Setting next_dagrun for example_trigger_target_dag to None, run_after=None
[2024-04-06T05:01:32.347+0000] {processor.py:183} INFO - Processing /home/airflow/.local/lib/python3.8/site-packages/airflow/example_dags/example_trigger_target_dag.py took 0.080 seconds
[2024-04-06T05:02:02.736+0000] {processor.py:161} INFO - Started process (PID=239) to work on /home/airflow/.local/lib/python3.8/site-packages/airflow/example_dags/example_trigger_target_dag.py
[2024-04-06T05:02:02.738+0000] {processor.py:830} INFO - Processing file /home/airflow/.local/lib/python3.8/site-packages/airflow/example_dags/example_trigger_target_dag.py for tasks to queue
[2024-04-06T05:02:02.740+0000] {logging_mixin.py:188} INFO - [2024-04-06T05:02:02.740+0000] {dagbag.py:540} INFO - Filling up the DagBag from /home/airflow/.local/lib/python3.8/site-packages/airflow/example_dags/example_trigger_target_dag.py
[2024-04-06T05:02:02.748+0000] {processor.py:840} INFO - DAG(s) 'example_trigger_target_dag' retrieved from /home/airflow/.local/lib/python3.8/site-packages/airflow/example_dags/example_trigger_target_dag.py
[2024-04-06T05:02:02.774+0000] {logging_mixin.py:188} INFO - [2024-04-06T05:02:02.773+0000] {dag.py:3047} INFO - Sync 1 DAGs
[2024-04-06T05:02:02.789+0000] {logging_mixin.py:188} INFO - [2024-04-06T05:02:02.789+0000] {dag.py:3834} INFO - Setting next_dagrun for example_trigger_target_dag to None, run_after=None
[2024-04-06T05:02:02.815+0000] {processor.py:183} INFO - Processing /home/airflow/.local/lib/python3.8/site-packages/airflow/example_dags/example_trigger_target_dag.py took 0.082 seconds
[2024-04-06T05:02:33.472+0000] {processor.py:161} INFO - Started process (PID=294) to work on /home/airflow/.local/lib/python3.8/site-packages/airflow/example_dags/example_trigger_target_dag.py
[2024-04-06T05:02:33.473+0000] {processor.py:830} INFO - Processing file /home/airflow/.local/lib/python3.8/site-packages/airflow/example_dags/example_trigger_target_dag.py for tasks to queue
[2024-04-06T05:02:33.475+0000] {logging_mixin.py:188} INFO - [2024-04-06T05:02:33.475+0000] {dagbag.py:540} INFO - Filling up the DagBag from /home/airflow/.local/lib/python3.8/site-packages/airflow/example_dags/example_trigger_target_dag.py
[2024-04-06T05:02:33.481+0000] {processor.py:840} INFO - DAG(s) 'example_trigger_target_dag' retrieved from /home/airflow/.local/lib/python3.8/site-packages/airflow/example_dags/example_trigger_target_dag.py
[2024-04-06T05:02:33.503+0000] {logging_mixin.py:188} INFO - [2024-04-06T05:02:33.503+0000] {dag.py:3047} INFO - Sync 1 DAGs
[2024-04-06T05:02:33.516+0000] {logging_mixin.py:188} INFO - [2024-04-06T05:02:33.516+0000] {dag.py:3834} INFO - Setting next_dagrun for example_trigger_target_dag to None, run_after=None
[2024-04-06T05:02:33.539+0000] {processor.py:183} INFO - Processing /home/airflow/.local/lib/python3.8/site-packages/airflow/example_dags/example_trigger_target_dag.py took 0.070 seconds
