[2024-04-06T05:00:31.859+0000] {processor.py:161} INFO - Started process (PID=76) to work on /home/airflow/.local/lib/python3.8/site-packages/airflow/example_dags/example_xcom.py
[2024-04-06T05:00:31.861+0000] {processor.py:830} INFO - Processing file /home/airflow/.local/lib/python3.8/site-packages/airflow/example_dags/example_xcom.py for tasks to queue
[2024-04-06T05:00:31.864+0000] {logging_mixin.py:188} INFO - [2024-04-06T05:00:31.863+0000] {dagbag.py:540} INFO - Filling up the DagBag from /home/airflow/.local/lib/python3.8/site-packages/airflow/example_dags/example_xcom.py
[2024-04-06T05:00:31.876+0000] {processor.py:840} INFO - DAG(s) 'example_xcom' retrieved from /home/airflow/.local/lib/python3.8/site-packages/airflow/example_dags/example_xcom.py
[2024-04-06T05:00:31.999+0000] {logging_mixin.py:188} INFO - [2024-04-06T05:00:31.998+0000] {override.py:1769} INFO - Created Permission View: can read on DAG:example_xcom
[2024-04-06T05:00:32.028+0000] {logging_mixin.py:188} INFO - [2024-04-06T05:00:32.027+0000] {override.py:1769} INFO - Created Permission View: can edit on DAG:example_xcom
[2024-04-06T05:00:32.037+0000] {logging_mixin.py:188} INFO - [2024-04-06T05:00:32.036+0000] {override.py:1769} INFO - Created Permission View: can delete on DAG:example_xcom
[2024-04-06T05:00:32.038+0000] {logging_mixin.py:188} INFO - [2024-04-06T05:00:32.037+0000] {dag.py:3047} INFO - Sync 1 DAGs
[2024-04-06T05:00:32.049+0000] {logging_mixin.py:188} INFO - [2024-04-06T05:00:32.048+0000] {dag.py:3069} INFO - Creating ORM DAG for example_xcom
[2024-04-06T05:00:32.059+0000] {logging_mixin.py:188} INFO - [2024-04-06T05:00:32.059+0000] {dag.py:3834} INFO - Setting next_dagrun for example_xcom to 2021-01-01 00:00:00+00:00, run_after=2021-01-01 00:00:00+00:00
[2024-04-06T05:00:32.080+0000] {processor.py:183} INFO - Processing /home/airflow/.local/lib/python3.8/site-packages/airflow/example_dags/example_xcom.py took 0.225 seconds
[2024-04-06T05:01:02.184+0000] {processor.py:161} INFO - Started process (PID=133) to work on /home/airflow/.local/lib/python3.8/site-packages/airflow/example_dags/example_xcom.py
[2024-04-06T05:01:02.185+0000] {processor.py:830} INFO - Processing file /home/airflow/.local/lib/python3.8/site-packages/airflow/example_dags/example_xcom.py for tasks to queue
[2024-04-06T05:01:02.187+0000] {logging_mixin.py:188} INFO - [2024-04-06T05:01:02.187+0000] {dagbag.py:540} INFO - Filling up the DagBag from /home/airflow/.local/lib/python3.8/site-packages/airflow/example_dags/example_xcom.py
[2024-04-06T05:01:02.196+0000] {processor.py:840} INFO - DAG(s) 'example_xcom' retrieved from /home/airflow/.local/lib/python3.8/site-packages/airflow/example_dags/example_xcom.py
[2024-04-06T05:01:02.222+0000] {logging_mixin.py:188} INFO - [2024-04-06T05:01:02.221+0000] {dag.py:3047} INFO - Sync 1 DAGs
[2024-04-06T05:01:02.244+0000] {logging_mixin.py:188} INFO - [2024-04-06T05:01:02.244+0000] {dag.py:3834} INFO - Setting next_dagrun for example_xcom to 2021-01-01 00:00:00+00:00, run_after=2021-01-01 00:00:00+00:00
[2024-04-06T05:01:02.266+0000] {processor.py:183} INFO - Processing /home/airflow/.local/lib/python3.8/site-packages/airflow/example_dags/example_xcom.py took 0.087 seconds
[2024-04-06T05:01:32.555+0000] {processor.py:161} INFO - Started process (PID=188) to work on /home/airflow/.local/lib/python3.8/site-packages/airflow/example_dags/example_xcom.py
[2024-04-06T05:01:32.557+0000] {processor.py:830} INFO - Processing file /home/airflow/.local/lib/python3.8/site-packages/airflow/example_dags/example_xcom.py for tasks to queue
[2024-04-06T05:01:32.559+0000] {logging_mixin.py:188} INFO - [2024-04-06T05:01:32.559+0000] {dagbag.py:540} INFO - Filling up the DagBag from /home/airflow/.local/lib/python3.8/site-packages/airflow/example_dags/example_xcom.py
[2024-04-06T05:01:32.568+0000] {processor.py:840} INFO - DAG(s) 'example_xcom' retrieved from /home/airflow/.local/lib/python3.8/site-packages/airflow/example_dags/example_xcom.py
[2024-04-06T05:01:32.597+0000] {logging_mixin.py:188} INFO - [2024-04-06T05:01:32.596+0000] {dag.py:3047} INFO - Sync 1 DAGs
[2024-04-06T05:01:32.631+0000] {logging_mixin.py:188} INFO - [2024-04-06T05:01:32.631+0000] {dag.py:3834} INFO - Setting next_dagrun for example_xcom to 2021-01-01 00:00:00+00:00, run_after=2021-01-01 00:00:00+00:00
[2024-04-06T05:01:32.659+0000] {processor.py:183} INFO - Processing /home/airflow/.local/lib/python3.8/site-packages/airflow/example_dags/example_xcom.py took 0.107 seconds
[2024-04-06T05:02:02.952+0000] {processor.py:161} INFO - Started process (PID=242) to work on /home/airflow/.local/lib/python3.8/site-packages/airflow/example_dags/example_xcom.py
[2024-04-06T05:02:02.954+0000] {processor.py:830} INFO - Processing file /home/airflow/.local/lib/python3.8/site-packages/airflow/example_dags/example_xcom.py for tasks to queue
[2024-04-06T05:02:02.957+0000] {logging_mixin.py:188} INFO - [2024-04-06T05:02:02.956+0000] {dagbag.py:540} INFO - Filling up the DagBag from /home/airflow/.local/lib/python3.8/site-packages/airflow/example_dags/example_xcom.py
[2024-04-06T05:02:02.967+0000] {processor.py:840} INFO - DAG(s) 'example_xcom' retrieved from /home/airflow/.local/lib/python3.8/site-packages/airflow/example_dags/example_xcom.py
[2024-04-06T05:02:02.990+0000] {logging_mixin.py:188} INFO - [2024-04-06T05:02:02.990+0000] {dag.py:3047} INFO - Sync 1 DAGs
[2024-04-06T05:02:03.021+0000] {logging_mixin.py:188} INFO - [2024-04-06T05:02:03.020+0000] {dag.py:3834} INFO - Setting next_dagrun for example_xcom to 2021-01-01 00:00:00+00:00, run_after=2021-01-01 00:00:00+00:00
[2024-04-06T05:02:03.047+0000] {processor.py:183} INFO - Processing /home/airflow/.local/lib/python3.8/site-packages/airflow/example_dags/example_xcom.py took 0.099 seconds
[2024-04-06T05:02:33.749+0000] {processor.py:161} INFO - Started process (PID=298) to work on /home/airflow/.local/lib/python3.8/site-packages/airflow/example_dags/example_xcom.py
[2024-04-06T05:02:33.750+0000] {processor.py:830} INFO - Processing file /home/airflow/.local/lib/python3.8/site-packages/airflow/example_dags/example_xcom.py for tasks to queue
[2024-04-06T05:02:33.752+0000] {logging_mixin.py:188} INFO - [2024-04-06T05:02:33.752+0000] {dagbag.py:540} INFO - Filling up the DagBag from /home/airflow/.local/lib/python3.8/site-packages/airflow/example_dags/example_xcom.py
[2024-04-06T05:02:33.762+0000] {processor.py:840} INFO - DAG(s) 'example_xcom' retrieved from /home/airflow/.local/lib/python3.8/site-packages/airflow/example_dags/example_xcom.py
[2024-04-06T05:02:33.791+0000] {logging_mixin.py:188} INFO - [2024-04-06T05:02:33.790+0000] {dag.py:3047} INFO - Sync 1 DAGs
[2024-04-06T05:02:33.820+0000] {logging_mixin.py:188} INFO - [2024-04-06T05:02:33.820+0000] {dag.py:3834} INFO - Setting next_dagrun for example_xcom to 2021-01-01 00:00:00+00:00, run_after=2021-01-01 00:00:00+00:00
[2024-04-06T05:02:33.847+0000] {processor.py:183} INFO - Processing /home/airflow/.local/lib/python3.8/site-packages/airflow/example_dags/example_xcom.py took 0.102 seconds
