[2024-04-06T04:59:55.648+0000] {processor.py:161} INFO - Started process (PID=42) to work on /home/airflow/.local/lib/python3.8/site-packages/airflow/example_dags/example_params_ui_tutorial.py
[2024-04-06T04:59:55.650+0000] {processor.py:830} INFO - Processing file /home/airflow/.local/lib/python3.8/site-packages/airflow/example_dags/example_params_ui_tutorial.py for tasks to queue
[2024-04-06T04:59:55.654+0000] {logging_mixin.py:188} INFO - [2024-04-06T04:59:55.653+0000] {dagbag.py:540} INFO - Filling up the DagBag from /home/airflow/.local/lib/python3.8/site-packages/airflow/example_dags/example_params_ui_tutorial.py
[2024-04-06T04:59:55.684+0000] {processor.py:840} INFO - DAG(s) 'example_params_ui_tutorial' retrieved from /home/airflow/.local/lib/python3.8/site-packages/airflow/example_dags/example_params_ui_tutorial.py
[2024-04-06T04:59:55.970+0000] {logging_mixin.py:188} INFO - [2024-04-06T04:59:55.969+0000] {override.py:1769} INFO - Created Permission View: can edit on DAG:example_params_ui_tutorial
[2024-04-06T04:59:56.003+0000] {logging_mixin.py:188} INFO - [2024-04-06T04:59:56.002+0000] {override.py:1769} INFO - Created Permission View: can read on DAG:example_params_ui_tutorial
[2024-04-06T04:59:56.017+0000] {logging_mixin.py:188} INFO - [2024-04-06T04:59:56.017+0000] {override.py:1769} INFO - Created Permission View: can delete on DAG:example_params_ui_tutorial
[2024-04-06T04:59:56.019+0000] {logging_mixin.py:188} INFO - [2024-04-06T04:59:56.018+0000] {dag.py:3047} INFO - Sync 1 DAGs
[2024-04-06T04:59:56.041+0000] {logging_mixin.py:188} INFO - [2024-04-06T04:59:56.040+0000] {dag.py:3069} INFO - Creating ORM DAG for example_params_ui_tutorial
[2024-04-06T04:59:56.042+0000] {logging_mixin.py:188} INFO - [2024-04-06T04:59:56.042+0000] {dag.py:3834} INFO - Setting next_dagrun for example_params_ui_tutorial to None, run_after=None
[2024-04-06T04:59:56.078+0000] {processor.py:183} INFO - Processing /home/airflow/.local/lib/python3.8/site-packages/airflow/example_dags/example_params_ui_tutorial.py took 0.435 seconds
[2024-04-06T05:00:27.707+0000] {processor.py:161} INFO - Started process (PID=41) to work on /home/airflow/.local/lib/python3.8/site-packages/airflow/example_dags/example_params_ui_tutorial.py
[2024-04-06T05:00:27.708+0000] {processor.py:830} INFO - Processing file /home/airflow/.local/lib/python3.8/site-packages/airflow/example_dags/example_params_ui_tutorial.py for tasks to queue
[2024-04-06T05:00:27.710+0000] {logging_mixin.py:188} INFO - [2024-04-06T05:00:27.710+0000] {dagbag.py:540} INFO - Filling up the DagBag from /home/airflow/.local/lib/python3.8/site-packages/airflow/example_dags/example_params_ui_tutorial.py
[2024-04-06T05:00:27.724+0000] {processor.py:840} INFO - DAG(s) 'example_params_ui_tutorial' retrieved from /home/airflow/.local/lib/python3.8/site-packages/airflow/example_dags/example_params_ui_tutorial.py
[2024-04-06T05:00:27.795+0000] {logging_mixin.py:188} INFO - [2024-04-06T05:00:27.795+0000] {dag.py:3047} INFO - Sync 1 DAGs
[2024-04-06T05:00:27.808+0000] {logging_mixin.py:188} INFO - [2024-04-06T05:00:27.808+0000] {dag.py:3834} INFO - Setting next_dagrun for example_params_ui_tutorial to None, run_after=None
[2024-04-06T05:00:27.843+0000] {processor.py:183} INFO - Processing /home/airflow/.local/lib/python3.8/site-packages/airflow/example_dags/example_params_ui_tutorial.py took 0.139 seconds
[2024-04-06T05:00:58.467+0000] {processor.py:161} INFO - Started process (PID=96) to work on /home/airflow/.local/lib/python3.8/site-packages/airflow/example_dags/example_params_ui_tutorial.py
[2024-04-06T05:00:58.468+0000] {processor.py:830} INFO - Processing file /home/airflow/.local/lib/python3.8/site-packages/airflow/example_dags/example_params_ui_tutorial.py for tasks to queue
[2024-04-06T05:00:58.471+0000] {logging_mixin.py:188} INFO - [2024-04-06T05:00:58.470+0000] {dagbag.py:540} INFO - Filling up the DagBag from /home/airflow/.local/lib/python3.8/site-packages/airflow/example_dags/example_params_ui_tutorial.py
[2024-04-06T05:00:58.490+0000] {processor.py:840} INFO - DAG(s) 'example_params_ui_tutorial' retrieved from /home/airflow/.local/lib/python3.8/site-packages/airflow/example_dags/example_params_ui_tutorial.py
[2024-04-06T05:00:58.567+0000] {logging_mixin.py:188} INFO - [2024-04-06T05:00:58.567+0000] {dag.py:3047} INFO - Sync 1 DAGs
[2024-04-06T05:00:58.582+0000] {logging_mixin.py:188} INFO - [2024-04-06T05:00:58.582+0000] {dag.py:3834} INFO - Setting next_dagrun for example_params_ui_tutorial to None, run_after=None
[2024-04-06T05:00:58.612+0000] {processor.py:183} INFO - Processing /home/airflow/.local/lib/python3.8/site-packages/airflow/example_dags/example_params_ui_tutorial.py took 0.150 seconds
[2024-04-06T05:01:28.995+0000] {processor.py:161} INFO - Started process (PID=152) to work on /home/airflow/.local/lib/python3.8/site-packages/airflow/example_dags/example_params_ui_tutorial.py
[2024-04-06T05:01:28.998+0000] {processor.py:830} INFO - Processing file /home/airflow/.local/lib/python3.8/site-packages/airflow/example_dags/example_params_ui_tutorial.py for tasks to queue
[2024-04-06T05:01:29.001+0000] {logging_mixin.py:188} INFO - [2024-04-06T05:01:29.000+0000] {dagbag.py:540} INFO - Filling up the DagBag from /home/airflow/.local/lib/python3.8/site-packages/airflow/example_dags/example_params_ui_tutorial.py
[2024-04-06T05:01:29.014+0000] {processor.py:840} INFO - DAG(s) 'example_params_ui_tutorial' retrieved from /home/airflow/.local/lib/python3.8/site-packages/airflow/example_dags/example_params_ui_tutorial.py
[2024-04-06T05:01:29.085+0000] {logging_mixin.py:188} INFO - [2024-04-06T05:01:29.085+0000] {dag.py:3047} INFO - Sync 1 DAGs
[2024-04-06T05:01:29.102+0000] {logging_mixin.py:188} INFO - [2024-04-06T05:01:29.101+0000] {dag.py:3834} INFO - Setting next_dagrun for example_params_ui_tutorial to None, run_after=None
[2024-04-06T05:01:29.130+0000] {processor.py:183} INFO - Processing /home/airflow/.local/lib/python3.8/site-packages/airflow/example_dags/example_params_ui_tutorial.py took 0.139 seconds
[2024-04-06T05:01:59.440+0000] {processor.py:161} INFO - Started process (PID=207) to work on /home/airflow/.local/lib/python3.8/site-packages/airflow/example_dags/example_params_ui_tutorial.py
[2024-04-06T05:01:59.441+0000] {processor.py:830} INFO - Processing file /home/airflow/.local/lib/python3.8/site-packages/airflow/example_dags/example_params_ui_tutorial.py for tasks to queue
[2024-04-06T05:01:59.445+0000] {logging_mixin.py:188} INFO - [2024-04-06T05:01:59.444+0000] {dagbag.py:540} INFO - Filling up the DagBag from /home/airflow/.local/lib/python3.8/site-packages/airflow/example_dags/example_params_ui_tutorial.py
[2024-04-06T05:01:59.460+0000] {processor.py:840} INFO - DAG(s) 'example_params_ui_tutorial' retrieved from /home/airflow/.local/lib/python3.8/site-packages/airflow/example_dags/example_params_ui_tutorial.py
[2024-04-06T05:01:59.534+0000] {logging_mixin.py:188} INFO - [2024-04-06T05:01:59.534+0000] {dag.py:3047} INFO - Sync 1 DAGs
[2024-04-06T05:01:59.550+0000] {logging_mixin.py:188} INFO - [2024-04-06T05:01:59.550+0000] {dag.py:3834} INFO - Setting next_dagrun for example_params_ui_tutorial to None, run_after=None
[2024-04-06T05:01:59.584+0000] {processor.py:183} INFO - Processing /home/airflow/.local/lib/python3.8/site-packages/airflow/example_dags/example_params_ui_tutorial.py took 0.148 seconds
[2024-04-06T05:02:29.813+0000] {processor.py:161} INFO - Started process (PID=262) to work on /home/airflow/.local/lib/python3.8/site-packages/airflow/example_dags/example_params_ui_tutorial.py
[2024-04-06T05:02:29.815+0000] {processor.py:830} INFO - Processing file /home/airflow/.local/lib/python3.8/site-packages/airflow/example_dags/example_params_ui_tutorial.py for tasks to queue
[2024-04-06T05:02:29.817+0000] {logging_mixin.py:188} INFO - [2024-04-06T05:02:29.816+0000] {dagbag.py:540} INFO - Filling up the DagBag from /home/airflow/.local/lib/python3.8/site-packages/airflow/example_dags/example_params_ui_tutorial.py
[2024-04-06T05:02:29.829+0000] {processor.py:840} INFO - DAG(s) 'example_params_ui_tutorial' retrieved from /home/airflow/.local/lib/python3.8/site-packages/airflow/example_dags/example_params_ui_tutorial.py
[2024-04-06T05:02:29.902+0000] {logging_mixin.py:188} INFO - [2024-04-06T05:02:29.902+0000] {dag.py:3047} INFO - Sync 1 DAGs
[2024-04-06T05:02:29.919+0000] {logging_mixin.py:188} INFO - [2024-04-06T05:02:29.918+0000] {dag.py:3834} INFO - Setting next_dagrun for example_params_ui_tutorial to None, run_after=None
[2024-04-06T05:02:29.947+0000] {processor.py:183} INFO - Processing /home/airflow/.local/lib/python3.8/site-packages/airflow/example_dags/example_params_ui_tutorial.py took 0.137 seconds
