[2024-04-06T04:59:55.627+0000] {processor.py:161} INFO - Started process (PID=41) to work on /home/airflow/.local/lib/python3.8/site-packages/airflow/example_dags/example_task_group_decorator.py
[2024-04-06T04:59:55.629+0000] {processor.py:830} INFO - Processing file /home/airflow/.local/lib/python3.8/site-packages/airflow/example_dags/example_task_group_decorator.py for tasks to queue
[2024-04-06T04:59:55.632+0000] {logging_mixin.py:188} INFO - [2024-04-06T04:59:55.631+0000] {dagbag.py:540} INFO - Filling up the DagBag from /home/airflow/.local/lib/python3.8/site-packages/airflow/example_dags/example_task_group_decorator.py
[2024-04-06T04:59:55.700+0000] {processor.py:840} INFO - DAG(s) 'example_task_group_decorator' retrieved from /home/airflow/.local/lib/python3.8/site-packages/airflow/example_dags/example_task_group_decorator.py
[2024-04-06T04:59:55.935+0000] {logging_mixin.py:188} INFO - [2024-04-06T04:59:55.934+0000] {override.py:1769} INFO - Created Permission View: can edit on DAG:example_task_group_decorator
[2024-04-06T04:59:55.955+0000] {logging_mixin.py:188} INFO - [2024-04-06T04:59:55.954+0000] {override.py:1769} INFO - Created Permission View: can read on DAG:example_task_group_decorator
[2024-04-06T04:59:55.967+0000] {logging_mixin.py:188} INFO - [2024-04-06T04:59:55.967+0000] {override.py:1769} INFO - Created Permission View: can delete on DAG:example_task_group_decorator
[2024-04-06T04:59:55.968+0000] {logging_mixin.py:188} INFO - [2024-04-06T04:59:55.968+0000] {dag.py:3047} INFO - Sync 1 DAGs
[2024-04-06T04:59:55.989+0000] {logging_mixin.py:188} INFO - [2024-04-06T04:59:55.989+0000] {dag.py:3069} INFO - Creating ORM DAG for example_task_group_decorator
[2024-04-06T04:59:56.009+0000] {logging_mixin.py:188} INFO - [2024-04-06T04:59:56.008+0000] {dag.py:3834} INFO - Setting next_dagrun for example_task_group_decorator to 2024-04-05 00:00:00+00:00, run_after=2024-04-06 00:00:00+00:00
[2024-04-06T04:59:56.041+0000] {processor.py:183} INFO - Processing /home/airflow/.local/lib/python3.8/site-packages/airflow/example_dags/example_task_group_decorator.py took 0.420 seconds
[2024-04-06T05:00:27.244+0000] {processor.py:161} INFO - Started process (PID=40) to work on /home/airflow/.local/lib/python3.8/site-packages/airflow/example_dags/example_task_group_decorator.py
[2024-04-06T05:00:27.246+0000] {processor.py:830} INFO - Processing file /home/airflow/.local/lib/python3.8/site-packages/airflow/example_dags/example_task_group_decorator.py for tasks to queue
[2024-04-06T05:00:27.249+0000] {logging_mixin.py:188} INFO - [2024-04-06T05:00:27.248+0000] {dagbag.py:540} INFO - Filling up the DagBag from /home/airflow/.local/lib/python3.8/site-packages/airflow/example_dags/example_task_group_decorator.py
[2024-04-06T05:00:27.265+0000] {processor.py:840} INFO - DAG(s) 'example_task_group_decorator' retrieved from /home/airflow/.local/lib/python3.8/site-packages/airflow/example_dags/example_task_group_decorator.py
[2024-04-06T05:00:27.299+0000] {logging_mixin.py:188} INFO - [2024-04-06T05:00:27.299+0000] {dag.py:3047} INFO - Sync 1 DAGs
[2024-04-06T05:00:27.323+0000] {logging_mixin.py:188} INFO - [2024-04-06T05:00:27.323+0000] {dag.py:3834} INFO - Setting next_dagrun for example_task_group_decorator to 2024-04-05 00:00:00+00:00, run_after=2024-04-06 00:00:00+00:00
[2024-04-06T05:00:27.668+0000] {processor.py:183} INFO - Processing /home/airflow/.local/lib/python3.8/site-packages/airflow/example_dags/example_task_group_decorator.py took 0.427 seconds
[2024-04-06T05:00:58.345+0000] {processor.py:161} INFO - Started process (PID=95) to work on /home/airflow/.local/lib/python3.8/site-packages/airflow/example_dags/example_task_group_decorator.py
[2024-04-06T05:00:58.347+0000] {processor.py:830} INFO - Processing file /home/airflow/.local/lib/python3.8/site-packages/airflow/example_dags/example_task_group_decorator.py for tasks to queue
[2024-04-06T05:00:58.349+0000] {logging_mixin.py:188} INFO - [2024-04-06T05:00:58.348+0000] {dagbag.py:540} INFO - Filling up the DagBag from /home/airflow/.local/lib/python3.8/site-packages/airflow/example_dags/example_task_group_decorator.py
[2024-04-06T05:00:58.363+0000] {processor.py:840} INFO - DAG(s) 'example_task_group_decorator' retrieved from /home/airflow/.local/lib/python3.8/site-packages/airflow/example_dags/example_task_group_decorator.py
[2024-04-06T05:00:58.393+0000] {logging_mixin.py:188} INFO - [2024-04-06T05:00:58.392+0000] {dag.py:3047} INFO - Sync 1 DAGs
[2024-04-06T05:00:58.417+0000] {logging_mixin.py:188} INFO - [2024-04-06T05:00:58.417+0000] {dag.py:3834} INFO - Setting next_dagrun for example_task_group_decorator to 2024-04-05 00:00:00+00:00, run_after=2024-04-06 00:00:00+00:00
[2024-04-06T05:00:58.443+0000] {processor.py:183} INFO - Processing /home/airflow/.local/lib/python3.8/site-packages/airflow/example_dags/example_task_group_decorator.py took 0.101 seconds
[2024-04-06T05:01:28.871+0000] {processor.py:161} INFO - Started process (PID=151) to work on /home/airflow/.local/lib/python3.8/site-packages/airflow/example_dags/example_task_group_decorator.py
[2024-04-06T05:01:28.872+0000] {processor.py:830} INFO - Processing file /home/airflow/.local/lib/python3.8/site-packages/airflow/example_dags/example_task_group_decorator.py for tasks to queue
[2024-04-06T05:01:28.874+0000] {logging_mixin.py:188} INFO - [2024-04-06T05:01:28.873+0000] {dagbag.py:540} INFO - Filling up the DagBag from /home/airflow/.local/lib/python3.8/site-packages/airflow/example_dags/example_task_group_decorator.py
[2024-04-06T05:01:28.888+0000] {processor.py:840} INFO - DAG(s) 'example_task_group_decorator' retrieved from /home/airflow/.local/lib/python3.8/site-packages/airflow/example_dags/example_task_group_decorator.py
[2024-04-06T05:01:28.918+0000] {logging_mixin.py:188} INFO - [2024-04-06T05:01:28.918+0000] {dag.py:3047} INFO - Sync 1 DAGs
[2024-04-06T05:01:28.943+0000] {logging_mixin.py:188} INFO - [2024-04-06T05:01:28.943+0000] {dag.py:3834} INFO - Setting next_dagrun for example_task_group_decorator to 2024-04-05 00:00:00+00:00, run_after=2024-04-06 00:00:00+00:00
[2024-04-06T05:01:28.969+0000] {processor.py:183} INFO - Processing /home/airflow/.local/lib/python3.8/site-packages/airflow/example_dags/example_task_group_decorator.py took 0.101 seconds
[2024-04-06T05:01:59.314+0000] {processor.py:161} INFO - Started process (PID=206) to work on /home/airflow/.local/lib/python3.8/site-packages/airflow/example_dags/example_task_group_decorator.py
[2024-04-06T05:01:59.315+0000] {processor.py:830} INFO - Processing file /home/airflow/.local/lib/python3.8/site-packages/airflow/example_dags/example_task_group_decorator.py for tasks to queue
[2024-04-06T05:01:59.318+0000] {logging_mixin.py:188} INFO - [2024-04-06T05:01:59.317+0000] {dagbag.py:540} INFO - Filling up the DagBag from /home/airflow/.local/lib/python3.8/site-packages/airflow/example_dags/example_task_group_decorator.py
[2024-04-06T05:01:59.332+0000] {processor.py:840} INFO - DAG(s) 'example_task_group_decorator' retrieved from /home/airflow/.local/lib/python3.8/site-packages/airflow/example_dags/example_task_group_decorator.py
[2024-04-06T05:01:59.366+0000] {logging_mixin.py:188} INFO - [2024-04-06T05:01:59.365+0000] {dag.py:3047} INFO - Sync 1 DAGs
[2024-04-06T05:01:59.394+0000] {logging_mixin.py:188} INFO - [2024-04-06T05:01:59.394+0000] {dag.py:3834} INFO - Setting next_dagrun for example_task_group_decorator to 2024-04-05 00:00:00+00:00, run_after=2024-04-06 00:00:00+00:00
[2024-04-06T05:01:59.421+0000] {processor.py:183} INFO - Processing /home/airflow/.local/lib/python3.8/site-packages/airflow/example_dags/example_task_group_decorator.py took 0.110 seconds
[2024-04-06T05:02:29.693+0000] {processor.py:161} INFO - Started process (PID=261) to work on /home/airflow/.local/lib/python3.8/site-packages/airflow/example_dags/example_task_group_decorator.py
[2024-04-06T05:02:29.694+0000] {processor.py:830} INFO - Processing file /home/airflow/.local/lib/python3.8/site-packages/airflow/example_dags/example_task_group_decorator.py for tasks to queue
[2024-04-06T05:02:29.696+0000] {logging_mixin.py:188} INFO - [2024-04-06T05:02:29.696+0000] {dagbag.py:540} INFO - Filling up the DagBag from /home/airflow/.local/lib/python3.8/site-packages/airflow/example_dags/example_task_group_decorator.py
[2024-04-06T05:02:29.710+0000] {processor.py:840} INFO - DAG(s) 'example_task_group_decorator' retrieved from /home/airflow/.local/lib/python3.8/site-packages/airflow/example_dags/example_task_group_decorator.py
[2024-04-06T05:02:29.739+0000] {logging_mixin.py:188} INFO - [2024-04-06T05:02:29.738+0000] {dag.py:3047} INFO - Sync 1 DAGs
[2024-04-06T05:02:29.763+0000] {logging_mixin.py:188} INFO - [2024-04-06T05:02:29.763+0000] {dag.py:3834} INFO - Setting next_dagrun for example_task_group_decorator to 2024-04-05 00:00:00+00:00, run_after=2024-04-06 00:00:00+00:00
[2024-04-06T05:02:29.788+0000] {processor.py:183} INFO - Processing /home/airflow/.local/lib/python3.8/site-packages/airflow/example_dags/example_task_group_decorator.py took 0.097 seconds
