[2024-04-06T04:59:58.321+0000] {processor.py:161} INFO - Started process (PID=50) to work on /home/airflow/.local/lib/python3.8/site-packages/airflow/example_dags/example_params_trigger_ui.py
[2024-04-06T04:59:58.322+0000] {processor.py:830} INFO - Processing file /home/airflow/.local/lib/python3.8/site-packages/airflow/example_dags/example_params_trigger_ui.py for tasks to queue
[2024-04-06T04:59:58.326+0000] {logging_mixin.py:188} INFO - [2024-04-06T04:59:58.325+0000] {dagbag.py:540} INFO - Filling up the DagBag from /home/airflow/.local/lib/python3.8/site-packages/airflow/example_dags/example_params_trigger_ui.py
[2024-04-06T04:59:58.380+0000] {processor.py:840} INFO - DAG(s) 'example_params_trigger_ui' retrieved from /home/airflow/.local/lib/python3.8/site-packages/airflow/example_dags/example_params_trigger_ui.py
[2024-04-06T04:59:58.626+0000] {logging_mixin.py:188} INFO - [2024-04-06T04:59:58.626+0000] {override.py:1769} INFO - Created Permission View: can edit on DAG:example_params_trigger_ui
[2024-04-06T04:59:58.663+0000] {logging_mixin.py:188} INFO - [2024-04-06T04:59:58.663+0000] {override.py:1769} INFO - Created Permission View: can read on DAG:example_params_trigger_ui
[2024-04-06T04:59:58.675+0000] {logging_mixin.py:188} INFO - [2024-04-06T04:59:58.674+0000] {override.py:1769} INFO - Created Permission View: can delete on DAG:example_params_trigger_ui
[2024-04-06T04:59:58.676+0000] {logging_mixin.py:188} INFO - [2024-04-06T04:59:58.675+0000] {dag.py:3047} INFO - Sync 1 DAGs
[2024-04-06T04:59:58.690+0000] {logging_mixin.py:188} INFO - [2024-04-06T04:59:58.690+0000] {dag.py:3069} INFO - Creating ORM DAG for example_params_trigger_ui
[2024-04-06T04:59:58.692+0000] {logging_mixin.py:188} INFO - [2024-04-06T04:59:58.691+0000] {dag.py:3834} INFO - Setting next_dagrun for example_params_trigger_ui to None, run_after=None
[2024-04-06T04:59:58.725+0000] {processor.py:183} INFO - Processing /home/airflow/.local/lib/python3.8/site-packages/airflow/example_dags/example_params_trigger_ui.py took 0.410 seconds
[2024-04-06T05:00:28.393+0000] {processor.py:161} INFO - Started process (PID=49) to work on /home/airflow/.local/lib/python3.8/site-packages/airflow/example_dags/example_params_trigger_ui.py
[2024-04-06T05:00:28.395+0000] {processor.py:830} INFO - Processing file /home/airflow/.local/lib/python3.8/site-packages/airflow/example_dags/example_params_trigger_ui.py for tasks to queue
[2024-04-06T05:00:28.397+0000] {logging_mixin.py:188} INFO - [2024-04-06T05:00:28.397+0000] {dagbag.py:540} INFO - Filling up the DagBag from /home/airflow/.local/lib/python3.8/site-packages/airflow/example_dags/example_params_trigger_ui.py
[2024-04-06T05:00:28.419+0000] {processor.py:840} INFO - DAG(s) 'example_params_trigger_ui' retrieved from /home/airflow/.local/lib/python3.8/site-packages/airflow/example_dags/example_params_trigger_ui.py
[2024-04-06T05:00:28.482+0000] {logging_mixin.py:188} INFO - [2024-04-06T05:00:28.482+0000] {dag.py:3047} INFO - Sync 1 DAGs
[2024-04-06T05:00:28.496+0000] {logging_mixin.py:188} INFO - [2024-04-06T05:00:28.496+0000] {dag.py:3834} INFO - Setting next_dagrun for example_params_trigger_ui to None, run_after=None
[2024-04-06T05:00:28.531+0000] {processor.py:183} INFO - Processing /home/airflow/.local/lib/python3.8/site-packages/airflow/example_dags/example_params_trigger_ui.py took 0.142 seconds
[2024-04-06T05:00:59.007+0000] {processor.py:161} INFO - Started process (PID=104) to work on /home/airflow/.local/lib/python3.8/site-packages/airflow/example_dags/example_params_trigger_ui.py
[2024-04-06T05:00:59.008+0000] {processor.py:830} INFO - Processing file /home/airflow/.local/lib/python3.8/site-packages/airflow/example_dags/example_params_trigger_ui.py for tasks to queue
[2024-04-06T05:00:59.010+0000] {logging_mixin.py:188} INFO - [2024-04-06T05:00:59.010+0000] {dagbag.py:540} INFO - Filling up the DagBag from /home/airflow/.local/lib/python3.8/site-packages/airflow/example_dags/example_params_trigger_ui.py
[2024-04-06T05:00:59.025+0000] {processor.py:840} INFO - DAG(s) 'example_params_trigger_ui' retrieved from /home/airflow/.local/lib/python3.8/site-packages/airflow/example_dags/example_params_trigger_ui.py
[2024-04-06T05:00:59.087+0000] {logging_mixin.py:188} INFO - [2024-04-06T05:00:59.087+0000] {dag.py:3047} INFO - Sync 1 DAGs
[2024-04-06T05:00:59.103+0000] {logging_mixin.py:188} INFO - [2024-04-06T05:00:59.102+0000] {dag.py:3834} INFO - Setting next_dagrun for example_params_trigger_ui to None, run_after=None
[2024-04-06T05:00:59.128+0000] {processor.py:183} INFO - Processing /home/airflow/.local/lib/python3.8/site-packages/airflow/example_dags/example_params_trigger_ui.py took 0.125 seconds
[2024-04-06T05:01:29.526+0000] {processor.py:161} INFO - Started process (PID=160) to work on /home/airflow/.local/lib/python3.8/site-packages/airflow/example_dags/example_params_trigger_ui.py
[2024-04-06T05:01:29.528+0000] {processor.py:830} INFO - Processing file /home/airflow/.local/lib/python3.8/site-packages/airflow/example_dags/example_params_trigger_ui.py for tasks to queue
[2024-04-06T05:01:29.530+0000] {logging_mixin.py:188} INFO - [2024-04-06T05:01:29.530+0000] {dagbag.py:540} INFO - Filling up the DagBag from /home/airflow/.local/lib/python3.8/site-packages/airflow/example_dags/example_params_trigger_ui.py
[2024-04-06T05:01:29.546+0000] {processor.py:840} INFO - DAG(s) 'example_params_trigger_ui' retrieved from /home/airflow/.local/lib/python3.8/site-packages/airflow/example_dags/example_params_trigger_ui.py
[2024-04-06T05:01:29.609+0000] {logging_mixin.py:188} INFO - [2024-04-06T05:01:29.609+0000] {dag.py:3047} INFO - Sync 1 DAGs
[2024-04-06T05:01:29.624+0000] {logging_mixin.py:188} INFO - [2024-04-06T05:01:29.623+0000] {dag.py:3834} INFO - Setting next_dagrun for example_params_trigger_ui to None, run_after=None
[2024-04-06T05:01:29.652+0000] {processor.py:183} INFO - Processing /home/airflow/.local/lib/python3.8/site-packages/airflow/example_dags/example_params_trigger_ui.py took 0.130 seconds
[2024-04-06T05:02:00.005+0000] {processor.py:161} INFO - Started process (PID=215) to work on /home/airflow/.local/lib/python3.8/site-packages/airflow/example_dags/example_params_trigger_ui.py
[2024-04-06T05:02:00.006+0000] {processor.py:830} INFO - Processing file /home/airflow/.local/lib/python3.8/site-packages/airflow/example_dags/example_params_trigger_ui.py for tasks to queue
[2024-04-06T05:02:00.009+0000] {logging_mixin.py:188} INFO - [2024-04-06T05:02:00.008+0000] {dagbag.py:540} INFO - Filling up the DagBag from /home/airflow/.local/lib/python3.8/site-packages/airflow/example_dags/example_params_trigger_ui.py
[2024-04-06T05:02:00.026+0000] {processor.py:840} INFO - DAG(s) 'example_params_trigger_ui' retrieved from /home/airflow/.local/lib/python3.8/site-packages/airflow/example_dags/example_params_trigger_ui.py
[2024-04-06T05:02:00.092+0000] {logging_mixin.py:188} INFO - [2024-04-06T05:02:00.092+0000] {dag.py:3047} INFO - Sync 1 DAGs
[2024-04-06T05:02:00.107+0000] {logging_mixin.py:188} INFO - [2024-04-06T05:02:00.107+0000] {dag.py:3834} INFO - Setting next_dagrun for example_params_trigger_ui to None, run_after=None
[2024-04-06T05:02:00.135+0000] {processor.py:183} INFO - Processing /home/airflow/.local/lib/python3.8/site-packages/airflow/example_dags/example_params_trigger_ui.py took 0.135 seconds
[2024-04-06T05:02:30.357+0000] {processor.py:161} INFO - Started process (PID=270) to work on /home/airflow/.local/lib/python3.8/site-packages/airflow/example_dags/example_params_trigger_ui.py
[2024-04-06T05:02:30.359+0000] {processor.py:830} INFO - Processing file /home/airflow/.local/lib/python3.8/site-packages/airflow/example_dags/example_params_trigger_ui.py for tasks to queue
[2024-04-06T05:02:30.361+0000] {logging_mixin.py:188} INFO - [2024-04-06T05:02:30.361+0000] {dagbag.py:540} INFO - Filling up the DagBag from /home/airflow/.local/lib/python3.8/site-packages/airflow/example_dags/example_params_trigger_ui.py
[2024-04-06T05:02:30.379+0000] {processor.py:840} INFO - DAG(s) 'example_params_trigger_ui' retrieved from /home/airflow/.local/lib/python3.8/site-packages/airflow/example_dags/example_params_trigger_ui.py
[2024-04-06T05:02:30.446+0000] {logging_mixin.py:188} INFO - [2024-04-06T05:02:30.446+0000] {dag.py:3047} INFO - Sync 1 DAGs
[2024-04-06T05:02:30.460+0000] {logging_mixin.py:188} INFO - [2024-04-06T05:02:30.460+0000] {dag.py:3834} INFO - Setting next_dagrun for example_params_trigger_ui to None, run_after=None
[2024-04-06T05:02:30.485+0000] {processor.py:183} INFO - Processing /home/airflow/.local/lib/python3.8/site-packages/airflow/example_dags/example_params_trigger_ui.py took 0.132 seconds
