[2024-04-06T05:00:05.965+0000] {processor.py:161} INFO - Started process (PID=69) to work on /home/airflow/.local/lib/python3.8/site-packages/airflow/example_dags/example_short_circuit_decorator.py
[2024-04-06T05:00:05.967+0000] {processor.py:830} INFO - Processing file /home/airflow/.local/lib/python3.8/site-packages/airflow/example_dags/example_short_circuit_decorator.py for tasks to queue
[2024-04-06T05:00:05.971+0000] {logging_mixin.py:188} INFO - [2024-04-06T05:00:05.970+0000] {dagbag.py:540} INFO - Filling up the DagBag from /home/airflow/.local/lib/python3.8/site-packages/airflow/example_dags/example_short_circuit_decorator.py
[2024-04-06T05:00:05.988+0000] {processor.py:840} INFO - DAG(s) 'example_short_circuit_decorator' retrieved from /home/airflow/.local/lib/python3.8/site-packages/airflow/example_dags/example_short_circuit_decorator.py
[2024-04-06T05:00:06.188+0000] {logging_mixin.py:188} INFO - [2024-04-06T05:00:06.187+0000] {override.py:1769} INFO - Created Permission View: can edit on DAG:example_short_circuit_decorator
[2024-04-06T05:00:06.207+0000] {logging_mixin.py:188} INFO - [2024-04-06T05:00:06.206+0000] {override.py:1769} INFO - Created Permission View: can read on DAG:example_short_circuit_decorator
[2024-04-06T05:00:06.222+0000] {logging_mixin.py:188} INFO - [2024-04-06T05:00:06.221+0000] {override.py:1769} INFO - Created Permission View: can delete on DAG:example_short_circuit_decorator
[2024-04-06T05:00:06.223+0000] {logging_mixin.py:188} INFO - [2024-04-06T05:00:06.222+0000] {dag.py:3047} INFO - Sync 1 DAGs
[2024-04-06T05:00:06.242+0000] {logging_mixin.py:188} INFO - [2024-04-06T05:00:06.242+0000] {dag.py:3069} INFO - Creating ORM DAG for example_short_circuit_decorator
[2024-04-06T05:00:06.262+0000] {logging_mixin.py:188} INFO - [2024-04-06T05:00:06.262+0000] {dag.py:3834} INFO - Setting next_dagrun for example_short_circuit_decorator to 2024-04-05 00:00:00+00:00, run_after=2024-04-06 00:00:00+00:00
[2024-04-06T05:00:06.291+0000] {processor.py:183} INFO - Processing /home/airflow/.local/lib/python3.8/site-packages/airflow/example_dags/example_short_circuit_decorator.py took 0.331 seconds
[2024-04-06T05:00:29.358+0000] {processor.py:161} INFO - Started process (PID=62) to work on /home/airflow/.local/lib/python3.8/site-packages/airflow/example_dags/example_short_circuit_decorator.py
[2024-04-06T05:00:29.359+0000] {processor.py:830} INFO - Processing file /home/airflow/.local/lib/python3.8/site-packages/airflow/example_dags/example_short_circuit_decorator.py for tasks to queue
[2024-04-06T05:00:29.361+0000] {logging_mixin.py:188} INFO - [2024-04-06T05:00:29.361+0000] {dagbag.py:540} INFO - Filling up the DagBag from /home/airflow/.local/lib/python3.8/site-packages/airflow/example_dags/example_short_circuit_decorator.py
[2024-04-06T05:00:29.373+0000] {processor.py:840} INFO - DAG(s) 'example_short_circuit_decorator' retrieved from /home/airflow/.local/lib/python3.8/site-packages/airflow/example_dags/example_short_circuit_decorator.py
[2024-04-06T05:00:29.388+0000] {logging_mixin.py:188} INFO - [2024-04-06T05:00:29.388+0000] {dag.py:3047} INFO - Sync 1 DAGs
[2024-04-06T05:00:29.414+0000] {logging_mixin.py:188} INFO - [2024-04-06T05:00:29.414+0000] {dag.py:3834} INFO - Setting next_dagrun for example_short_circuit_decorator to 2024-04-05 00:00:00+00:00, run_after=2024-04-06 00:00:00+00:00
[2024-04-06T05:00:29.439+0000] {processor.py:183} INFO - Processing /home/airflow/.local/lib/python3.8/site-packages/airflow/example_dags/example_short_circuit_decorator.py took 0.085 seconds
[2024-04-06T05:00:59.971+0000] {processor.py:161} INFO - Started process (PID=117) to work on /home/airflow/.local/lib/python3.8/site-packages/airflow/example_dags/example_short_circuit_decorator.py
[2024-04-06T05:00:59.972+0000] {processor.py:830} INFO - Processing file /home/airflow/.local/lib/python3.8/site-packages/airflow/example_dags/example_short_circuit_decorator.py for tasks to queue
[2024-04-06T05:00:59.975+0000] {logging_mixin.py:188} INFO - [2024-04-06T05:00:59.975+0000] {dagbag.py:540} INFO - Filling up the DagBag from /home/airflow/.local/lib/python3.8/site-packages/airflow/example_dags/example_short_circuit_decorator.py
[2024-04-06T05:00:59.987+0000] {processor.py:840} INFO - DAG(s) 'example_short_circuit_decorator' retrieved from /home/airflow/.local/lib/python3.8/site-packages/airflow/example_dags/example_short_circuit_decorator.py
[2024-04-06T05:01:00.017+0000] {logging_mixin.py:188} INFO - [2024-04-06T05:01:00.017+0000] {dag.py:3047} INFO - Sync 1 DAGs
[2024-04-06T05:01:00.046+0000] {logging_mixin.py:188} INFO - [2024-04-06T05:01:00.046+0000] {dag.py:3834} INFO - Setting next_dagrun for example_short_circuit_decorator to 2024-04-05 00:00:00+00:00, run_after=2024-04-06 00:00:00+00:00
[2024-04-06T05:01:00.070+0000] {processor.py:183} INFO - Processing /home/airflow/.local/lib/python3.8/site-packages/airflow/example_dags/example_short_circuit_decorator.py took 0.103 seconds
[2024-04-06T05:01:30.514+0000] {processor.py:161} INFO - Started process (PID=173) to work on /home/airflow/.local/lib/python3.8/site-packages/airflow/example_dags/example_short_circuit_decorator.py
[2024-04-06T05:01:30.515+0000] {processor.py:830} INFO - Processing file /home/airflow/.local/lib/python3.8/site-packages/airflow/example_dags/example_short_circuit_decorator.py for tasks to queue
[2024-04-06T05:01:30.518+0000] {logging_mixin.py:188} INFO - [2024-04-06T05:01:30.517+0000] {dagbag.py:540} INFO - Filling up the DagBag from /home/airflow/.local/lib/python3.8/site-packages/airflow/example_dags/example_short_circuit_decorator.py
[2024-04-06T05:01:30.528+0000] {processor.py:840} INFO - DAG(s) 'example_short_circuit_decorator' retrieved from /home/airflow/.local/lib/python3.8/site-packages/airflow/example_dags/example_short_circuit_decorator.py
[2024-04-06T05:01:30.557+0000] {logging_mixin.py:188} INFO - [2024-04-06T05:01:30.557+0000] {dag.py:3047} INFO - Sync 1 DAGs
[2024-04-06T05:01:30.584+0000] {logging_mixin.py:188} INFO - [2024-04-06T05:01:30.583+0000] {dag.py:3834} INFO - Setting next_dagrun for example_short_circuit_decorator to 2024-04-05 00:00:00+00:00, run_after=2024-04-06 00:00:00+00:00
[2024-04-06T05:01:30.613+0000] {processor.py:183} INFO - Processing /home/airflow/.local/lib/python3.8/site-packages/airflow/example_dags/example_short_circuit_decorator.py took 0.103 seconds
[2024-04-06T05:02:00.979+0000] {processor.py:161} INFO - Started process (PID=228) to work on /home/airflow/.local/lib/python3.8/site-packages/airflow/example_dags/example_short_circuit_decorator.py
[2024-04-06T05:02:00.980+0000] {processor.py:830} INFO - Processing file /home/airflow/.local/lib/python3.8/site-packages/airflow/example_dags/example_short_circuit_decorator.py for tasks to queue
[2024-04-06T05:02:00.983+0000] {logging_mixin.py:188} INFO - [2024-04-06T05:02:00.982+0000] {dagbag.py:540} INFO - Filling up the DagBag from /home/airflow/.local/lib/python3.8/site-packages/airflow/example_dags/example_short_circuit_decorator.py
[2024-04-06T05:02:00.994+0000] {processor.py:840} INFO - DAG(s) 'example_short_circuit_decorator' retrieved from /home/airflow/.local/lib/python3.8/site-packages/airflow/example_dags/example_short_circuit_decorator.py
[2024-04-06T05:02:01.025+0000] {logging_mixin.py:188} INFO - [2024-04-06T05:02:01.025+0000] {dag.py:3047} INFO - Sync 1 DAGs
[2024-04-06T05:02:01.051+0000] {logging_mixin.py:188} INFO - [2024-04-06T05:02:01.051+0000] {dag.py:3834} INFO - Setting next_dagrun for example_short_circuit_decorator to 2024-04-05 00:00:00+00:00, run_after=2024-04-06 00:00:00+00:00
[2024-04-06T05:02:01.076+0000] {processor.py:183} INFO - Processing /home/airflow/.local/lib/python3.8/site-packages/airflow/example_dags/example_short_circuit_decorator.py took 0.100 seconds
[2024-04-06T05:02:31.543+0000] {processor.py:161} INFO - Started process (PID=283) to work on /home/airflow/.local/lib/python3.8/site-packages/airflow/example_dags/example_short_circuit_decorator.py
[2024-04-06T05:02:31.544+0000] {processor.py:830} INFO - Processing file /home/airflow/.local/lib/python3.8/site-packages/airflow/example_dags/example_short_circuit_decorator.py for tasks to queue
[2024-04-06T05:02:31.546+0000] {logging_mixin.py:188} INFO - [2024-04-06T05:02:31.546+0000] {dagbag.py:540} INFO - Filling up the DagBag from /home/airflow/.local/lib/python3.8/site-packages/airflow/example_dags/example_short_circuit_decorator.py
[2024-04-06T05:02:31.555+0000] {processor.py:840} INFO - DAG(s) 'example_short_circuit_decorator' retrieved from /home/airflow/.local/lib/python3.8/site-packages/airflow/example_dags/example_short_circuit_decorator.py
[2024-04-06T05:02:31.582+0000] {logging_mixin.py:188} INFO - [2024-04-06T05:02:31.582+0000] {dag.py:3047} INFO - Sync 1 DAGs
[2024-04-06T05:02:31.605+0000] {logging_mixin.py:188} INFO - [2024-04-06T05:02:31.605+0000] {dag.py:3834} INFO - Setting next_dagrun for example_short_circuit_decorator to 2024-04-05 00:00:00+00:00, run_after=2024-04-06 00:00:00+00:00
[2024-04-06T05:02:31.627+0000] {processor.py:183} INFO - Processing /home/airflow/.local/lib/python3.8/site-packages/airflow/example_dags/example_short_circuit_decorator.py took 0.088 seconds
