[2024-04-06T05:00:29.923+0000] {processor.py:161} INFO - Started process (PID=65) to work on /home/airflow/.local/lib/python3.8/site-packages/airflow/example_dags/tutorial.py
[2024-04-06T05:00:29.925+0000] {processor.py:830} INFO - Processing file /home/airflow/.local/lib/python3.8/site-packages/airflow/example_dags/tutorial.py for tasks to queue
[2024-04-06T05:00:29.927+0000] {logging_mixin.py:188} INFO - [2024-04-06T05:00:29.927+0000] {dagbag.py:540} INFO - Filling up the DagBag from /home/airflow/.local/lib/python3.8/site-packages/airflow/example_dags/tutorial.py
[2024-04-06T05:00:29.933+0000] {processor.py:840} INFO - DAG(s) 'tutorial' retrieved from /home/airflow/.local/lib/python3.8/site-packages/airflow/example_dags/tutorial.py
[2024-04-06T05:00:30.089+0000] {logging_mixin.py:188} INFO - [2024-04-06T05:00:30.088+0000] {override.py:1769} INFO - Created Permission View: can read on DAG:tutorial
[2024-04-06T05:00:30.105+0000] {logging_mixin.py:188} INFO - [2024-04-06T05:00:30.105+0000] {override.py:1769} INFO - Created Permission View: can edit on DAG:tutorial
[2024-04-06T05:00:30.139+0000] {logging_mixin.py:188} INFO - [2024-04-06T05:00:30.139+0000] {override.py:1769} INFO - Created Permission View: can delete on DAG:tutorial
[2024-04-06T05:00:30.140+0000] {logging_mixin.py:188} INFO - [2024-04-06T05:00:30.140+0000] {dag.py:3047} INFO - Sync 1 DAGs
[2024-04-06T05:00:30.153+0000] {logging_mixin.py:188} INFO - [2024-04-06T05:00:30.153+0000] {dag.py:3069} INFO - Creating ORM DAG for tutorial
[2024-04-06T05:00:30.164+0000] {logging_mixin.py:188} INFO - [2024-04-06T05:00:30.164+0000] {dag.py:3834} INFO - Setting next_dagrun for tutorial to 2024-04-05 00:00:00+00:00, run_after=2024-04-06 00:00:00+00:00
[2024-04-06T05:00:30.188+0000] {processor.py:183} INFO - Processing /home/airflow/.local/lib/python3.8/site-packages/airflow/example_dags/tutorial.py took 0.268 seconds
[2024-04-06T05:01:01.121+0000] {processor.py:161} INFO - Started process (PID=120) to work on /home/airflow/.local/lib/python3.8/site-packages/airflow/example_dags/tutorial.py
[2024-04-06T05:01:01.122+0000] {processor.py:830} INFO - Processing file /home/airflow/.local/lib/python3.8/site-packages/airflow/example_dags/tutorial.py for tasks to queue
[2024-04-06T05:01:01.124+0000] {logging_mixin.py:188} INFO - [2024-04-06T05:01:01.124+0000] {dagbag.py:540} INFO - Filling up the DagBag from /home/airflow/.local/lib/python3.8/site-packages/airflow/example_dags/tutorial.py
[2024-04-06T05:01:01.133+0000] {processor.py:840} INFO - DAG(s) 'tutorial' retrieved from /home/airflow/.local/lib/python3.8/site-packages/airflow/example_dags/tutorial.py
[2024-04-06T05:01:01.157+0000] {logging_mixin.py:188} INFO - [2024-04-06T05:01:01.157+0000] {dag.py:3047} INFO - Sync 1 DAGs
[2024-04-06T05:01:01.183+0000] {logging_mixin.py:188} INFO - [2024-04-06T05:01:01.183+0000] {dag.py:3834} INFO - Setting next_dagrun for tutorial to 2024-04-05 00:00:00+00:00, run_after=2024-04-06 00:00:00+00:00
[2024-04-06T05:01:01.208+0000] {processor.py:183} INFO - Processing /home/airflow/.local/lib/python3.8/site-packages/airflow/example_dags/tutorial.py took 0.091 seconds
[2024-04-06T05:01:31.667+0000] {processor.py:161} INFO - Started process (PID=176) to work on /home/airflow/.local/lib/python3.8/site-packages/airflow/example_dags/tutorial.py
[2024-04-06T05:01:31.668+0000] {processor.py:830} INFO - Processing file /home/airflow/.local/lib/python3.8/site-packages/airflow/example_dags/tutorial.py for tasks to queue
[2024-04-06T05:01:31.670+0000] {logging_mixin.py:188} INFO - [2024-04-06T05:01:31.669+0000] {dagbag.py:540} INFO - Filling up the DagBag from /home/airflow/.local/lib/python3.8/site-packages/airflow/example_dags/tutorial.py
[2024-04-06T05:01:31.676+0000] {processor.py:840} INFO - DAG(s) 'tutorial' retrieved from /home/airflow/.local/lib/python3.8/site-packages/airflow/example_dags/tutorial.py
[2024-04-06T05:01:31.697+0000] {logging_mixin.py:188} INFO - [2024-04-06T05:01:31.697+0000] {dag.py:3047} INFO - Sync 1 DAGs
[2024-04-06T05:01:31.722+0000] {logging_mixin.py:188} INFO - [2024-04-06T05:01:31.722+0000] {dag.py:3834} INFO - Setting next_dagrun for tutorial to 2024-04-05 00:00:00+00:00, run_after=2024-04-06 00:00:00+00:00
[2024-04-06T05:01:31.748+0000] {processor.py:183} INFO - Processing /home/airflow/.local/lib/python3.8/site-packages/airflow/example_dags/tutorial.py took 0.085 seconds
[2024-04-06T05:02:02.117+0000] {processor.py:161} INFO - Started process (PID=231) to work on /home/airflow/.local/lib/python3.8/site-packages/airflow/example_dags/tutorial.py
[2024-04-06T05:02:02.118+0000] {processor.py:830} INFO - Processing file /home/airflow/.local/lib/python3.8/site-packages/airflow/example_dags/tutorial.py for tasks to queue
[2024-04-06T05:02:02.121+0000] {logging_mixin.py:188} INFO - [2024-04-06T05:02:02.120+0000] {dagbag.py:540} INFO - Filling up the DagBag from /home/airflow/.local/lib/python3.8/site-packages/airflow/example_dags/tutorial.py
[2024-04-06T05:02:02.128+0000] {processor.py:840} INFO - DAG(s) 'tutorial' retrieved from /home/airflow/.local/lib/python3.8/site-packages/airflow/example_dags/tutorial.py
[2024-04-06T05:02:02.153+0000] {logging_mixin.py:188} INFO - [2024-04-06T05:02:02.153+0000] {dag.py:3047} INFO - Sync 1 DAGs
[2024-04-06T05:02:02.179+0000] {logging_mixin.py:188} INFO - [2024-04-06T05:02:02.178+0000] {dag.py:3834} INFO - Setting next_dagrun for tutorial to 2024-04-05 00:00:00+00:00, run_after=2024-04-06 00:00:00+00:00
[2024-04-06T05:02:02.205+0000] {processor.py:183} INFO - Processing /home/airflow/.local/lib/python3.8/site-packages/airflow/example_dags/tutorial.py took 0.091 seconds
[2024-04-06T05:02:32.686+0000] {processor.py:161} INFO - Started process (PID=286) to work on /home/airflow/.local/lib/python3.8/site-packages/airflow/example_dags/tutorial.py
[2024-04-06T05:02:32.688+0000] {processor.py:830} INFO - Processing file /home/airflow/.local/lib/python3.8/site-packages/airflow/example_dags/tutorial.py for tasks to queue
[2024-04-06T05:02:32.690+0000] {logging_mixin.py:188} INFO - [2024-04-06T05:02:32.690+0000] {dagbag.py:540} INFO - Filling up the DagBag from /home/airflow/.local/lib/python3.8/site-packages/airflow/example_dags/tutorial.py
[2024-04-06T05:02:32.698+0000] {processor.py:840} INFO - DAG(s) 'tutorial' retrieved from /home/airflow/.local/lib/python3.8/site-packages/airflow/example_dags/tutorial.py
[2024-04-06T05:02:32.723+0000] {logging_mixin.py:188} INFO - [2024-04-06T05:02:32.722+0000] {dag.py:3047} INFO - Sync 1 DAGs
[2024-04-06T05:02:32.748+0000] {logging_mixin.py:188} INFO - [2024-04-06T05:02:32.747+0000] {dag.py:3834} INFO - Setting next_dagrun for tutorial to 2024-04-05 00:00:00+00:00, run_after=2024-04-06 00:00:00+00:00
[2024-04-06T05:02:32.775+0000] {processor.py:183} INFO - Processing /home/airflow/.local/lib/python3.8/site-packages/airflow/example_dags/tutorial.py took 0.092 seconds
