[2024-04-06T05:00:31.595+0000] {processor.py:161} INFO - Started process (PID=75) to work on /home/airflow/.local/lib/python3.8/site-packages/airflow/example_dags/tutorial_taskflow_api.py
[2024-04-06T05:00:31.597+0000] {processor.py:830} INFO - Processing file /home/airflow/.local/lib/python3.8/site-packages/airflow/example_dags/tutorial_taskflow_api.py for tasks to queue
[2024-04-06T05:00:31.600+0000] {logging_mixin.py:188} INFO - [2024-04-06T05:00:31.599+0000] {dagbag.py:540} INFO - Filling up the DagBag from /home/airflow/.local/lib/python3.8/site-packages/airflow/example_dags/tutorial_taskflow_api.py
[2024-04-06T05:00:31.615+0000] {processor.py:840} INFO - DAG(s) 'tutorial_taskflow_api' retrieved from /home/airflow/.local/lib/python3.8/site-packages/airflow/example_dags/tutorial_taskflow_api.py
[2024-04-06T05:00:31.760+0000] {logging_mixin.py:188} INFO - [2024-04-06T05:00:31.759+0000] {override.py:1769} INFO - Created Permission View: can read on DAG:tutorial_taskflow_api
[2024-04-06T05:00:31.774+0000] {logging_mixin.py:188} INFO - [2024-04-06T05:00:31.773+0000] {override.py:1769} INFO - Created Permission View: can edit on DAG:tutorial_taskflow_api
[2024-04-06T05:00:31.807+0000] {logging_mixin.py:188} INFO - [2024-04-06T05:00:31.807+0000] {override.py:1769} INFO - Created Permission View: can delete on DAG:tutorial_taskflow_api
[2024-04-06T05:00:31.808+0000] {logging_mixin.py:188} INFO - [2024-04-06T05:00:31.808+0000] {dag.py:3047} INFO - Sync 1 DAGs
[2024-04-06T05:00:31.822+0000] {logging_mixin.py:188} INFO - [2024-04-06T05:00:31.822+0000] {dag.py:3069} INFO - Creating ORM DAG for tutorial_taskflow_api
[2024-04-06T05:00:31.824+0000] {logging_mixin.py:188} INFO - [2024-04-06T05:00:31.823+0000] {dag.py:3834} INFO - Setting next_dagrun for tutorial_taskflow_api to None, run_after=None
[2024-04-06T05:00:31.853+0000] {processor.py:183} INFO - Processing /home/airflow/.local/lib/python3.8/site-packages/airflow/example_dags/tutorial_taskflow_api.py took 0.261 seconds
[2024-04-06T05:01:01.944+0000] {processor.py:161} INFO - Started process (PID=130) to work on /home/airflow/.local/lib/python3.8/site-packages/airflow/example_dags/tutorial_taskflow_api.py
[2024-04-06T05:01:01.945+0000] {processor.py:830} INFO - Processing file /home/airflow/.local/lib/python3.8/site-packages/airflow/example_dags/tutorial_taskflow_api.py for tasks to queue
[2024-04-06T05:01:01.947+0000] {logging_mixin.py:188} INFO - [2024-04-06T05:01:01.947+0000] {dagbag.py:540} INFO - Filling up the DagBag from /home/airflow/.local/lib/python3.8/site-packages/airflow/example_dags/tutorial_taskflow_api.py
[2024-04-06T05:01:01.954+0000] {processor.py:840} INFO - DAG(s) 'tutorial_taskflow_api' retrieved from /home/airflow/.local/lib/python3.8/site-packages/airflow/example_dags/tutorial_taskflow_api.py
[2024-04-06T05:01:01.978+0000] {logging_mixin.py:188} INFO - [2024-04-06T05:01:01.978+0000] {dag.py:3047} INFO - Sync 1 DAGs
[2024-04-06T05:01:01.993+0000] {logging_mixin.py:188} INFO - [2024-04-06T05:01:01.993+0000] {dag.py:3834} INFO - Setting next_dagrun for tutorial_taskflow_api to None, run_after=None
[2024-04-06T05:01:02.020+0000] {processor.py:183} INFO - Processing /home/airflow/.local/lib/python3.8/site-packages/airflow/example_dags/tutorial_taskflow_api.py took 0.079 seconds
[2024-04-06T05:01:32.500+0000] {processor.py:161} INFO - Started process (PID=186) to work on /home/airflow/.local/lib/python3.8/site-packages/airflow/example_dags/tutorial_taskflow_api.py
[2024-04-06T05:01:32.501+0000] {processor.py:830} INFO - Processing file /home/airflow/.local/lib/python3.8/site-packages/airflow/example_dags/tutorial_taskflow_api.py for tasks to queue
[2024-04-06T05:01:32.503+0000] {logging_mixin.py:188} INFO - [2024-04-06T05:01:32.503+0000] {dagbag.py:540} INFO - Filling up the DagBag from /home/airflow/.local/lib/python3.8/site-packages/airflow/example_dags/tutorial_taskflow_api.py
[2024-04-06T05:01:32.509+0000] {processor.py:840} INFO - DAG(s) 'tutorial_taskflow_api' retrieved from /home/airflow/.local/lib/python3.8/site-packages/airflow/example_dags/tutorial_taskflow_api.py
[2024-04-06T05:01:32.533+0000] {logging_mixin.py:188} INFO - [2024-04-06T05:01:32.533+0000] {dag.py:3047} INFO - Sync 1 DAGs
[2024-04-06T05:01:32.553+0000] {logging_mixin.py:188} INFO - [2024-04-06T05:01:32.553+0000] {dag.py:3834} INFO - Setting next_dagrun for tutorial_taskflow_api to None, run_after=None
[2024-04-06T05:01:32.581+0000] {processor.py:183} INFO - Processing /home/airflow/.local/lib/python3.8/site-packages/airflow/example_dags/tutorial_taskflow_api.py took 0.085 seconds
[2024-04-06T05:02:02.854+0000] {processor.py:161} INFO - Started process (PID=241) to work on /home/airflow/.local/lib/python3.8/site-packages/airflow/example_dags/tutorial_taskflow_api.py
[2024-04-06T05:02:02.855+0000] {processor.py:830} INFO - Processing file /home/airflow/.local/lib/python3.8/site-packages/airflow/example_dags/tutorial_taskflow_api.py for tasks to queue
[2024-04-06T05:02:02.858+0000] {logging_mixin.py:188} INFO - [2024-04-06T05:02:02.858+0000] {dagbag.py:540} INFO - Filling up the DagBag from /home/airflow/.local/lib/python3.8/site-packages/airflow/example_dags/tutorial_taskflow_api.py
[2024-04-06T05:02:02.866+0000] {processor.py:840} INFO - DAG(s) 'tutorial_taskflow_api' retrieved from /home/airflow/.local/lib/python3.8/site-packages/airflow/example_dags/tutorial_taskflow_api.py
[2024-04-06T05:02:02.892+0000] {logging_mixin.py:188} INFO - [2024-04-06T05:02:02.892+0000] {dag.py:3047} INFO - Sync 1 DAGs
[2024-04-06T05:02:02.907+0000] {logging_mixin.py:188} INFO - [2024-04-06T05:02:02.907+0000] {dag.py:3834} INFO - Setting next_dagrun for tutorial_taskflow_api to None, run_after=None
[2024-04-06T05:02:02.933+0000] {processor.py:183} INFO - Processing /home/airflow/.local/lib/python3.8/site-packages/airflow/example_dags/tutorial_taskflow_api.py took 0.084 seconds
[2024-04-06T05:02:33.577+0000] {processor.py:161} INFO - Started process (PID=296) to work on /home/airflow/.local/lib/python3.8/site-packages/airflow/example_dags/tutorial_taskflow_api.py
[2024-04-06T05:02:33.578+0000] {processor.py:830} INFO - Processing file /home/airflow/.local/lib/python3.8/site-packages/airflow/example_dags/tutorial_taskflow_api.py for tasks to queue
[2024-04-06T05:02:33.580+0000] {logging_mixin.py:188} INFO - [2024-04-06T05:02:33.580+0000] {dagbag.py:540} INFO - Filling up the DagBag from /home/airflow/.local/lib/python3.8/site-packages/airflow/example_dags/tutorial_taskflow_api.py
[2024-04-06T05:02:33.586+0000] {processor.py:840} INFO - DAG(s) 'tutorial_taskflow_api' retrieved from /home/airflow/.local/lib/python3.8/site-packages/airflow/example_dags/tutorial_taskflow_api.py
[2024-04-06T05:02:33.609+0000] {logging_mixin.py:188} INFO - [2024-04-06T05:02:33.609+0000] {dag.py:3047} INFO - Sync 1 DAGs
[2024-04-06T05:02:33.625+0000] {logging_mixin.py:188} INFO - [2024-04-06T05:02:33.625+0000] {dag.py:3834} INFO - Setting next_dagrun for tutorial_taskflow_api to None, run_after=None
[2024-04-06T05:02:33.651+0000] {processor.py:183} INFO - Processing /home/airflow/.local/lib/python3.8/site-packages/airflow/example_dags/tutorial_taskflow_api.py took 0.078 seconds
